{"/Users/maximefourna/Code/evenue/src/lib/server/auth.ts": {"path":"/Users/maximefourna/Code/evenue/src/lib/server/auth.ts","statementMap":{"0":{"start":{"line":9,"column":14},"end":{"line":9,"column":null}},"1":{"start":{"line":10,"column":24},"end":{"line":10,"column":null}},"2":{"start":{"line":11,"column":1},"end":{"line":11,"column":null}},"3":{"start":{"line":18,"column":21},"end":{"line":18,"column":null}},"4":{"start":{"line":19,"column":1},"end":{"line":19,"column":null}},"5":{"start":{"line":19,"column":20},"end":{"line":19,"column":null}},"6":{"start":{"line":20,"column":22},"end":{"line":20,"column":null}},"7":{"start":{"line":21,"column":19},"end":{"line":21,"column":null}},"8":{"start":{"line":22,"column":1},"end":{"line":22,"column":null}},"9":{"start":{"line":37,"column":22},"end":{"line":39,"column":null}},"10":{"start":{"line":41,"column":1},"end":{"line":43,"column":null}},"11":{"start":{"line":42,"column":2},"end":{"line":42,"column":null}},"12":{"start":{"line":45,"column":22},"end":{"line":45,"column":null}},"13":{"start":{"line":47,"column":14},"end":{"line":66,"column":null}},"14":{"start":{"line":68,"column":1},"end":{"line":68,"column":null}},"15":{"start":{"line":75,"column":14},"end":{"line":77,"column":null}},"16":{"start":{"line":79,"column":1},"end":{"line":81,"column":null}},"17":{"start":{"line":80,"column":2},"end":{"line":80,"column":null}},"18":{"start":{"line":83,"column":17},"end":{"line":83,"column":null}},"19":{"start":{"line":85,"column":1},"end":{"line":87,"column":null}},"20":{"start":{"line":86,"column":2},"end":{"line":86,"column":null}},"21":{"start":{"line":89,"column":1},"end":{"line":97,"column":null}}},"fnMap":{"0":{"name":"hashPassword","decl":{"start":{"line":8,"column":16},"end":{"line":8,"column":29}},"loc":{"start":{"line":8,"column":55},"end":{"line":12,"column":null}},"line":8},"1":{"name":"verifyPassword","decl":{"start":{"line":17,"column":16},"end":{"line":17,"column":31}},"loc":{"start":{"line":17,"column":78},"end":{"line":23,"column":null}},"line":17},"2":{"name":"registerUser","decl":{"start":{"line":36,"column":22},"end":{"line":36,"column":35}},"loc":{"start":{"line":36,"column":57},"end":{"line":69,"column":null}},"line":36},"3":{"name":"loginUser","decl":{"start":{"line":74,"column":22},"end":{"line":74,"column":32}},"loc":{"start":{"line":74,"column":65},"end":{"line":98,"column":null}},"line":74}},"branchMap":{"0":{"loc":{"start":{"line":19,"column":1},"end":{"line":19,"column":null}},"type":"if","locations":[{"start":{"line":19,"column":1},"end":{"line":19,"column":null}},{"start":{},"end":{}}],"line":19},"1":{"loc":{"start":{"line":19,"column":5},"end":{"line":19,"column":20}},"type":"binary-expr","locations":[{"start":{"line":19,"column":5},"end":{"line":19,"column":14}},{"start":{"line":19,"column":14},"end":{"line":19,"column":20}}],"line":19},"2":{"loc":{"start":{"line":41,"column":1},"end":{"line":43,"column":null}},"type":"if","locations":[{"start":{"line":41,"column":1},"end":{"line":43,"column":null}},{"start":{},"end":{}}],"line":41},"3":{"loc":{"start":{"line":53,"column":9},"end":{"line":53,"column":null}},"type":"binary-expr","locations":[{"start":{"line":53,"column":9},"end":{"line":53,"column":23}},{"start":{"line":53,"column":23},"end":{"line":53,"column":null}}],"line":53},"4":{"loc":{"start":{"line":79,"column":1},"end":{"line":81,"column":null}},"type":"if","locations":[{"start":{"line":79,"column":1},"end":{"line":81,"column":null}},{"start":{},"end":{}}],"line":79},"5":{"loc":{"start":{"line":85,"column":1},"end":{"line":87,"column":null}},"type":"if","locations":[{"start":{"line":85,"column":1},"end":{"line":87,"column":null}},{"start":{},"end":{}}],"line":85}},"s":{"0":6,"1":6,"2":6,"3":4,"4":4,"5":1,"6":3,"7":3,"8":3,"9":2,"10":2,"11":1,"12":1,"13":1,"14":1,"15":2,"16":2,"17":1,"18":1,"19":1,"20":0,"21":1},"f":{"0":6,"1":4,"2":2,"3":2},"b":{"0":[1,3],"1":[4,4],"2":[1,1],"3":[1,0],"4":[1,1],"5":[0,1]},"meta":{"lastBranch":6,"lastFunction":4,"lastStatement":22,"seen":{"f:8:16:8:29":0,"s:9:14:9:Infinity":0,"s:10:24:10:Infinity":1,"s:11:1:11:Infinity":2,"f:17:16:17:31":1,"s:18:21:18:Infinity":3,"b:19:1:19:Infinity:undefined:undefined:undefined:undefined":0,"s:19:1:19:Infinity":4,"b:19:5:19:14:19:14:19:20":1,"s:19:20:19:Infinity":5,"s:20:22:20:Infinity":6,"s:21:19:21:Infinity":7,"s:22:1:22:Infinity":8,"f:36:22:36:35":2,"s:37:22:39:Infinity":9,"b:41:1:43:Infinity:undefined:undefined:undefined:undefined":2,"s:41:1:43:Infinity":10,"s:42:2:42:Infinity":11,"s:45:22:45:Infinity":12,"s:47:14:66:Infinity":13,"b:53:9:53:23:53:23:53:Infinity":3,"s:68:1:68:Infinity":14,"f:74:22:74:32":3,"s:75:14:77:Infinity":15,"b:79:1:81:Infinity:undefined:undefined:undefined:undefined":4,"s:79:1:81:Infinity":16,"s:80:2:80:Infinity":17,"s:83:17:83:Infinity":18,"b:85:1:87:Infinity:undefined:undefined:undefined:undefined":5,"s:85:1:87:Infinity":19,"s:86:2:86:Infinity":20,"s:89:1:97:Infinity":21},"fnNames":{}}}
,"/Users/maximefourna/Code/evenue/src/lib/server/bookings.ts": {"path":"/Users/maximefourna/Code/evenue/src/lib/server/bookings.ts","statementMap":{"0":{"start":{"line":15,"column":15},"end":{"line":15,"column":null}},"1":{"start":{"line":16,"column":13},"end":{"line":16,"column":null}},"2":{"start":{"line":18,"column":1},"end":{"line":20,"column":null}},"3":{"start":{"line":19,"column":2},"end":{"line":19,"column":null}},"4":{"start":{"line":22,"column":1},"end":{"line":24,"column":null}},"5":{"start":{"line":23,"column":2},"end":{"line":23,"column":null}},"6":{"start":{"line":27,"column":17},"end":{"line":30,"column":null}},"7":{"start":{"line":32,"column":1},"end":{"line":34,"column":null}},"8":{"start":{"line":33,"column":2},"end":{"line":33,"column":null}},"9":{"start":{"line":36,"column":1},"end":{"line":40,"column":null}},"10":{"start":{"line":37,"column":2},"end":{"line":39,"column":null}},"11":{"start":{"line":43,"column":22},"end":{"line":43,"column":null}},"12":{"start":{"line":44,"column":1},"end":{"line":46,"column":null}},"13":{"start":{"line":45,"column":2},"end":{"line":45,"column":null}},"14":{"start":{"line":49,"column":21},"end":{"line":52,"column":null}},"15":{"start":{"line":53,"column":20},"end":{"line":53,"column":null}},"16":{"start":{"line":54,"column":21},"end":{"line":54,"column":null}},"17":{"start":{"line":55,"column":22},"end":{"line":55,"column":null}},"18":{"start":{"line":58,"column":22},"end":{"line":62,"column":null}},"19":{"start":{"line":65,"column":17},"end":{"line":79,"column":null}},"20":{"start":{"line":82,"column":19},"end":{"line":87,"column":null}},"21":{"start":{"line":89,"column":16},"end":{"line":96,"column":null}},"22":{"start":{"line":98,"column":1},"end":{"line":108,"column":null}},"23":{"start":{"line":112,"column":1},"end":{"line":121,"column":null}}},"fnMap":{"0":{"name":"createBooking","decl":{"start":{"line":14,"column":22},"end":{"line":14,"column":36}},"loc":{"start":{"line":14,"column":63},"end":{"line":109,"column":null}},"line":14},"1":{"name":"getUserBookings","decl":{"start":{"line":111,"column":22},"end":{"line":111,"column":38}},"loc":{"start":{"line":111,"column":54},"end":{"line":122,"column":null}},"line":111}},"branchMap":{"0":{"loc":{"start":{"line":18,"column":1},"end":{"line":20,"column":null}},"type":"if","locations":[{"start":{"line":18,"column":1},"end":{"line":20,"column":null}},{"start":{},"end":{}}],"line":18},"1":{"loc":{"start":{"line":18,"column":5},"end":{"line":18,"column":53}},"type":"binary-expr","locations":[{"start":{"line":18,"column":5},"end":{"line":18,"column":31}},{"start":{"line":18,"column":31},"end":{"line":18,"column":53}}],"line":18},"2":{"loc":{"start":{"line":22,"column":1},"end":{"line":24,"column":null}},"type":"if","locations":[{"start":{"line":22,"column":1},"end":{"line":24,"column":null}},{"start":{},"end":{}}],"line":22},"3":{"loc":{"start":{"line":32,"column":1},"end":{"line":34,"column":null}},"type":"if","locations":[{"start":{"line":32,"column":1},"end":{"line":34,"column":null}},{"start":{},"end":{}}],"line":32},"4":{"loc":{"start":{"line":36,"column":1},"end":{"line":40,"column":null}},"type":"if","locations":[{"start":{"line":36,"column":1},"end":{"line":40,"column":null}},{"start":{},"end":{}}],"line":36},"5":{"loc":{"start":{"line":44,"column":1},"end":{"line":46,"column":null}},"type":"if","locations":[{"start":{"line":44,"column":1},"end":{"line":46,"column":null}},{"start":{},"end":{}}],"line":44},"6":{"loc":{"start":{"line":45,"column":18},"end":{"line":45,"column":86}},"type":"binary-expr","locations":[{"start":{"line":45,"column":18},"end":{"line":45,"column":41}},{"start":{"line":45,"column":41},"end":{"line":45,"column":86}}],"line":45},"7":{"loc":{"start":{"line":61,"column":2},"end":{"line":61,"column":null}},"type":"binary-expr","locations":[{"start":{"line":61,"column":2},"end":{"line":61,"column":34}},{"start":{"line":61,"column":34},"end":{"line":61,"column":null}}],"line":61},"8":{"loc":{"start":{"line":94,"column":11},"end":{"line":94,"column":null}},"type":"cond-expr","locations":[{"start":{"line":94,"column":43},"end":{"line":94,"column":54}},{"start":{"line":94,"column":54},"end":{"line":94,"column":null}}],"line":94}},"s":{"0":5,"1":5,"2":5,"3":1,"4":4,"5":1,"6":3,"7":3,"8":0,"9":3,"10":1,"11":2,"12":2,"13":1,"14":1,"15":1,"16":1,"17":1,"18":1,"19":1,"20":1,"21":1,"22":1,"23":1},"f":{"0":5,"1":1},"b":{"0":[1,4],"1":[5,4],"2":[1,3],"3":[0,3],"4":[1,2],"5":[1,1],"6":[1,0],"7":[1,0],"8":[1,0]},"meta":{"lastBranch":9,"lastFunction":2,"lastStatement":24,"seen":{"f:14:22:14:36":0,"s:15:15:15:Infinity":0,"s:16:13:16:Infinity":1,"b:18:1:20:Infinity:undefined:undefined:undefined:undefined":0,"s:18:1:20:Infinity":2,"b:18:5:18:31:18:31:18:53":1,"s:19:2:19:Infinity":3,"b:22:1:24:Infinity:undefined:undefined:undefined:undefined":2,"s:22:1:24:Infinity":4,"s:23:2:23:Infinity":5,"s:27:17:30:Infinity":6,"b:32:1:34:Infinity:undefined:undefined:undefined:undefined":3,"s:32:1:34:Infinity":7,"s:33:2:33:Infinity":8,"b:36:1:40:Infinity:undefined:undefined:undefined:undefined":4,"s:36:1:40:Infinity":9,"s:37:2:39:Infinity":10,"s:43:22:43:Infinity":11,"b:44:1:46:Infinity:undefined:undefined:undefined:undefined":5,"s:44:1:46:Infinity":12,"s:45:2:45:Infinity":13,"b:45:18:45:41:45:41:45:86":6,"s:49:21:52:Infinity":14,"s:53:20:53:Infinity":15,"s:54:21:54:Infinity":16,"s:55:22:55:Infinity":17,"s:58:22:62:Infinity":18,"b:61:2:61:34:61:34:61:Infinity":7,"s:65:17:79:Infinity":19,"s:82:19:87:Infinity":20,"s:89:16:96:Infinity":21,"b:94:43:94:54:94:54:94:Infinity":8,"s:98:1:108:Infinity":22,"f:111:22:111:38":1,"s:112:1:121:Infinity":23},"fnNames":{}}}
,"/Users/maximefourna/Code/evenue/src/lib/server/circuit-breaker.ts": {"path":"/Users/maximefourna/Code/evenue/src/lib/server/circuit-breaker.ts","statementMap":{"0":{"start":{"line":25,"column":2},"end":{"line":25,"column":null}},"1":{"start":{"line":26,"column":2},"end":{"line":26,"column":null}},"2":{"start":{"line":31,"column":31},"end":{"line":31,"column":null}},"3":{"start":{"line":32,"column":32},"end":{"line":32,"column":null}},"4":{"start":{"line":33,"column":39},"end":{"line":33,"column":null}},"5":{"start":{"line":42,"column":2},"end":{"line":42,"column":null}},"6":{"start":{"line":43,"column":2},"end":{"line":43,"column":null}},"7":{"start":{"line":44,"column":2},"end":{"line":44,"column":null}},"8":{"start":{"line":45,"column":2},"end":{"line":45,"column":null}},"9":{"start":{"line":46,"column":2},"end":{"line":46,"column":null}},"10":{"start":{"line":50,"column":2},"end":{"line":55,"column":null}},"11":{"start":{"line":51,"column":15},"end":{"line":51,"column":null}},"12":{"start":{"line":52,"column":3},"end":{"line":54,"column":null}},"13":{"start":{"line":53,"column":4},"end":{"line":53,"column":null}},"14":{"start":{"line":56,"column":2},"end":{"line":56,"column":null}},"15":{"start":{"line":60,"column":2},"end":{"line":60,"column":null}},"16":{"start":{"line":64,"column":23},"end":{"line":64,"column":null}},"17":{"start":{"line":66,"column":2},"end":{"line":71,"column":null}},"18":{"start":{"line":67,"column":3},"end":{"line":69,"column":null}},"19":{"start":{"line":68,"column":4},"end":{"line":68,"column":null}},"20":{"start":{"line":70,"column":3},"end":{"line":70,"column":null}},"21":{"start":{"line":73,"column":2},"end":{"line":83,"column":null}},"22":{"start":{"line":74,"column":18},"end":{"line":74,"column":null}},"23":{"start":{"line":75,"column":3},"end":{"line":75,"column":null}},"24":{"start":{"line":76,"column":3},"end":{"line":76,"column":null}},"25":{"start":{"line":78,"column":3},"end":{"line":78,"column":null}},"26":{"start":{"line":79,"column":3},"end":{"line":81,"column":null}},"27":{"start":{"line":80,"column":4},"end":{"line":80,"column":null}},"28":{"start":{"line":82,"column":3},"end":{"line":82,"column":null}},"29":{"start":{"line":87,"column":2},"end":{"line":90,"column":null}},"30":{"start":{"line":88,"column":3},"end":{"line":88,"column":null}},"31":{"start":{"line":89,"column":3},"end":{"line":89,"column":null}},"32":{"start":{"line":94,"column":2},"end":{"line":94,"column":null}},"33":{"start":{"line":95,"column":2},"end":{"line":97,"column":null}},"34":{"start":{"line":96,"column":3},"end":{"line":96,"column":null}},"35":{"start":{"line":101,"column":2},"end":{"line":133,"column":null}},"36":{"start":{"line":102,"column":20},"end":{"line":102,"column":null}},"37":{"start":{"line":103,"column":3},"end":{"line":103,"column":null}},"38":{"start":{"line":104,"column":3},"end":{"line":104,"column":null}},"39":{"start":{"line":108,"column":3},"end":{"line":108,"column":null}},"40":{"start":{"line":109,"column":3},"end":{"line":111,"column":null}},"41":{"start":{"line":110,"column":4},"end":{"line":110,"column":null}},"42":{"start":{"line":113,"column":3},"end":{"line":128,"column":null}},"43":{"start":{"line":114,"column":4},"end":{"line":117,"column":null}},"44":{"start":{"line":118,"column":10},"end":{"line":128,"column":null}},"45":{"start":{"line":119,"column":4},"end":{"line":122,"column":null}},"46":{"start":{"line":123,"column":10},"end":{"line":128,"column":null}},"47":{"start":{"line":124,"column":4},"end":{"line":127,"column":null}},"48":{"start":{"line":130,"column":3},"end":{"line":132,"column":null}},"49":{"start":{"line":131,"column":4},"end":{"line":131,"column":null}},"50":{"start":{"line":137,"column":2},"end":{"line":137,"column":null}},"51":{"start":{"line":138,"column":2},"end":{"line":138,"column":null}}},"fnMap":{"0":{"name":"constructor","decl":{"start":{"line":24,"column":1},"end":{"line":24,"column":13}},"loc":{"start":{"line":24,"column":87},"end":{"line":27,"column":null}},"line":24},"1":{"name":"constructor_2","decl":{"start":{"line":41,"column":1},"end":{"line":41,"column":13}},"loc":{"start":{"line":41,"column":53},"end":{"line":47,"column":null}},"line":41},"2":{"name":"getState","decl":{"start":{"line":49,"column":1},"end":{"line":49,"column":8}},"loc":{"start":{"line":49,"column":33},"end":{"line":57,"column":null}},"line":49},"3":{"name":"getFailureCount","decl":{"start":{"line":59,"column":1},"end":{"line":59,"column":8}},"loc":{"start":{"line":59,"column":34},"end":{"line":61,"column":null}},"line":59},"4":{"name":"execute","decl":{"start":{"line":63,"column":14},"end":{"line":63,"column":22}},"loc":{"start":{"line":63,"column":60},"end":{"line":84,"column":null}},"line":63},"5":{"name":"onSuccess","decl":{"start":{"line":86,"column":1},"end":{"line":86,"column":9}},"loc":{"start":{"line":86,"column":27},"end":{"line":91,"column":null}},"line":86},"6":{"name":"onFailure","decl":{"start":{"line":93,"column":1},"end":{"line":93,"column":9}},"loc":{"start":{"line":93,"column":27},"end":{"line":98,"column":null}},"line":93},"7":{"name":"transitionTo","decl":{"start":{"line":100,"column":1},"end":{"line":100,"column":9}},"loc":{"start":{"line":100,"column":52},"end":{"line":134,"column":null}},"line":100},"8":{"name":"reset","decl":{"start":{"line":136,"column":1},"end":{"line":136,"column":8}},"loc":{"start":{"line":136,"column":22},"end":{"line":139,"column":null}},"line":136}},"branchMap":{"0":{"loc":{"start":{"line":24,"column":13},"end":{"line":24,"column":87}},"type":"default-arg","locations":[{"start":{"line":24,"column":31},"end":{"line":24,"column":87}}],"line":24},"1":{"loc":{"start":{"line":41,"column":13},"end":{"line":41,"column":53}},"type":"default-arg","locations":[{"start":{"line":41,"column":49},"end":{"line":41,"column":53}}],"line":41},"2":{"loc":{"start":{"line":42,"column":17},"end":{"line":42,"column":null}},"type":"binary-expr","locations":[{"start":{"line":42,"column":17},"end":{"line":42,"column":36}},{"start":{"line":42,"column":36},"end":{"line":42,"column":null}}],"line":42},"3":{"loc":{"start":{"line":43,"column":26},"end":{"line":43,"column":null}},"type":"binary-expr","locations":[{"start":{"line":43,"column":26},"end":{"line":43,"column":54}},{"start":{"line":43,"column":54},"end":{"line":43,"column":null}}],"line":43},"4":{"loc":{"start":{"line":44,"column":24},"end":{"line":44,"column":null}},"type":"binary-expr","locations":[{"start":{"line":44,"column":24},"end":{"line":44,"column":50}},{"start":{"line":44,"column":50},"end":{"line":44,"column":null}}],"line":44},"5":{"loc":{"start":{"line":50,"column":2},"end":{"line":55,"column":null}},"type":"if","locations":[{"start":{"line":50,"column":2},"end":{"line":55,"column":null}},{"start":{},"end":{}}],"line":50},"6":{"loc":{"start":{"line":52,"column":3},"end":{"line":54,"column":null}},"type":"if","locations":[{"start":{"line":52,"column":3},"end":{"line":54,"column":null}},{"start":{},"end":{}}],"line":52},"7":{"loc":{"start":{"line":66,"column":2},"end":{"line":71,"column":null}},"type":"if","locations":[{"start":{"line":66,"column":2},"end":{"line":71,"column":null}},{"start":{},"end":{}}],"line":66},"8":{"loc":{"start":{"line":67,"column":3},"end":{"line":69,"column":null}},"type":"if","locations":[{"start":{"line":67,"column":3},"end":{"line":69,"column":null}},{"start":{},"end":{}}],"line":67},"9":{"loc":{"start":{"line":79,"column":3},"end":{"line":81,"column":null}},"type":"if","locations":[{"start":{"line":79,"column":3},"end":{"line":81,"column":null}},{"start":{},"end":{}}],"line":79},"10":{"loc":{"start":{"line":87,"column":2},"end":{"line":90,"column":null}},"type":"if","locations":[{"start":{"line":87,"column":2},"end":{"line":90,"column":null}},{"start":{},"end":{}}],"line":87},"11":{"loc":{"start":{"line":87,"column":6},"end":{"line":87,"column":59}},"type":"binary-expr","locations":[{"start":{"line":87,"column":6},"end":{"line":87,"column":36}},{"start":{"line":87,"column":36},"end":{"line":87,"column":59}}],"line":87},"12":{"loc":{"start":{"line":95,"column":2},"end":{"line":97,"column":null}},"type":"if","locations":[{"start":{"line":95,"column":2},"end":{"line":97,"column":null}},{"start":{},"end":{}}],"line":95},"13":{"loc":{"start":{"line":95,"column":6},"end":{"line":95,"column":80}},"type":"binary-expr","locations":[{"start":{"line":95,"column":6},"end":{"line":95,"column":36}},{"start":{"line":95,"column":36},"end":{"line":95,"column":80}}],"line":95},"14":{"loc":{"start":{"line":101,"column":2},"end":{"line":133,"column":null}},"type":"if","locations":[{"start":{"line":101,"column":2},"end":{"line":133,"column":null}},{"start":{},"end":{}}],"line":101},"15":{"loc":{"start":{"line":109,"column":3},"end":{"line":111,"column":null}},"type":"if","locations":[{"start":{"line":109,"column":3},"end":{"line":111,"column":null}},{"start":{},"end":{}}],"line":109},"16":{"loc":{"start":{"line":113,"column":3},"end":{"line":128,"column":null}},"type":"if","locations":[{"start":{"line":113,"column":3},"end":{"line":128,"column":null}},{"start":{"line":118,"column":10},"end":{"line":128,"column":null}}],"line":113},"17":{"loc":{"start":{"line":118,"column":10},"end":{"line":128,"column":null}},"type":"if","locations":[{"start":{"line":118,"column":10},"end":{"line":128,"column":null}},{"start":{"line":123,"column":10},"end":{"line":128,"column":null}}],"line":118},"18":{"loc":{"start":{"line":123,"column":10},"end":{"line":128,"column":null}},"type":"if","locations":[{"start":{"line":123,"column":10},"end":{"line":128,"column":null}},{"start":{},"end":{}}],"line":123},"19":{"loc":{"start":{"line":123,"column":14},"end":{"line":123,"column":62}},"type":"binary-expr","locations":[{"start":{"line":123,"column":14},"end":{"line":123,"column":39}},{"start":{"line":123,"column":39},"end":{"line":123,"column":62}}],"line":123},"20":{"loc":{"start":{"line":130,"column":3},"end":{"line":132,"column":null}},"type":"if","locations":[{"start":{"line":130,"column":3},"end":{"line":132,"column":null}},{"start":{},"end":{}}],"line":130}},"s":{"0":1,"1":1,"2":7,"3":7,"4":7,"5":7,"6":7,"7":7,"8":7,"9":7,"10":22,"11":8,"12":8,"13":2,"14":22,"15":2,"16":12,"17":12,"18":2,"19":1,"20":1,"21":10,"22":10,"23":3,"24":3,"25":7,"26":7,"27":1,"28":6,"29":3,"30":1,"31":1,"32":7,"33":7,"34":5,"35":8,"36":8,"37":8,"38":8,"39":8,"40":8,"41":5,"42":8,"43":5,"44":3,"45":2,"46":1,"47":1,"48":8,"49":1,"50":0,"51":0},"f":{"0":1,"1":7,"2":22,"3":2,"4":12,"5":3,"6":7,"7":8,"8":0},"b":{"0":[1],"1":[7],"2":[7,6],"3":[7,1],"4":[7,4],"5":[8,14],"6":[2,6],"7":[2,10],"8":[1,1],"9":[1,6],"10":[1,2],"11":[3,2],"12":[5,2],"13":[7,7],"14":[8,0],"15":[5,3],"16":[5,3],"17":[2,1],"18":[1,0],"19":[1,1],"20":[1,7]},"meta":{"lastBranch":21,"lastFunction":9,"lastStatement":52,"seen":{"f:24:1:24:13":0,"b:24:31:24:87":0,"s:25:2:25:Infinity":0,"s:26:2:26:Infinity":1,"s:31:31:31:Infinity":2,"s:32:32:32:Infinity":3,"s:33:39:33:Infinity":4,"f:41:1:41:13":1,"b:41:49:41:53":1,"s:42:2:42:Infinity":5,"b:42:17:42:36:42:36:42:Infinity":2,"s:43:2:43:Infinity":6,"b:43:26:43:54:43:54:43:Infinity":3,"s:44:2:44:Infinity":7,"b:44:24:44:50:44:50:44:Infinity":4,"s:45:2:45:Infinity":8,"s:46:2:46:Infinity":9,"f:49:1:49:8":2,"b:50:2:55:Infinity:undefined:undefined:undefined:undefined":5,"s:50:2:55:Infinity":10,"s:51:15:51:Infinity":11,"b:52:3:54:Infinity:undefined:undefined:undefined:undefined":6,"s:52:3:54:Infinity":12,"s:53:4:53:Infinity":13,"s:56:2:56:Infinity":14,"f:59:1:59:8":3,"s:60:2:60:Infinity":15,"f:63:14:63:22":4,"s:64:23:64:Infinity":16,"b:66:2:71:Infinity:undefined:undefined:undefined:undefined":7,"s:66:2:71:Infinity":17,"b:67:3:69:Infinity:undefined:undefined:undefined:undefined":8,"s:67:3:69:Infinity":18,"s:68:4:68:Infinity":19,"s:70:3:70:Infinity":20,"s:73:2:83:Infinity":21,"s:74:18:74:Infinity":22,"s:75:3:75:Infinity":23,"s:76:3:76:Infinity":24,"s:78:3:78:Infinity":25,"b:79:3:81:Infinity:undefined:undefined:undefined:undefined":9,"s:79:3:81:Infinity":26,"s:80:4:80:Infinity":27,"s:82:3:82:Infinity":28,"f:86:1:86:9":5,"b:87:2:90:Infinity:undefined:undefined:undefined:undefined":10,"s:87:2:90:Infinity":29,"b:87:6:87:36:87:36:87:59":11,"s:88:3:88:Infinity":30,"s:89:3:89:Infinity":31,"f:93:1:93:9":6,"s:94:2:94:Infinity":32,"b:95:2:97:Infinity:undefined:undefined:undefined:undefined":12,"s:95:2:97:Infinity":33,"b:95:6:95:36:95:36:95:80":13,"s:96:3:96:Infinity":34,"f:100:1:100:9":7,"b:101:2:133:Infinity:undefined:undefined:undefined:undefined":14,"s:101:2:133:Infinity":35,"s:102:20:102:Infinity":36,"s:103:3:103:Infinity":37,"s:104:3:104:Infinity":38,"s:108:3:108:Infinity":39,"b:109:3:111:Infinity:undefined:undefined:undefined:undefined":15,"s:109:3:111:Infinity":40,"s:110:4:110:Infinity":41,"b:113:3:128:Infinity:118:10:128:Infinity":16,"s:113:3:128:Infinity":42,"s:114:4:117:Infinity":43,"b:118:10:128:Infinity:123:10:128:Infinity":17,"s:118:10:128:Infinity":44,"s:119:4:122:Infinity":45,"b:123:10:128:Infinity:undefined:undefined:undefined:undefined":18,"s:123:10:128:Infinity":46,"b:123:14:123:39:123:39:123:62":19,"s:124:4:127:Infinity":47,"b:130:3:132:Infinity:undefined:undefined:undefined:undefined":20,"s:130:3:132:Infinity":48,"s:131:4:131:Infinity":49,"f:136:1:136:8":8,"s:137:2:137:Infinity":50,"s:138:2:138:Infinity":51},"fnNames":{}}}
,"/Users/maximefourna/Code/evenue/src/lib/server/claims.ts": {"path":"/Users/maximefourna/Code/evenue/src/lib/server/claims.ts","statementMap":{"0":{"start":{"line":27,"column":1},"end":{"line":29,"column":null}},"1":{"start":{"line":28,"column":2},"end":{"line":28,"column":null}},"2":{"start":{"line":31,"column":1},"end":{"line":33,"column":null}},"3":{"start":{"line":32,"column":2},"end":{"line":32,"column":null}},"4":{"start":{"line":36,"column":17},"end":{"line":42,"column":null}},"5":{"start":{"line":44,"column":1},"end":{"line":46,"column":null}},"6":{"start":{"line":45,"column":2},"end":{"line":45,"column":null}},"7":{"start":{"line":49,"column":1},"end":{"line":51,"column":null}},"8":{"start":{"line":50,"column":2},"end":{"line":50,"column":null}},"9":{"start":{"line":54,"column":13},"end":{"line":54,"column":null}},"10":{"start":{"line":55,"column":18},"end":{"line":55,"column":null}},"11":{"start":{"line":56,"column":7},"end":{"line":56,"column":null}},"12":{"start":{"line":58,"column":1},"end":{"line":62,"column":null}},"13":{"start":{"line":59,"column":2},"end":{"line":61,"column":null}},"14":{"start":{"line":64,"column":1},"end":{"line":66,"column":null}},"15":{"start":{"line":65,"column":2},"end":{"line":65,"column":null}},"16":{"start":{"line":68,"column":1},"end":{"line":70,"column":null}},"17":{"start":{"line":69,"column":2},"end":{"line":69,"column":null}},"18":{"start":{"line":73,"column":23},"end":{"line":76,"column":null}},"19":{"start":{"line":79,"column":1},"end":{"line":82,"column":null}},"20":{"start":{"line":86,"column":21},"end":{"line":86,"column":null}},"21":{"start":{"line":89,"column":15},"end":{"line":109,"column":null}},"22":{"start":{"line":111,"column":1},"end":{"line":119,"column":null}},"23":{"start":{"line":126,"column":1},"end":{"line":128,"column":null}},"24":{"start":{"line":127,"column":2},"end":{"line":127,"column":null}},"25":{"start":{"line":130,"column":15},"end":{"line":135,"column":null}},"26":{"start":{"line":137,"column":1},"end":{"line":139,"column":null}},"27":{"start":{"line":138,"column":2},"end":{"line":138,"column":null}},"28":{"start":{"line":142,"column":1},"end":{"line":144,"column":null}},"29":{"start":{"line":143,"column":2},"end":{"line":143,"column":null}},"30":{"start":{"line":146,"column":1},"end":{"line":148,"column":null}},"31":{"start":{"line":147,"column":2},"end":{"line":147,"column":null}},"32":{"start":{"line":150,"column":22},"end":{"line":170,"column":null}},"33":{"start":{"line":172,"column":1},"end":{"line":172,"column":null}},"34":{"start":{"line":179,"column":15},"end":{"line":184,"column":null}},"35":{"start":{"line":186,"column":1},"end":{"line":186,"column":null}},"36":{"start":{"line":196,"column":17},"end":{"line":210,"column":null}},"37":{"start":{"line":212,"column":1},"end":{"line":214,"column":null}},"38":{"start":{"line":213,"column":2},"end":{"line":213,"column":null}},"39":{"start":{"line":216,"column":16},"end":{"line":216,"column":null}},"40":{"start":{"line":217,"column":17},"end":{"line":217,"column":null}},"41":{"start":{"line":218,"column":15},"end":{"line":218,"column":null}},"42":{"start":{"line":219,"column":14},"end":{"line":219,"column":null}},"43":{"start":{"line":221,"column":7},"end":{"line":226,"column":null}},"44":{"start":{"line":222,"column":2},"end":{"line":226,"column":null}},"45":{"start":{"line":228,"column":1},"end":{"line":278,"column":null}}},"fnMap":{"0":{"name":"submitClaim","decl":{"start":{"line":26,"column":22},"end":{"line":26,"column":34}},"loc":{"start":{"line":26,"column":81},"end":{"line":120,"column":null}},"line":26},"1":{"name":"disputeClaim","decl":{"start":{"line":125,"column":22},"end":{"line":125,"column":35}},"loc":{"start":{"line":125,"column":61},"end":{"line":173,"column":null}},"line":125},"2":{"name":"getClaimByBookingId","decl":{"start":{"line":178,"column":22},"end":{"line":178,"column":42}},"loc":{"start":{"line":178,"column":61},"end":{"line":187,"column":null}},"line":178},"3":{"name":"generateWakamCertificateHTML","decl":{"start":{"line":192,"column":22},"end":{"line":192,"column":null}},"loc":{"start":{"line":195,"column":19},"end":{"line":322,"column":null}},"line":195},"4":{"name":"(anonymous_4)","decl":{"start":{"line":221,"column":7},"end":{"line":221,"column":21}},"loc":{"start":{"line":222,"column":2},"end":{"line":226,"column":null}},"line":222}},"branchMap":{"0":{"loc":{"start":{"line":27,"column":1},"end":{"line":29,"column":null}},"type":"if","locations":[{"start":{"line":27,"column":1},"end":{"line":29,"column":null}},{"start":{},"end":{}}],"line":27},"1":{"loc":{"start":{"line":27,"column":5},"end":{"line":27,"column":65}},"type":"binary-expr","locations":[{"start":{"line":27,"column":5},"end":{"line":27,"column":27}},{"start":{"line":27,"column":27},"end":{"line":27,"column":65}}],"line":27},"2":{"loc":{"start":{"line":31,"column":1},"end":{"line":33,"column":null}},"type":"if","locations":[{"start":{"line":31,"column":1},"end":{"line":33,"column":null}},{"start":{},"end":{}}],"line":31},"3":{"loc":{"start":{"line":44,"column":1},"end":{"line":46,"column":null}},"type":"if","locations":[{"start":{"line":44,"column":1},"end":{"line":46,"column":null}},{"start":{},"end":{}}],"line":44},"4":{"loc":{"start":{"line":49,"column":1},"end":{"line":51,"column":null}},"type":"if","locations":[{"start":{"line":49,"column":1},"end":{"line":51,"column":null}},{"start":{},"end":{}}],"line":49},"5":{"loc":{"start":{"line":58,"column":1},"end":{"line":62,"column":null}},"type":"if","locations":[{"start":{"line":58,"column":1},"end":{"line":62,"column":null}},{"start":{},"end":{}}],"line":58},"6":{"loc":{"start":{"line":64,"column":1},"end":{"line":66,"column":null}},"type":"if","locations":[{"start":{"line":64,"column":1},"end":{"line":66,"column":null}},{"start":{},"end":{}}],"line":64},"7":{"loc":{"start":{"line":68,"column":1},"end":{"line":70,"column":null}},"type":"if","locations":[{"start":{"line":68,"column":1},"end":{"line":70,"column":null}},{"start":{},"end":{}}],"line":68},"8":{"loc":{"start":{"line":98,"column":17},"end":{"line":98,"column":null}},"type":"binary-expr","locations":[{"start":{"line":98,"column":17},"end":{"line":98,"column":39}},{"start":{"line":98,"column":39},"end":{"line":98,"column":null}}],"line":98},"9":{"loc":{"start":{"line":126,"column":1},"end":{"line":128,"column":null}},"type":"if","locations":[{"start":{"line":126,"column":1},"end":{"line":128,"column":null}},{"start":{},"end":{}}],"line":126},"10":{"loc":{"start":{"line":126,"column":5},"end":{"line":126,"column":69}},"type":"binary-expr","locations":[{"start":{"line":126,"column":5},"end":{"line":126,"column":29}},{"start":{"line":126,"column":29},"end":{"line":126,"column":69}}],"line":126},"11":{"loc":{"start":{"line":137,"column":1},"end":{"line":139,"column":null}},"type":"if","locations":[{"start":{"line":137,"column":1},"end":{"line":139,"column":null}},{"start":{},"end":{}}],"line":137},"12":{"loc":{"start":{"line":142,"column":1},"end":{"line":144,"column":null}},"type":"if","locations":[{"start":{"line":142,"column":1},"end":{"line":144,"column":null}},{"start":{},"end":{}}],"line":142},"13":{"loc":{"start":{"line":146,"column":1},"end":{"line":148,"column":null}},"type":"if","locations":[{"start":{"line":146,"column":1},"end":{"line":148,"column":null}},{"start":{},"end":{}}],"line":146},"14":{"loc":{"start":{"line":155,"column":24},"end":{"line":155,"column":null}},"type":"binary-expr","locations":[{"start":{"line":155,"column":24},"end":{"line":155,"column":53}},{"start":{"line":155,"column":53},"end":{"line":155,"column":null}}],"line":155},"15":{"loc":{"start":{"line":212,"column":1},"end":{"line":214,"column":null}},"type":"if","locations":[{"start":{"line":212,"column":1},"end":{"line":214,"column":null}},{"start":{},"end":{}}],"line":212},"16":{"loc":{"start":{"line":212,"column":5},"end":{"line":212,"column":43}},"type":"binary-expr","locations":[{"start":{"line":212,"column":5},"end":{"line":212,"column":17}},{"start":{"line":212,"column":17},"end":{"line":212,"column":43}}],"line":212}},"s":{"0":3,"1":0,"2":3,"3":0,"4":3,"5":3,"6":0,"7":3,"8":1,"9":2,"10":2,"11":2,"12":2,"13":0,"14":2,"15":1,"16":1,"17":0,"18":1,"19":1,"20":1,"21":1,"22":1,"23":2,"24":0,"25":2,"26":2,"27":0,"28":2,"29":1,"30":1,"31":0,"32":1,"33":1,"34":1,"35":1,"36":1,"37":1,"38":0,"39":1,"40":1,"41":1,"42":1,"43":1,"44":2,"45":1},"f":{"0":3,"1":2,"2":1,"3":1,"4":2},"b":{"0":[0,3],"1":[3,3],"2":[0,3],"3":[0,3],"4":[1,2],"5":[0,2],"6":[1,1],"7":[0,1],"8":[1,1],"9":[0,2],"10":[2,2],"11":[0,2],"12":[1,1],"13":[0,1],"14":[1,0],"15":[0,1],"16":[1,1]},"meta":{"lastBranch":17,"lastFunction":5,"lastStatement":46,"seen":{"f:26:22:26:34":0,"b:27:1:29:Infinity:undefined:undefined:undefined:undefined":0,"s:27:1:29:Infinity":0,"b:27:5:27:27:27:27:27:65":1,"s:28:2:28:Infinity":1,"b:31:1:33:Infinity:undefined:undefined:undefined:undefined":2,"s:31:1:33:Infinity":2,"s:32:2:32:Infinity":3,"s:36:17:42:Infinity":4,"b:44:1:46:Infinity:undefined:undefined:undefined:undefined":3,"s:44:1:46:Infinity":5,"s:45:2:45:Infinity":6,"b:49:1:51:Infinity:undefined:undefined:undefined:undefined":4,"s:49:1:51:Infinity":7,"s:50:2:50:Infinity":8,"s:54:13:54:Infinity":9,"s:55:18:55:Infinity":10,"s:56:7:56:Infinity":11,"b:58:1:62:Infinity:undefined:undefined:undefined:undefined":5,"s:58:1:62:Infinity":12,"s:59:2:61:Infinity":13,"b:64:1:66:Infinity:undefined:undefined:undefined:undefined":6,"s:64:1:66:Infinity":14,"s:65:2:65:Infinity":15,"b:68:1:70:Infinity:undefined:undefined:undefined:undefined":7,"s:68:1:70:Infinity":16,"s:69:2:69:Infinity":17,"s:73:23:76:Infinity":18,"s:79:1:82:Infinity":19,"s:86:21:86:Infinity":20,"s:89:15:109:Infinity":21,"b:98:17:98:39:98:39:98:Infinity":8,"s:111:1:119:Infinity":22,"f:125:22:125:35":1,"b:126:1:128:Infinity:undefined:undefined:undefined:undefined":9,"s:126:1:128:Infinity":23,"b:126:5:126:29:126:29:126:69":10,"s:127:2:127:Infinity":24,"s:130:15:135:Infinity":25,"b:137:1:139:Infinity:undefined:undefined:undefined:undefined":11,"s:137:1:139:Infinity":26,"s:138:2:138:Infinity":27,"b:142:1:144:Infinity:undefined:undefined:undefined:undefined":12,"s:142:1:144:Infinity":28,"s:143:2:143:Infinity":29,"b:146:1:148:Infinity:undefined:undefined:undefined:undefined":13,"s:146:1:148:Infinity":30,"s:147:2:147:Infinity":31,"s:150:22:170:Infinity":32,"b:155:24:155:53:155:53:155:Infinity":14,"s:172:1:172:Infinity":33,"f:178:22:178:42":2,"s:179:15:184:Infinity":34,"s:186:1:186:Infinity":35,"f:192:22:192:Infinity":3,"s:196:17:210:Infinity":36,"b:212:1:214:Infinity:undefined:undefined:undefined:undefined":15,"s:212:1:214:Infinity":37,"b:212:5:212:17:212:17:212:43":16,"s:213:2:213:Infinity":38,"s:216:16:216:Infinity":39,"s:217:17:217:Infinity":40,"s:218:15:218:Infinity":41,"s:219:14:219:Infinity":42,"s:221:7:226:Infinity":43,"f:221:7:221:21":4,"s:222:2:226:Infinity":44,"s:228:1:278:Infinity":45},"fnNames":{}}}
,"/Users/maximefourna/Code/evenue/src/lib/server/dashboard.ts": {"path":"/Users/maximefourna/Code/evenue/src/lib/server/dashboard.ts","statementMap":{"0":{"start":{"line":59,"column":13},"end":{"line":59,"column":null}},"1":{"start":{"line":62,"column":18},"end":{"line":80,"column":null}},"2":{"start":{"line":83,"column":36},"end":{"line":83,"column":null}},"3":{"start":{"line":84,"column":48},"end":{"line":84,"column":null}},"4":{"start":{"line":86,"column":1},"end":{"line":143,"column":null}},"5":{"start":{"line":87,"column":22},"end":{"line":99,"column":null}},"6":{"start":{"line":101,"column":2},"end":{"line":113,"column":null}},"7":{"start":{"line":101,"column":67},"end":{"line":113,"column":4}},"8":{"start":{"line":110,"column":50},"end":{"line":110,"column":null}},"9":{"start":{"line":116,"column":2},"end":{"line":142,"column":null}},"10":{"start":{"line":146,"column":26},"end":{"line":148,"column":null}},"11":{"start":{"line":147,"column":36},"end":{"line":147,"column":null}},"12":{"start":{"line":149,"column":20},"end":{"line":151,"column":null}},"13":{"start":{"line":150,"column":44},"end":{"line":150,"column":96}},"14":{"start":{"line":151,"column":57},"end":{"line":151,"column":77}},"15":{"start":{"line":152,"column":23},"end":{"line":155,"column":null}},"16":{"start":{"line":153,"column":40},"end":{"line":153,"column":null}},"17":{"start":{"line":157,"column":1},"end":{"line":168,"column":null}},"18":{"start":{"line":176,"column":17},"end":{"line":182,"column":null}},"19":{"start":{"line":184,"column":1},"end":{"line":186,"column":null}},"20":{"start":{"line":185,"column":2},"end":{"line":185,"column":null}},"21":{"start":{"line":188,"column":1},"end":{"line":191,"column":null}},"22":{"start":{"line":193,"column":1},"end":{"line":193,"column":null}}},"fnMap":{"0":{"name":"getDashboardData","decl":{"start":{"line":58,"column":22},"end":{"line":58,"column":39}},"loc":{"start":{"line":58,"column":97},"end":{"line":169,"column":null}},"line":58},"1":{"name":"(anonymous_1)","decl":{"start":{"line":101,"column":25},"end":{"line":101,"column":30}},"loc":{"start":{"line":101,"column":67},"end":{"line":113,"column":4}},"line":101},"2":{"name":"(anonymous_2)","decl":{"start":{"line":109,"column":28},"end":{"line":109,"column":null}},"loc":{"start":{"line":110,"column":50},"end":{"line":110,"column":null}},"line":110},"3":{"name":"(anonymous_3)","decl":{"start":{"line":146,"column":35},"end":{"line":146,"column":null}},"loc":{"start":{"line":147,"column":36},"end":{"line":147,"column":null}},"line":147},"4":{"name":"(anonymous_4)","decl":{"start":{"line":150,"column":3},"end":{"line":150,"column":11}},"loc":{"start":{"line":150,"column":44},"end":{"line":150,"column":96}},"line":150},"5":{"name":"(anonymous_5)","decl":{"start":{"line":151,"column":3},"end":{"line":151,"column":11}},"loc":{"start":{"line":151,"column":57},"end":{"line":151,"column":77}},"line":151},"6":{"name":"(anonymous_6)","decl":{"start":{"line":152,"column":32},"end":{"line":152,"column":null}},"loc":{"start":{"line":153,"column":40},"end":{"line":153,"column":null}},"line":153},"7":{"name":"cancelBooking","decl":{"start":{"line":175,"column":22},"end":{"line":175,"column":36}},"loc":{"start":{"line":175,"column":89},"end":{"line":194,"column":null}},"line":175}},"branchMap":{"0":{"loc":{"start":{"line":86,"column":1},"end":{"line":143,"column":null}},"type":"if","locations":[{"start":{"line":86,"column":1},"end":{"line":143,"column":null}},{"start":{},"end":{}}],"line":86},"1":{"loc":{"start":{"line":150,"column":44},"end":{"line":150,"column":96}},"type":"binary-expr","locations":[{"start":{"line":150,"column":44},"end":{"line":150,"column":72}},{"start":{"line":150,"column":72},"end":{"line":150,"column":96}}],"line":150},"2":{"loc":{"start":{"line":184,"column":1},"end":{"line":186,"column":null}},"type":"if","locations":[{"start":{"line":184,"column":1},"end":{"line":186,"column":null}},{"start":{},"end":{}}],"line":184}},"s":{"0":2,"1":2,"2":2,"3":2,"4":2,"5":1,"6":1,"7":1,"8":2,"9":1,"10":2,"11":2,"12":2,"13":2,"14":2,"15":2,"16":1,"17":2,"18":2,"19":2,"20":1,"21":1,"22":1},"f":{"0":2,"1":1,"2":2,"3":2,"4":2,"5":2,"6":1,"7":2},"b":{"0":[1,1],"1":[2,0],"2":[1,1]},"meta":{"lastBranch":3,"lastFunction":8,"lastStatement":23,"seen":{"f:58:22:58:39":0,"s:59:13:59:Infinity":0,"s:62:18:80:Infinity":1,"s:83:36:83:Infinity":2,"s:84:48:84:Infinity":3,"b:86:1:143:Infinity:undefined:undefined:undefined:undefined":0,"s:86:1:143:Infinity":4,"s:87:22:99:Infinity":5,"s:101:2:113:Infinity":6,"f:101:25:101:30":1,"s:101:67:113:4":7,"f:109:28:109:Infinity":2,"s:110:50:110:Infinity":8,"s:116:2:142:Infinity":9,"s:146:26:148:Infinity":10,"f:146:35:146:Infinity":3,"s:147:36:147:Infinity":11,"s:149:20:151:Infinity":12,"f:150:3:150:11":4,"s:150:44:150:96":13,"b:150:44:150:72:150:72:150:96":1,"f:151:3:151:11":5,"s:151:57:151:77":14,"s:152:23:155:Infinity":15,"f:152:32:152:Infinity":6,"s:153:40:153:Infinity":16,"s:157:1:168:Infinity":17,"f:175:22:175:36":7,"s:176:17:182:Infinity":18,"b:184:1:186:Infinity:undefined:undefined:undefined:undefined":2,"s:184:1:186:Infinity":19,"s:185:2:185:Infinity":20,"s:188:1:191:Infinity":21,"s:193:1:193:Infinity":22},"fnNames":{}}}
,"/Users/maximefourna/Code/evenue/src/lib/server/ical.ts": {"path":"/Users/maximefourna/Code/evenue/src/lib/server/ical.ts","statementMap":{"0":{"start":{"line":19,"column":17},"end":{"line":28,"column":null}},"1":{"start":{"line":30,"column":1},"end":{"line":32,"column":null}},"2":{"start":{"line":31,"column":2},"end":{"line":31,"column":null}},"3":{"start":{"line":34,"column":7},"end":{"line":40,"column":null}},"4":{"start":{"line":35,"column":12},"end":{"line":35,"column":null}},"5":{"start":{"line":36,"column":15},"end":{"line":36,"column":null}},"6":{"start":{"line":37,"column":16},"end":{"line":37,"column":null}},"7":{"start":{"line":38,"column":14},"end":{"line":38,"column":null}},"8":{"start":{"line":39,"column":2},"end":{"line":39,"column":null}},"9":{"start":{"line":42,"column":7},"end":{"line":44,"column":null}},"10":{"start":{"line":43,"column":2},"end":{"line":43,"column":null}},"11":{"start":{"line":46,"column":14},"end":{"line":53,"column":null}},"12":{"start":{"line":55,"column":1},"end":{"line":67,"column":null}},"13":{"start":{"line":56,"column":2},"end":{"line":66,"column":null}},"14":{"start":{"line":69,"column":1},"end":{"line":69,"column":null}},"15":{"start":{"line":70,"column":1},"end":{"line":70,"column":null}},"16":{"start":{"line":77,"column":29},"end":{"line":77,"column":null}},"17":{"start":{"line":78,"column":21},"end":{"line":78,"column":null}},"18":{"start":{"line":79,"column":17},"end":{"line":79,"column":null}},"19":{"start":{"line":81,"column":7},"end":{"line":90,"column":null}},"20":{"start":{"line":82,"column":18},"end":{"line":82,"column":null}},"21":{"start":{"line":83,"column":2},"end":{"line":88,"column":null}},"22":{"start":{"line":84,"column":16},"end":{"line":84,"column":null}},"23":{"start":{"line":85,"column":17},"end":{"line":85,"column":null}},"24":{"start":{"line":86,"column":15},"end":{"line":86,"column":null}},"25":{"start":{"line":87,"column":3},"end":{"line":87,"column":null}},"26":{"start":{"line":89,"column":2},"end":{"line":89,"column":null}},"27":{"start":{"line":92,"column":1},"end":{"line":119,"column":null}},"28":{"start":{"line":93,"column":31},"end":{"line":93,"column":null}},"29":{"start":{"line":94,"column":29},"end":{"line":94,"column":null}},"30":{"start":{"line":97,"column":16},"end":{"line":97,"column":null}},"31":{"start":{"line":98,"column":2},"end":{"line":109,"column":null}},"32":{"start":{"line":99,"column":3},"end":{"line":108,"column":null}},"33":{"start":{"line":100,"column":18},"end":{"line":100,"column":null}},"34":{"start":{"line":101,"column":4},"end":{"line":101,"column":null}},"35":{"start":{"line":101,"column":26},"end":{"line":101,"column":null}},"36":{"start":{"line":102,"column":10},"end":{"line":108,"column":null}},"37":{"start":{"line":103,"column":18},"end":{"line":103,"column":null}},"38":{"start":{"line":104,"column":4},"end":{"line":104,"column":null}},"39":{"start":{"line":104,"column":26},"end":{"line":104,"column":null}},"40":{"start":{"line":105,"column":10},"end":{"line":108,"column":null}},"41":{"start":{"line":106,"column":18},"end":{"line":106,"column":null}},"42":{"start":{"line":107,"column":4},"end":{"line":107,"column":null}},"43":{"start":{"line":107,"column":26},"end":{"line":107,"column":null}},"44":{"start":{"line":111,"column":2},"end":{"line":118,"column":null}},"45":{"start":{"line":113,"column":3},"end":{"line":116,"column":null}},"46":{"start":{"line":114,"column":4},"end":{"line":114,"column":null}},"47":{"start":{"line":115,"column":4},"end":{"line":115,"column":null}},"48":{"start":{"line":117,"column":3},"end":{"line":117,"column":null}},"49":{"start":{"line":121,"column":1},"end":{"line":121,"column":null}},"50":{"start":{"line":131,"column":1},"end":{"line":133,"column":null}},"51":{"start":{"line":132,"column":2},"end":{"line":132,"column":null}},"52":{"start":{"line":135,"column":1},"end":{"line":155,"column":null}},"53":{"start":{"line":136,"column":21},"end":{"line":136,"column":null}},"54":{"start":{"line":137,"column":20},"end":{"line":137,"column":null}},"55":{"start":{"line":137,"column":37},"end":{"line":137,"column":57}},"56":{"start":{"line":139,"column":19},"end":{"line":142,"column":null}},"57":{"start":{"line":144,"column":2},"end":{"line":144,"column":null}},"58":{"start":{"line":146,"column":2},"end":{"line":148,"column":null}},"59":{"start":{"line":147,"column":3},"end":{"line":147,"column":null}},"60":{"start":{"line":150,"column":18},"end":{"line":150,"column":null}},"61":{"start":{"line":151,"column":2},"end":{"line":151,"column":null}},"62":{"start":{"line":154,"column":2},"end":{"line":154,"column":null}},"63":{"start":{"line":167,"column":15},"end":{"line":167,"column":null}},"64":{"start":{"line":168,"column":13},"end":{"line":168,"column":null}},"65":{"start":{"line":170,"column":1},"end":{"line":172,"column":null}},"66":{"start":{"line":171,"column":2},"end":{"line":171,"column":null}},"67":{"start":{"line":175,"column":25},"end":{"line":182,"column":null}},"68":{"start":{"line":184,"column":1},"end":{"line":189,"column":null}},"69":{"start":{"line":185,"column":2},"end":{"line":188,"column":null}},"70":{"start":{"line":192,"column":17},"end":{"line":195,"column":null}},"71":{"start":{"line":197,"column":1},"end":{"line":208,"column":null}},"72":{"start":{"line":198,"column":25},"end":{"line":198,"column":null}},"73":{"start":{"line":200,"column":2},"end":{"line":207,"column":null}},"74":{"start":{"line":201,"column":3},"end":{"line":206,"column":null}},"75":{"start":{"line":202,"column":4},"end":{"line":205,"column":null}},"76":{"start":{"line":210,"column":1},"end":{"line":210,"column":null}}},"fnMap":{"0":{"name":"generateListingICal","decl":{"start":{"line":18,"column":22},"end":{"line":18,"column":42}},"loc":{"start":{"line":18,"column":78},"end":{"line":71,"column":null}},"line":18},"1":{"name":"(anonymous_1)","decl":{"start":{"line":34,"column":7},"end":{"line":34,"column":25}},"loc":{"start":{"line":34,"column":48},"end":{"line":40,"column":null}},"line":34},"2":{"name":"(anonymous_2)","decl":{"start":{"line":42,"column":7},"end":{"line":42,"column":26}},"loc":{"start":{"line":42,"column":49},"end":{"line":44,"column":null}},"line":42},"3":{"name":"parseICalEvents","decl":{"start":{"line":76,"column":16},"end":{"line":76,"column":32}},"loc":{"start":{"line":76,"column":66},"end":{"line":122,"column":null}},"line":76},"4":{"name":"(anonymous_4)","decl":{"start":{"line":81,"column":7},"end":{"line":81,"column":23}},"loc":{"start":{"line":81,"column":56},"end":{"line":90,"column":null}},"line":81},"5":{"name":"fetchAndParseExternalICal","decl":{"start":{"line":127,"column":22},"end":{"line":127,"column":48}},"loc":{"start":{"line":127,"column":83},"end":{"line":156,"column":null}},"line":127},"6":{"name":"(anonymous_6)","decl":{"start":{"line":137,"column":20},"end":{"line":137,"column":37}},"loc":{"start":{"line":137,"column":37},"end":{"line":137,"column":57}},"line":137},"7":{"name":"isListingAvailable","decl":{"start":{"line":162,"column":22},"end":{"line":162,"column":null}},"loc":{"start":{"line":166,"column":31},"end":{"line":211,"column":null}},"line":166}},"branchMap":{"0":{"loc":{"start":{"line":30,"column":1},"end":{"line":32,"column":null}},"type":"if","locations":[{"start":{"line":30,"column":1},"end":{"line":32,"column":null}},{"start":{},"end":{}}],"line":30},"1":{"loc":{"start":{"line":79,"column":17},"end":{"line":79,"column":null}},"type":"binary-expr","locations":[{"start":{"line":79,"column":17},"end":{"line":79,"column":51}},{"start":{"line":79,"column":51},"end":{"line":79,"column":null}}],"line":79},"2":{"loc":{"start":{"line":83,"column":2},"end":{"line":88,"column":null}},"type":"if","locations":[{"start":{"line":83,"column":2},"end":{"line":88,"column":null}},{"start":{},"end":{}}],"line":83},"3":{"loc":{"start":{"line":99,"column":3},"end":{"line":108,"column":null}},"type":"if","locations":[{"start":{"line":99,"column":3},"end":{"line":108,"column":null}},{"start":{"line":102,"column":10},"end":{"line":108,"column":null}}],"line":99},"4":{"loc":{"start":{"line":101,"column":4},"end":{"line":101,"column":null}},"type":"if","locations":[{"start":{"line":101,"column":4},"end":{"line":101,"column":null}},{"start":{},"end":{}}],"line":101},"5":{"loc":{"start":{"line":102,"column":10},"end":{"line":108,"column":null}},"type":"if","locations":[{"start":{"line":102,"column":10},"end":{"line":108,"column":null}},{"start":{"line":105,"column":10},"end":{"line":108,"column":null}}],"line":102},"6":{"loc":{"start":{"line":104,"column":4},"end":{"line":104,"column":null}},"type":"if","locations":[{"start":{"line":104,"column":4},"end":{"line":104,"column":null}},{"start":{},"end":{}}],"line":104},"7":{"loc":{"start":{"line":105,"column":10},"end":{"line":108,"column":null}},"type":"if","locations":[{"start":{"line":105,"column":10},"end":{"line":108,"column":null}},{"start":{},"end":{}}],"line":105},"8":{"loc":{"start":{"line":107,"column":4},"end":{"line":107,"column":null}},"type":"if","locations":[{"start":{"line":107,"column":4},"end":{"line":107,"column":null}},{"start":{},"end":{}}],"line":107},"9":{"loc":{"start":{"line":111,"column":2},"end":{"line":118,"column":null}},"type":"if","locations":[{"start":{"line":111,"column":2},"end":{"line":118,"column":null}},{"start":{},"end":{}}],"line":111},"10":{"loc":{"start":{"line":113,"column":3},"end":{"line":116,"column":null}},"type":"if","locations":[{"start":{"line":113,"column":3},"end":{"line":116,"column":null}},{"start":{},"end":{}}],"line":113},"11":{"loc":{"start":{"line":131,"column":1},"end":{"line":133,"column":null}},"type":"if","locations":[{"start":{"line":131,"column":1},"end":{"line":133,"column":null}},{"start":{},"end":{}}],"line":131},"12":{"loc":{"start":{"line":146,"column":2},"end":{"line":148,"column":null}},"type":"if","locations":[{"start":{"line":146,"column":2},"end":{"line":148,"column":null}},{"start":{},"end":{}}],"line":146},"13":{"loc":{"start":{"line":170,"column":1},"end":{"line":172,"column":null}},"type":"if","locations":[{"start":{"line":170,"column":1},"end":{"line":172,"column":null}},{"start":{},"end":{}}],"line":170},"14":{"loc":{"start":{"line":170,"column":5},"end":{"line":170,"column":69}},"type":"binary-expr","locations":[{"start":{"line":170,"column":5},"end":{"line":170,"column":31}},{"start":{"line":170,"column":31},"end":{"line":170,"column":55}},{"start":{"line":170,"column":55},"end":{"line":170,"column":69}}],"line":170},"15":{"loc":{"start":{"line":184,"column":1},"end":{"line":189,"column":null}},"type":"if","locations":[{"start":{"line":184,"column":1},"end":{"line":189,"column":null}},{"start":{},"end":{}}],"line":184},"16":{"loc":{"start":{"line":197,"column":1},"end":{"line":208,"column":null}},"type":"if","locations":[{"start":{"line":197,"column":1},"end":{"line":208,"column":null}},{"start":{},"end":{}}],"line":197},"17":{"loc":{"start":{"line":201,"column":3},"end":{"line":206,"column":null}},"type":"if","locations":[{"start":{"line":201,"column":3},"end":{"line":206,"column":null}},{"start":{},"end":{}}],"line":201},"18":{"loc":{"start":{"line":201,"column":7},"end":{"line":201,"column":51}},"type":"binary-expr","locations":[{"start":{"line":201,"column":7},"end":{"line":201,"column":30}},{"start":{"line":201,"column":30},"end":{"line":201,"column":51}}],"line":201},"19":{"loc":{"start":{"line":204,"column":64},"end":{"line":204,"column":106}},"type":"binary-expr","locations":[{"start":{"line":204,"column":64},"end":{"line":204,"column":79}},{"start":{"line":204,"column":79},"end":{"line":204,"column":106}}],"line":204}},"s":{"0":1,"1":1,"2":0,"3":1,"4":2,"5":2,"6":2,"7":2,"8":2,"9":1,"10":1,"11":1,"12":1,"13":1,"14":1,"15":1,"16":1,"17":1,"18":1,"19":1,"20":2,"21":2,"22":2,"23":2,"24":2,"25":2,"26":0,"27":1,"28":1,"29":1,"30":1,"31":1,"32":6,"33":1,"34":1,"35":1,"36":5,"37":1,"38":1,"39":1,"40":4,"41":1,"42":1,"43":1,"44":1,"45":1,"46":0,"47":0,"48":1,"49":1,"50":0,"51":0,"52":0,"53":0,"54":0,"55":0,"56":0,"57":0,"58":0,"59":0,"60":0,"61":0,"62":0,"63":2,"64":2,"65":2,"66":0,"67":2,"68":2,"69":1,"70":1,"71":1,"72":0,"73":0,"74":0,"75":0,"76":1},"f":{"0":1,"1":2,"2":1,"3":1,"4":2,"5":0,"6":0,"7":2},"b":{"0":[0,1],"1":[1,0],"2":[2,0],"3":[1,5],"4":[1,0],"5":[1,4],"6":[1,0],"7":[1,3],"8":[1,0],"9":[1,0],"10":[0,1],"11":[0,0],"12":[0,0],"13":[0,2],"14":[2,2,2],"15":[1,1],"16":[0,1],"17":[0,0],"18":[0,0],"19":[0,0]},"meta":{"lastBranch":20,"lastFunction":8,"lastStatement":77,"seen":{"f:18:22:18:42":0,"s:19:17:28:Infinity":0,"b:30:1:32:Infinity:undefined:undefined:undefined:undefined":0,"s:30:1:32:Infinity":1,"s:31:2:31:Infinity":2,"s:34:7:40:Infinity":3,"f:34:7:34:25":1,"s:35:12:35:Infinity":4,"s:36:15:36:Infinity":5,"s:37:16:37:Infinity":6,"s:38:14:38:Infinity":7,"s:39:2:39:Infinity":8,"s:42:7:44:Infinity":9,"f:42:7:42:26":2,"s:43:2:43:Infinity":10,"s:46:14:53:Infinity":11,"s:55:1:67:Infinity":12,"s:56:2:66:Infinity":13,"s:69:1:69:Infinity":14,"s:70:1:70:Infinity":15,"f:76:16:76:32":3,"s:77:29:77:Infinity":16,"s:78:21:78:Infinity":17,"s:79:17:79:Infinity":18,"b:79:17:79:51:79:51:79:Infinity":1,"s:81:7:90:Infinity":19,"f:81:7:81:23":4,"s:82:18:82:Infinity":20,"b:83:2:88:Infinity:undefined:undefined:undefined:undefined":2,"s:83:2:88:Infinity":21,"s:84:16:84:Infinity":22,"s:85:17:85:Infinity":23,"s:86:15:86:Infinity":24,"s:87:3:87:Infinity":25,"s:89:2:89:Infinity":26,"s:92:1:119:Infinity":27,"s:93:31:93:Infinity":28,"s:94:29:94:Infinity":29,"s:97:16:97:Infinity":30,"s:98:2:109:Infinity":31,"b:99:3:108:Infinity:102:10:108:Infinity":3,"s:99:3:108:Infinity":32,"s:100:18:100:Infinity":33,"b:101:4:101:Infinity:undefined:undefined:undefined:undefined":4,"s:101:4:101:Infinity":34,"s:101:26:101:Infinity":35,"b:102:10:108:Infinity:105:10:108:Infinity":5,"s:102:10:108:Infinity":36,"s:103:18:103:Infinity":37,"b:104:4:104:Infinity:undefined:undefined:undefined:undefined":6,"s:104:4:104:Infinity":38,"s:104:26:104:Infinity":39,"b:105:10:108:Infinity:undefined:undefined:undefined:undefined":7,"s:105:10:108:Infinity":40,"s:106:18:106:Infinity":41,"b:107:4:107:Infinity:undefined:undefined:undefined:undefined":8,"s:107:4:107:Infinity":42,"s:107:26:107:Infinity":43,"b:111:2:118:Infinity:undefined:undefined:undefined:undefined":9,"s:111:2:118:Infinity":44,"b:113:3:116:Infinity:undefined:undefined:undefined:undefined":10,"s:113:3:116:Infinity":45,"s:114:4:114:Infinity":46,"s:115:4:115:Infinity":47,"s:117:3:117:Infinity":48,"s:121:1:121:Infinity":49,"f:127:22:127:48":5,"b:131:1:133:Infinity:undefined:undefined:undefined:undefined":11,"s:131:1:133:Infinity":50,"s:132:2:132:Infinity":51,"s:135:1:155:Infinity":52,"s:136:21:136:Infinity":53,"s:137:20:137:Infinity":54,"f:137:20:137:37":6,"s:137:37:137:57":55,"s:139:19:142:Infinity":56,"s:144:2:144:Infinity":57,"b:146:2:148:Infinity:undefined:undefined:undefined:undefined":12,"s:146:2:148:Infinity":58,"s:147:3:147:Infinity":59,"s:150:18:150:Infinity":60,"s:151:2:151:Infinity":61,"s:154:2:154:Infinity":62,"f:162:22:162:Infinity":7,"s:167:15:167:Infinity":63,"s:168:13:168:Infinity":64,"b:170:1:172:Infinity:undefined:undefined:undefined:undefined":13,"s:170:1:172:Infinity":65,"b:170:5:170:31:170:31:170:55:170:55:170:69":14,"s:171:2:171:Infinity":66,"s:175:25:182:Infinity":67,"b:184:1:189:Infinity:undefined:undefined:undefined:undefined":15,"s:184:1:189:Infinity":68,"s:185:2:188:Infinity":69,"s:192:17:195:Infinity":70,"b:197:1:208:Infinity:undefined:undefined:undefined:undefined":16,"s:197:1:208:Infinity":71,"s:198:25:198:Infinity":72,"s:200:2:207:Infinity":73,"b:201:3:206:Infinity:undefined:undefined:undefined:undefined":17,"s:201:3:206:Infinity":74,"b:201:7:201:30:201:30:201:51":18,"s:202:4:205:Infinity":75,"b:204:64:204:79:204:79:204:106":19,"s:210:1:210:Infinity":76},"fnNames":{}}}
,"/Users/maximefourna/Code/evenue/src/lib/server/listings.ts": {"path":"/Users/maximefourna/Code/evenue/src/lib/server/listings.ts","statementMap":{"0":{"start":{"line":64,"column":41},"end":{"line":64,"column":null}},"1":{"start":{"line":66,"column":1},"end":{"line":68,"column":null}},"2":{"start":{"line":67,"column":2},"end":{"line":67,"column":null}},"3":{"start":{"line":70,"column":1},"end":{"line":74,"column":null}},"4":{"start":{"line":71,"column":2},"end":{"line":71,"column":null}},"5":{"start":{"line":72,"column":2},"end":{"line":72,"column":null}},"6":{"start":{"line":72,"column":38},"end":{"line":72,"column":null}},"7":{"start":{"line":73,"column":2},"end":{"line":73,"column":null}},"8":{"start":{"line":73,"column":38},"end":{"line":73,"column":null}},"9":{"start":{"line":76,"column":1},"end":{"line":78,"column":null}},"10":{"start":{"line":77,"column":2},"end":{"line":77,"column":null}},"11":{"start":{"line":80,"column":1},"end":{"line":82,"column":null}},"12":{"start":{"line":81,"column":2},"end":{"line":81,"column":null}},"13":{"start":{"line":85,"column":1},"end":{"line":109,"column":null}},"14":{"start":{"line":86,"column":19},"end":{"line":86,"column":null}},"15":{"start":{"line":87,"column":17},"end":{"line":87,"column":null}},"16":{"start":{"line":89,"column":2},"end":{"line":108,"column":null}},"17":{"start":{"line":90,"column":3},"end":{"line":107,"column":null}},"18":{"start":{"line":111,"column":16},"end":{"line":124,"column":null}},"19":{"start":{"line":127,"column":1},"end":{"line":138,"column":null}},"20":{"start":{"line":128,"column":22},"end":{"line":128,"column":null}},"21":{"start":{"line":129,"column":20},"end":{"line":129,"column":null}},"22":{"start":{"line":131,"column":2},"end":{"line":137,"column":null}},"23":{"start":{"line":132,"column":19},"end":{"line":132,"column":null}},"24":{"start":{"line":133,"column":3},"end":{"line":133,"column":null}},"25":{"start":{"line":133,"column":28},"end":{"line":133,"column":null}},"26":{"start":{"line":136,"column":3},"end":{"line":136,"column":null}},"27":{"start":{"line":136,"column":29},"end":{"line":136,"column":81}},"28":{"start":{"line":140,"column":1},"end":{"line":140,"column":null}},"29":{"start":{"line":147,"column":17},"end":{"line":161,"column":null}},"30":{"start":{"line":163,"column":1},"end":{"line":163,"column":null}},"31":{"start":{"line":170,"column":17},"end":{"line":178,"column":null}},"32":{"start":{"line":180,"column":1},"end":{"line":180,"column":null}},"33":{"start":{"line":180,"column":15},"end":{"line":180,"column":null}},"34":{"start":{"line":182,"column":18},"end":{"line":188,"column":null}},"35":{"start":{"line":190,"column":87},"end":{"line":190,"column":null}},"36":{"start":{"line":192,"column":1},"end":{"line":198,"column":null}},"37":{"start":{"line":193,"column":2},"end":{"line":197,"column":null}},"38":{"start":{"line":200,"column":1},"end":{"line":209,"column":null}},"39":{"start":{"line":201,"column":21},"end":{"line":201,"column":null}},"40":{"start":{"line":202,"column":2},"end":{"line":208,"column":null}},"41":{"start":{"line":203,"column":3},"end":{"line":207,"column":null}},"42":{"start":{"line":211,"column":1},"end":{"line":220,"column":null}},"43":{"start":{"line":228,"column":1},"end":{"line":230,"column":null}},"44":{"start":{"line":229,"column":2},"end":{"line":229,"column":null}},"45":{"start":{"line":232,"column":17},"end":{"line":260,"column":null}},"46":{"start":{"line":262,"column":1},"end":{"line":262,"column":null}},"47":{"start":{"line":269,"column":17},"end":{"line":271,"column":null}},"48":{"start":{"line":273,"column":1},"end":{"line":275,"column":null}},"49":{"start":{"line":274,"column":2},"end":{"line":274,"column":null}},"50":{"start":{"line":277,"column":1},"end":{"line":279,"column":null}},"51":{"start":{"line":278,"column":2},"end":{"line":278,"column":null}},"52":{"start":{"line":282,"column":1},"end":{"line":284,"column":null}},"53":{"start":{"line":283,"column":2},"end":{"line":283,"column":null}},"54":{"start":{"line":286,"column":41},"end":{"line":286,"column":null}},"55":{"start":{"line":287,"column":1},"end":{"line":287,"column":null}},"56":{"start":{"line":287,"column":32},"end":{"line":287,"column":null}},"57":{"start":{"line":288,"column":1},"end":{"line":288,"column":null}},"58":{"start":{"line":288,"column":38},"end":{"line":288,"column":null}},"59":{"start":{"line":289,"column":1},"end":{"line":289,"column":null}},"60":{"start":{"line":289,"column":34},"end":{"line":289,"column":null}},"61":{"start":{"line":290,"column":1},"end":{"line":290,"column":null}},"62":{"start":{"line":290,"column":31},"end":{"line":290,"column":null}},"63":{"start":{"line":291,"column":1},"end":{"line":291,"column":null}},"64":{"start":{"line":291,"column":34},"end":{"line":291,"column":null}},"65":{"start":{"line":292,"column":1},"end":{"line":292,"column":null}},"66":{"start":{"line":292,"column":35},"end":{"line":292,"column":null}},"67":{"start":{"line":293,"column":1},"end":{"line":293,"column":null}},"68":{"start":{"line":293,"column":36},"end":{"line":293,"column":null}},"69":{"start":{"line":294,"column":1},"end":{"line":294,"column":null}},"70":{"start":{"line":294,"column":40},"end":{"line":294,"column":null}},"71":{"start":{"line":295,"column":1},"end":{"line":295,"column":null}},"72":{"start":{"line":295,"column":42},"end":{"line":295,"column":null}},"73":{"start":{"line":296,"column":1},"end":{"line":296,"column":null}},"74":{"start":{"line":296,"column":38},"end":{"line":296,"column":null}},"75":{"start":{"line":297,"column":1},"end":{"line":297,"column":null}},"76":{"start":{"line":297,"column":43},"end":{"line":297,"column":null}},"77":{"start":{"line":298,"column":1},"end":{"line":298,"column":null}},"78":{"start":{"line":298,"column":35},"end":{"line":298,"column":null}},"79":{"start":{"line":299,"column":1},"end":{"line":299,"column":null}},"80":{"start":{"line":299,"column":36},"end":{"line":299,"column":null}},"81":{"start":{"line":300,"column":1},"end":{"line":300,"column":null}},"82":{"start":{"line":300,"column":38},"end":{"line":300,"column":null}},"83":{"start":{"line":301,"column":1},"end":{"line":303,"column":null}},"84":{"start":{"line":302,"column":2},"end":{"line":302,"column":null}},"85":{"start":{"line":304,"column":1},"end":{"line":306,"column":null}},"86":{"start":{"line":305,"column":2},"end":{"line":305,"column":null}},"87":{"start":{"line":307,"column":1},"end":{"line":309,"column":null}},"88":{"start":{"line":308,"column":2},"end":{"line":308,"column":null}},"89":{"start":{"line":311,"column":1},"end":{"line":314,"column":null}},"90":{"start":{"line":321,"column":17},"end":{"line":330,"column":null}},"91":{"start":{"line":332,"column":1},"end":{"line":334,"column":null}},"92":{"start":{"line":333,"column":2},"end":{"line":333,"column":null}},"93":{"start":{"line":336,"column":1},"end":{"line":338,"column":null}},"94":{"start":{"line":337,"column":2},"end":{"line":337,"column":null}},"95":{"start":{"line":340,"column":1},"end":{"line":342,"column":null}},"96":{"start":{"line":341,"column":2},"end":{"line":341,"column":null}},"97":{"start":{"line":344,"column":1},"end":{"line":346,"column":null}},"98":{"start":{"line":348,"column":1},"end":{"line":348,"column":null}}},"fnMap":{"0":{"name":"getListings","decl":{"start":{"line":63,"column":22},"end":{"line":63,"column":34}},"loc":{"start":{"line":63,"column":68},"end":{"line":141,"column":null}},"line":63},"1":{"name":"(anonymous_1)","decl":{"start":{"line":131,"column":22},"end":{"line":131,"column":30}},"loc":{"start":{"line":131,"column":42},"end":{"line":137,"column":3}},"line":131},"2":{"name":"(anonymous_2)","decl":{"start":{"line":136,"column":17},"end":{"line":136,"column":23}},"loc":{"start":{"line":136,"column":29},"end":{"line":136,"column":81}},"line":136},"3":{"name":"getListingById","decl":{"start":{"line":146,"column":22},"end":{"line":146,"column":37}},"loc":{"start":{"line":146,"column":49},"end":{"line":164,"column":null}},"line":146},"4":{"name":"getListingDisabledDates","decl":{"start":{"line":169,"column":22},"end":{"line":169,"column":46}},"loc":{"start":{"line":169,"column":65},"end":{"line":221,"column":null}},"line":169},"5":{"name":"createListing","decl":{"start":{"line":226,"column":22},"end":{"line":226,"column":36}},"loc":{"start":{"line":226,"column":63},"end":{"line":263,"column":null}},"line":226},"6":{"name":"updateListing","decl":{"start":{"line":268,"column":22},"end":{"line":268,"column":36}},"loc":{"start":{"line":268,"column":91},"end":{"line":315,"column":null}},"line":268},"7":{"name":"deleteListing","decl":{"start":{"line":320,"column":22},"end":{"line":320,"column":36}},"loc":{"start":{"line":320,"column":64},"end":{"line":349,"column":null}},"line":320}},"branchMap":{"0":{"loc":{"start":{"line":63,"column":34},"end":{"line":63,"column":68}},"type":"default-arg","locations":[{"start":{"line":63,"column":64},"end":{"line":63,"column":68}}],"line":63},"1":{"loc":{"start":{"line":66,"column":1},"end":{"line":68,"column":null}},"type":"if","locations":[{"start":{"line":66,"column":1},"end":{"line":68,"column":null}},{"start":{},"end":{}}],"line":66},"2":{"loc":{"start":{"line":70,"column":1},"end":{"line":74,"column":null}},"type":"if","locations":[{"start":{"line":70,"column":1},"end":{"line":74,"column":null}},{"start":{},"end":{}}],"line":70},"3":{"loc":{"start":{"line":70,"column":5},"end":{"line":70,"column":71}},"type":"binary-expr","locations":[{"start":{"line":70,"column":5},"end":{"line":70,"column":39}},{"start":{"line":70,"column":39},"end":{"line":70,"column":71}}],"line":70},"4":{"loc":{"start":{"line":72,"column":2},"end":{"line":72,"column":null}},"type":"if","locations":[{"start":{"line":72,"column":2},"end":{"line":72,"column":null}},{"start":{},"end":{}}],"line":72},"5":{"loc":{"start":{"line":73,"column":2},"end":{"line":73,"column":null}},"type":"if","locations":[{"start":{"line":73,"column":2},"end":{"line":73,"column":null}},{"start":{},"end":{}}],"line":73},"6":{"loc":{"start":{"line":76,"column":1},"end":{"line":78,"column":null}},"type":"if","locations":[{"start":{"line":76,"column":1},"end":{"line":78,"column":null}},{"start":{},"end":{}}],"line":76},"7":{"loc":{"start":{"line":80,"column":1},"end":{"line":82,"column":null}},"type":"if","locations":[{"start":{"line":80,"column":1},"end":{"line":82,"column":null}},{"start":{},"end":{}}],"line":80},"8":{"loc":{"start":{"line":85,"column":1},"end":{"line":109,"column":null}},"type":"if","locations":[{"start":{"line":85,"column":1},"end":{"line":109,"column":null}},{"start":{},"end":{}}],"line":85},"9":{"loc":{"start":{"line":85,"column":5},"end":{"line":85,"column":43}},"type":"binary-expr","locations":[{"start":{"line":85,"column":5},"end":{"line":85,"column":26}},{"start":{"line":85,"column":26},"end":{"line":85,"column":43}}],"line":85},"10":{"loc":{"start":{"line":89,"column":2},"end":{"line":108,"column":null}},"type":"if","locations":[{"start":{"line":89,"column":2},"end":{"line":108,"column":null}},{"start":{},"end":{}}],"line":89},"11":{"loc":{"start":{"line":89,"column":6},"end":{"line":89,"column":83}},"type":"binary-expr","locations":[{"start":{"line":89,"column":6},"end":{"line":89,"column":36}},{"start":{"line":89,"column":36},"end":{"line":89,"column":64}},{"start":{"line":89,"column":64},"end":{"line":89,"column":83}}],"line":89},"12":{"loc":{"start":{"line":127,"column":1},"end":{"line":138,"column":null}},"type":"if","locations":[{"start":{"line":127,"column":1},"end":{"line":138,"column":null}},{"start":{},"end":{}}],"line":127},"13":{"loc":{"start":{"line":127,"column":5},"end":{"line":127,"column":43}},"type":"binary-expr","locations":[{"start":{"line":127,"column":5},"end":{"line":127,"column":26}},{"start":{"line":127,"column":26},"end":{"line":127,"column":43}}],"line":127},"14":{"loc":{"start":{"line":132,"column":19},"end":{"line":132,"column":null}},"type":"binary-expr","locations":[{"start":{"line":132,"column":19},"end":{"line":132,"column":84}},{"start":{"line":132,"column":84},"end":{"line":132,"column":null}}],"line":132},"15":{"loc":{"start":{"line":133,"column":3},"end":{"line":133,"column":null}},"type":"if","locations":[{"start":{"line":133,"column":3},"end":{"line":133,"column":null}},{"start":{},"end":{}}],"line":133},"16":{"loc":{"start":{"line":136,"column":29},"end":{"line":136,"column":81}},"type":"binary-expr","locations":[{"start":{"line":136,"column":29},"end":{"line":136,"column":59}},{"start":{"line":136,"column":59},"end":{"line":136,"column":81}}],"line":136},"17":{"loc":{"start":{"line":180,"column":1},"end":{"line":180,"column":null}},"type":"if","locations":[{"start":{"line":180,"column":1},"end":{"line":180,"column":null}},{"start":{},"end":{}}],"line":180},"18":{"loc":{"start":{"line":200,"column":1},"end":{"line":209,"column":null}},"type":"if","locations":[{"start":{"line":200,"column":1},"end":{"line":209,"column":null}},{"start":{},"end":{}}],"line":200},"19":{"loc":{"start":{"line":206,"column":12},"end":{"line":206,"column":null}},"type":"binary-expr","locations":[{"start":{"line":206,"column":12},"end":{"line":206,"column":27}},{"start":{"line":206,"column":27},"end":{"line":206,"column":null}}],"line":206},"20":{"loc":{"start":{"line":212,"column":22},"end":{"line":214,"column":null}},"type":"cond-expr","locations":[{"start":{"line":213,"column":5},"end":{"line":213,"column":null}},{"start":{"line":214,"column":5},"end":{"line":214,"column":null}}],"line":212},"21":{"loc":{"start":{"line":215,"column":20},"end":{"line":217,"column":null}},"type":"cond-expr","locations":[{"start":{"line":216,"column":5},"end":{"line":216,"column":null}},{"start":{"line":217,"column":5},"end":{"line":217,"column":null}}],"line":215},"22":{"loc":{"start":{"line":218,"column":23},"end":{"line":218,"column":null}},"type":"binary-expr","locations":[{"start":{"line":218,"column":23},"end":{"line":218,"column":88}},{"start":{"line":218,"column":88},"end":{"line":218,"column":null}}],"line":218},"23":{"loc":{"start":{"line":228,"column":1},"end":{"line":230,"column":null}},"type":"if","locations":[{"start":{"line":228,"column":1},"end":{"line":230,"column":null}},{"start":{},"end":{}}],"line":228},"24":{"loc":{"start":{"line":228,"column":5},"end":{"line":228,"column":59}},"type":"binary-expr","locations":[{"start":{"line":228,"column":5},"end":{"line":228,"column":26}},{"start":{"line":228,"column":26},"end":{"line":228,"column":59}}],"line":228},"25":{"loc":{"start":{"line":243,"column":20},"end":{"line":243,"column":null}},"type":"binary-expr","locations":[{"start":{"line":243,"column":20},"end":{"line":243,"column":45}},{"start":{"line":243,"column":45},"end":{"line":243,"column":null}}],"line":243},"26":{"loc":{"start":{"line":248,"column":4},"end":{"line":252,"column":null}},"type":"cond-expr","locations":[{"start":{"line":249,"column":7},"end":{"line":249,"column":null}},{"start":{"line":250,"column":7},"end":{"line":252,"column":null}}],"line":248},"27":{"loc":{"start":{"line":248,"column":4},"end":{"line":248,"column":null}},"type":"binary-expr","locations":[{"start":{"line":248,"column":4},"end":{"line":248,"column":23}},{"start":{"line":248,"column":23},"end":{"line":248,"column":null}}],"line":248},"28":{"loc":{"start":{"line":250,"column":7},"end":{"line":252,"column":null}},"type":"cond-expr","locations":[{"start":{"line":251,"column":8},"end":{"line":251,"column":null}},{"start":{"line":252,"column":8},"end":{"line":252,"column":null}}],"line":250},"29":{"loc":{"start":{"line":254,"column":23},"end":{"line":254,"column":null}},"type":"cond-expr","locations":[{"start":{"line":254,"column":50},"end":{"line":254,"column":87}},{"start":{"line":254,"column":87},"end":{"line":254,"column":null}}],"line":254},"30":{"loc":{"start":{"line":255,"column":21},"end":{"line":255,"column":null}},"type":"cond-expr","locations":[{"start":{"line":255,"column":46},"end":{"line":255,"column":81}},{"start":{"line":255,"column":81},"end":{"line":255,"column":null}}],"line":255},"31":{"loc":{"start":{"line":256,"column":23},"end":{"line":258,"column":null}},"type":"cond-expr","locations":[{"start":{"line":257,"column":7},"end":{"line":257,"column":null}},{"start":{"line":258,"column":6},"end":{"line":258,"column":null}}],"line":256},"32":{"loc":{"start":{"line":273,"column":1},"end":{"line":275,"column":null}},"type":"if","locations":[{"start":{"line":273,"column":1},"end":{"line":275,"column":null}},{"start":{},"end":{}}],"line":273},"33":{"loc":{"start":{"line":277,"column":1},"end":{"line":279,"column":null}},"type":"if","locations":[{"start":{"line":277,"column":1},"end":{"line":279,"column":null}},{"start":{},"end":{}}],"line":277},"34":{"loc":{"start":{"line":282,"column":1},"end":{"line":284,"column":null}},"type":"if","locations":[{"start":{"line":282,"column":1},"end":{"line":284,"column":null}},{"start":{},"end":{}}],"line":282},"35":{"loc":{"start":{"line":282,"column":5},"end":{"line":282,"column":73}},"type":"binary-expr","locations":[{"start":{"line":282,"column":5},"end":{"line":282,"column":40}},{"start":{"line":282,"column":40},"end":{"line":282,"column":73}}],"line":282},"36":{"loc":{"start":{"line":287,"column":1},"end":{"line":287,"column":null}},"type":"if","locations":[{"start":{"line":287,"column":1},"end":{"line":287,"column":null}},{"start":{},"end":{}}],"line":287},"37":{"loc":{"start":{"line":288,"column":1},"end":{"line":288,"column":null}},"type":"if","locations":[{"start":{"line":288,"column":1},"end":{"line":288,"column":null}},{"start":{},"end":{}}],"line":288},"38":{"loc":{"start":{"line":289,"column":1},"end":{"line":289,"column":null}},"type":"if","locations":[{"start":{"line":289,"column":1},"end":{"line":289,"column":null}},{"start":{},"end":{}}],"line":289},"39":{"loc":{"start":{"line":290,"column":1},"end":{"line":290,"column":null}},"type":"if","locations":[{"start":{"line":290,"column":1},"end":{"line":290,"column":null}},{"start":{},"end":{}}],"line":290},"40":{"loc":{"start":{"line":291,"column":1},"end":{"line":291,"column":null}},"type":"if","locations":[{"start":{"line":291,"column":1},"end":{"line":291,"column":null}},{"start":{},"end":{}}],"line":291},"41":{"loc":{"start":{"line":292,"column":1},"end":{"line":292,"column":null}},"type":"if","locations":[{"start":{"line":292,"column":1},"end":{"line":292,"column":null}},{"start":{},"end":{}}],"line":292},"42":{"loc":{"start":{"line":293,"column":1},"end":{"line":293,"column":null}},"type":"if","locations":[{"start":{"line":293,"column":1},"end":{"line":293,"column":null}},{"start":{},"end":{}}],"line":293},"43":{"loc":{"start":{"line":294,"column":1},"end":{"line":294,"column":null}},"type":"if","locations":[{"start":{"line":294,"column":1},"end":{"line":294,"column":null}},{"start":{},"end":{}}],"line":294},"44":{"loc":{"start":{"line":295,"column":1},"end":{"line":295,"column":null}},"type":"if","locations":[{"start":{"line":295,"column":1},"end":{"line":295,"column":null}},{"start":{},"end":{}}],"line":295},"45":{"loc":{"start":{"line":296,"column":1},"end":{"line":296,"column":null}},"type":"if","locations":[{"start":{"line":296,"column":1},"end":{"line":296,"column":null}},{"start":{},"end":{}}],"line":296},"46":{"loc":{"start":{"line":297,"column":1},"end":{"line":297,"column":null}},"type":"if","locations":[{"start":{"line":297,"column":1},"end":{"line":297,"column":null}},{"start":{},"end":{}}],"line":297},"47":{"loc":{"start":{"line":298,"column":1},"end":{"line":298,"column":null}},"type":"if","locations":[{"start":{"line":298,"column":1},"end":{"line":298,"column":null}},{"start":{},"end":{}}],"line":298},"48":{"loc":{"start":{"line":299,"column":1},"end":{"line":299,"column":null}},"type":"if","locations":[{"start":{"line":299,"column":1},"end":{"line":299,"column":null}},{"start":{},"end":{}}],"line":299},"49":{"loc":{"start":{"line":300,"column":1},"end":{"line":300,"column":null}},"type":"if","locations":[{"start":{"line":300,"column":1},"end":{"line":300,"column":null}},{"start":{},"end":{}}],"line":300},"50":{"loc":{"start":{"line":301,"column":1},"end":{"line":303,"column":null}},"type":"if","locations":[{"start":{"line":301,"column":1},"end":{"line":303,"column":null}},{"start":{},"end":{}}],"line":301},"51":{"loc":{"start":{"line":302,"column":28},"end":{"line":302,"column":null}},"type":"cond-expr","locations":[{"start":{"line":302,"column":55},"end":{"line":302,"column":92}},{"start":{"line":302,"column":92},"end":{"line":302,"column":null}}],"line":302},"52":{"loc":{"start":{"line":304,"column":1},"end":{"line":306,"column":null}},"type":"if","locations":[{"start":{"line":304,"column":1},"end":{"line":306,"column":null}},{"start":{},"end":{}}],"line":304},"53":{"loc":{"start":{"line":305,"column":26},"end":{"line":305,"column":null}},"type":"cond-expr","locations":[{"start":{"line":305,"column":51},"end":{"line":305,"column":86}},{"start":{"line":305,"column":86},"end":{"line":305,"column":null}}],"line":305},"54":{"loc":{"start":{"line":307,"column":1},"end":{"line":309,"column":null}},"type":"if","locations":[{"start":{"line":307,"column":1},"end":{"line":309,"column":null}},{"start":{},"end":{}}],"line":307},"55":{"loc":{"start":{"line":332,"column":1},"end":{"line":334,"column":null}},"type":"if","locations":[{"start":{"line":332,"column":1},"end":{"line":334,"column":null}},{"start":{},"end":{}}],"line":332},"56":{"loc":{"start":{"line":336,"column":1},"end":{"line":338,"column":null}},"type":"if","locations":[{"start":{"line":336,"column":1},"end":{"line":338,"column":null}},{"start":{},"end":{}}],"line":336},"57":{"loc":{"start":{"line":340,"column":1},"end":{"line":342,"column":null}},"type":"if","locations":[{"start":{"line":340,"column":1},"end":{"line":342,"column":null}},{"start":{},"end":{}}],"line":340}},"s":{"0":2,"1":2,"2":1,"3":2,"4":0,"5":0,"6":0,"7":0,"8":0,"9":2,"10":0,"11":2,"12":1,"13":2,"14":0,"15":0,"16":0,"17":0,"18":2,"19":2,"20":0,"21":0,"22":0,"23":0,"24":0,"25":0,"26":0,"27":0,"28":2,"29":1,"30":1,"31":0,"32":0,"33":0,"34":0,"35":0,"36":0,"37":0,"38":0,"39":0,"40":0,"41":0,"42":0,"43":3,"44":2,"45":2,"46":2,"47":3,"48":3,"49":0,"50":3,"51":1,"52":2,"53":1,"54":1,"55":1,"56":1,"57":1,"58":0,"59":1,"60":0,"61":1,"62":0,"63":1,"64":0,"65":1,"66":0,"67":1,"68":0,"69":1,"70":1,"71":1,"72":0,"73":1,"74":0,"75":1,"76":0,"77":1,"78":0,"79":1,"80":0,"81":1,"82":0,"83":1,"84":0,"85":1,"86":0,"87":1,"88":0,"89":1,"90":2,"91":2,"92":0,"93":2,"94":0,"95":2,"96":1,"97":1,"98":1},"f":{"0":2,"1":0,"2":0,"3":1,"4":0,"5":3,"6":3,"7":2},"b":{"0":[2],"1":[1,1],"2":[0,2],"3":[2,2],"4":[0,0],"5":[0,0],"6":[0,2],"7":[1,1],"8":[0,2],"9":[2,0],"10":[0,0],"11":[0,0,0],"12":[0,2],"13":[2,0],"14":[0,0],"15":[0,0],"16":[0,0],"17":[0,0],"18":[0,0],"19":[0,0],"20":[0,0],"21":[0,0],"22":[0,0],"23":[2,1],"24":[3,2],"25":[2,2],"26":[0,2],"27":[3,0],"28":[0,2],"29":[0,2],"30":[0,2],"31":[0,2],"32":[0,3],"33":[1,2],"34":[1,1],"35":[2,1],"36":[1,0],"37":[0,1],"38":[0,1],"39":[0,1],"40":[0,1],"41":[0,1],"42":[0,1],"43":[1,0],"44":[0,1],"45":[0,1],"46":[0,1],"47":[0,1],"48":[0,1],"49":[0,1],"50":[0,1],"51":[0,0],"52":[0,1],"53":[0,0],"54":[0,1],"55":[0,2],"56":[0,2],"57":[1,1]},"meta":{"lastBranch":58,"lastFunction":8,"lastStatement":99,"seen":{"f:63:22:63:34":0,"b:63:64:63:68":0,"s:64:41:64:Infinity":0,"b:66:1:68:Infinity:undefined:undefined:undefined:undefined":1,"s:66:1:68:Infinity":1,"s:67:2:67:Infinity":2,"b:70:1:74:Infinity:undefined:undefined:undefined:undefined":2,"s:70:1:74:Infinity":3,"b:70:5:70:39:70:39:70:71":3,"s:71:2:71:Infinity":4,"b:72:2:72:Infinity:undefined:undefined:undefined:undefined":4,"s:72:2:72:Infinity":5,"s:72:38:72:Infinity":6,"b:73:2:73:Infinity:undefined:undefined:undefined:undefined":5,"s:73:2:73:Infinity":7,"s:73:38:73:Infinity":8,"b:76:1:78:Infinity:undefined:undefined:undefined:undefined":6,"s:76:1:78:Infinity":9,"s:77:2:77:Infinity":10,"b:80:1:82:Infinity:undefined:undefined:undefined:undefined":7,"s:80:1:82:Infinity":11,"s:81:2:81:Infinity":12,"b:85:1:109:Infinity:undefined:undefined:undefined:undefined":8,"s:85:1:109:Infinity":13,"b:85:5:85:26:85:26:85:43":9,"s:86:19:86:Infinity":14,"s:87:17:87:Infinity":15,"b:89:2:108:Infini
[...]
,"/Users/maximefourna/Code/evenue/src/lib/server/url-safety.ts": {"path":"/Users/maximefourna/Code/evenue/src/lib/server/url-safety.ts","statementMap":{"0":{"start":{"line":21,"column":26},"end":{"line":21,"column":null}},"1":{"start":{"line":26,"column":26},"end":{"line":33,"column":null}},"2":{"start":{"line":40,"column":15},"end":{"line":40,"column":null}},"3":{"start":{"line":41,"column":1},"end":{"line":41,"column":null}},"4":{"start":{"line":41,"column":25},"end":{"line":41,"column":null}},"5":{"start":{"line":43,"column":16},"end":{"line":43,"column":null}},"6":{"start":{"line":43,"column":33},"end":{"line":43,"column":42}},"7":{"start":{"line":44,"column":1},"end":{"line":44,"column":null}},"8":{"start":{"line":44,"column":24},"end":{"line":44,"column":64}},"9":{"start":{"line":44,"column":67},"end":{"line":44,"column":null}},"10":{"start":{"line":46,"column":16},"end":{"line":46,"column":null}},"11":{"start":{"line":49,"column":1},"end":{"line":49,"column":null}},"12":{"start":{"line":49,"column":14},"end":{"line":49,"column":null}},"13":{"start":{"line":51,"column":1},"end":{"line":51,"column":null}},"14":{"start":{"line":51,"column":15},"end":{"line":51,"column":null}},"15":{"start":{"line":53,"column":1},"end":{"line":53,"column":null}},"16":{"start":{"line":53,"column":16},"end":{"line":53,"column":null}},"17":{"start":{"line":55,"column":1},"end":{"line":55,"column":null}},"18":{"start":{"line":55,"column":29},"end":{"line":55,"column":null}},"19":{"start":{"line":57,"column":1},"end":{"line":57,"column":null}},"20":{"start":{"line":57,"column":38},"end":{"line":57,"column":null}},"21":{"start":{"line":59,"column":1},"end":{"line":59,"column":null}},"22":{"start":{"line":59,"column":29},"end":{"line":59,"column":null}},"23":{"start":{"line":61,"column":1},"end":{"line":61,"column":null}},"24":{"start":{"line":61,"column":39},"end":{"line":61,"column":null}},"25":{"start":{"line":63,"column":1},"end":{"line":63,"column":null}},"26":{"start":{"line":72,"column":9},"end":{"line":72,"column":null}},"27":{"start":{"line":73,"column":1},"end":{"line":73,"column":null}},"28":{"start":{"line":73,"column":43},"end":{"line":73,"column":null}},"29":{"start":{"line":75,"column":1},"end":{"line":75,"column":null}},"30":{"start":{"line":75,"column":32},"end":{"line":75,"column":null}},"31":{"start":{"line":76,"column":1},"end":{"line":76,"column":null}},"32":{"start":{"line":76,"column":27},"end":{"line":76,"column":null}},"33":{"start":{"line":77,"column":1},"end":{"line":77,"column":null}},"34":{"start":{"line":77,"column":47},"end":{"line":77,"column":null}},"35":{"start":{"line":80,"column":22},"end":{"line":80,"column":null}},"36":{"start":{"line":81,"column":1},"end":{"line":81,"column":null}},"37":{"start":{"line":81,"column":19},"end":{"line":81,"column":null}},"38":{"start":{"line":85,"column":19},"end":{"line":85,"column":null}},"39":{"start":{"line":86,"column":1},"end":{"line":91,"column":null}},"40":{"start":{"line":87,"column":13},"end":{"line":87,"column":null}},"41":{"start":{"line":88,"column":13},"end":{"line":88,"column":null}},"42":{"start":{"line":89,"column":15},"end":{"line":89,"column":null}},"43":{"start":{"line":90,"column":2},"end":{"line":90,"column":null}},"44":{"start":{"line":93,"column":1},"end":{"line":93,"column":null}},"45":{"start":{"line":103,"column":1},"end":{"line":105,"column":null}},"46":{"start":{"line":104,"column":2},"end":{"line":104,"column":null}},"47":{"start":{"line":108,"column":1},"end":{"line":112,"column":null}},"48":{"start":{"line":109,"column":2},"end":{"line":109,"column":null}},"49":{"start":{"line":111,"column":2},"end":{"line":111,"column":null}},"50":{"start":{"line":114,"column":1},"end":{"line":119,"column":null}},"51":{"start":{"line":115,"column":2},"end":{"line":118,"column":null}},"52":{"start":{"line":122,"column":1},"end":{"line":124,"column":null}},"53":{"start":{"line":123,"column":2},"end":{"line":123,"column":null}},"54":{"start":{"line":126,"column":18},"end":{"line":126,"column":null}},"55":{"start":{"line":128,"column":1},"end":{"line":130,"column":null}},"56":{"start":{"line":129,"column":2},"end":{"line":129,"column":null}},"57":{"start":{"line":133,"column":1},"end":{"line":135,"column":null}},"58":{"start":{"line":134,"column":2},"end":{"line":134,"column":null}},"59":{"start":{"line":137,"column":1},"end":{"line":139,"column":null}},"60":{"start":{"line":138,"column":2},"end":{"line":138,"column":null}},"61":{"start":{"line":141,"column":1},"end":{"line":141,"column":null}},"62":{"start":{"line":149,"column":16},"end":{"line":149,"column":null}},"63":{"start":{"line":150,"column":1},"end":{"line":152,"column":null}},"64":{"start":{"line":151,"column":2},"end":{"line":151,"column":null}}},"fnMap":{"0":{"name":"isPrivateIPv4","decl":{"start":{"line":39,"column":9},"end":{"line":39,"column":23}},"loc":{"start":{"line":39,"column":46},"end":{"line":64,"column":null}},"line":39},"1":{"name":"(anonymous_1)","decl":{"start":{"line":43,"column":22},"end":{"line":43,"column":27}},"loc":{"start":{"line":43,"column":33},"end":{"line":43,"column":42}},"line":43},"2":{"name":"(anonymous_2)","decl":{"start":{"line":44,"column":12},"end":{"line":44,"column":18}},"loc":{"start":{"line":44,"column":24},"end":{"line":44,"column":64}},"line":44},"3":{"name":"isPrivateIPv6","decl":{"start":{"line":70,"column":9},"end":{"line":70,"column":23}},"loc":{"start":{"line":70,"column":46},"end":{"line":94,"column":null}},"line":70},"4":{"name":"isSafeExternalUrl","decl":{"start":{"line":102,"column":16},"end":{"line":102,"column":34}},"loc":{"start":{"line":102,"column":86},"end":{"line":142,"column":null}},"line":102},"5":{"name":"assertSafeExternalUrl","decl":{"start":{"line":148,"column":16},"end":{"line":148,"column":38}},"loc":{"start":{"line":148,"column":60},"end":{"line":153,"column":null}},"line":148}},"branchMap":{"0":{"loc":{"start":{"line":41,"column":1},"end":{"line":41,"column":null}},"type":"if","locations":[{"start":{"line":41,"column":1},"end":{"line":41,"column":null}},{"start":{},"end":{}}],"line":41},"1":{"loc":{"start":{"line":44,"column":1},"end":{"line":44,"column":null}},"type":"if","locations":[{"start":{"line":44,"column":1},"end":{"line":44,"column":null}},{"start":{},"end":{}}],"line":44},"2":{"loc":{"start":{"line":44,"column":24},"end":{"line":44,"column":64}},"type":"binary-expr","locations":[{"start":{"line":44,"column":24},"end":{"line":44,"column":48}},{"start":{"line":44,"column":48},"end":{"line":44,"column":57}},{"start":{"line":44,"column":57},"end":{"line":44,"column":64}}],"line":44},"3":{"loc":{"start":{"line":49,"column":1},"end":{"line":49,"column":null}},"type":"if","locations":[{"start":{"line":49,"column":1},"end":{"line":49,"column":null}},{"start":{},"end":{}}],"line":49},"4":{"loc":{"start":{"line":51,"column":1},"end":{"line":51,"column":null}},"type":"if","locations":[{"start":{"line":51,"column":1},"end":{"line":51,"column":null}},{"start":{},"end":{}}],"line":51},"5":{"loc":{"start":{"line":53,"column":1},"end":{"line":53,"column":null}},"type":"if","locations":[{"start":{"line":53,"column":1},"end":{"line":53,"column":null}},{"start":{},"end":{}}],"line":53},"6":{"loc":{"start":{"line":55,"column":1},"end":{"line":55,"column":null}},"type":"if","locations":[{"start":{"line":55,"column":1},"end":{"line":55,"column":null}},{"start":{},"end":{}}],"line":55},"7":{"loc":{"start":{"line":55,"column":5},"end":{"line":55,"column":29}},"type":"binary-expr","locations":[{"start":{"line":55,"column":5},"end":{"line":55,"column":18}},{"start":{"line":55,"column":18},"end":{"line":55,"column":29}}],"line":55},"8":{"loc":{"start":{"line":57,"column":1},"end":{"line":57,"column":null}},"type":"if","locations":[{"start":{"line":57,"column":1},"end":{"line":57,"column":null}},{"start":{},"end":{}}],"line":57},"9":{"loc":{"start":{"line":57,"column":5},"end":{"line":57,"column":38}},"type":"binary-expr","locations":[{"start":{"line":57,"column":5},"end":{"line":57,"column":18}},{"start":{"line":57,"column":18},"end":{"line":57,"column":29}},{"start":{"line":57,"column":29},"end":{"line":57,"column":38}}],"line":57},"10":{"loc":{"start":{"line":59,"column":1},"end":{"line":59,"column":null}},"type":"if","locations":[{"start":{"line":59,"column":1},"end":{"line":59,"column":null}},{"start":{},"end":{}}],"line":59},"11":{"loc":{"start":{"line":59,"column":5},"end":{"line":59,"column":29}},"type":"binary-expr","locations":[{"start":{"line":59,"column":5},"end":{"line":59,"column":18}},{"start":{"line":59,"column":18},"end":{"line":59,"column":29}}],"line":59},"12":{"loc":{"start":{"line":61,"column":1},"end":{"line":61,"column":null}},"type":"if","locations":[{"start":{"line":61,"column":1},"end":{"line":61,"column":null}},{"start":{},"end":{}}],"line":61},"13":{"loc":{"start":{"line":61,"column":5},"end":{"line":61,"column":39}},"type":"binary-expr","locations":[{"start":{"line":61,"column":5},"end":{"line":61,"column":18}},{"start":{"line":61,"column":18},"end":{"line":61,"column":29}},{"start":{"line":61,"column":29},"end":{"line":61,"column":39}}],"line":61},"14":{"loc":{"start":{"line":73,"column":1},"end":{"line":73,"column":null}},"type":"if","locations":[{"start":{"line":73,"column":1},"end":{"line":73,"column":null}},{"start":{},"end":{}}],"line":73},"15":{"loc":{"start":{"line":73,"column":5},"end":{"line":73,"column":43}},"type":"binary-expr","locations":[{"start":{"line":73,"column":5},"end":{"line":73,"column":26}},{"start":{"line":73,"column":26},"end":{"line":73,"column":43}}],"line":73},"16":{"loc":{"start":{"line":75,"column":1},"end":{"line":75,"column":null}},"type":"if","locations":[{"start":{"line":75,"column":1},"end":{"line":75,"column":null}},{"start":{},"end":{}}],"line":75},"17":{"loc":{"start":{"line":75,"column":5},"end":{"line":75,"column":32}},"type":"binary-expr","locations":[{"start":{"line":75,"column":5},"end":{"line":75,"column":20}},{"start":{"line":75,"column":20},"end":{"line":75,"column":32}}],"line":75},"18":{"loc":{"start":{"line":76,"column":1},"end":{"line":76,"column":null}},"type":"if","locations":[{"start":{"line":76,"column":1},"end":{"line":76,"column":null}},{"start":{},"end":{}}],"line":76},"19":{"loc":{"start":{"line":77,"column":1},"end":{"line":77,"column":null}},"type":"if","locations":[{"start":{"line":77,"column":1},"end":{"line":77,"column":null}},{"start":{},"end":{}}],"line":77},"20":{"loc":{"start":{"line":77,"column":5},"end":{"line":77,"column":47}},"type":"binary-expr","locations":[{"start":{"line":77,"column":5},"end":{"line":77,"column":27}},{"start":{"line":77,"column":27},"end":{"line":77,"column":47}}],"line":77},"21":{"loc":{"start":{"line":81,"column":1},"end":{"line":81,"column":null}},"type":"if","locations":[{"start":{"line":81,"column":1},"end":{"line":81,"column":null}},{"start":{},"end":{}}],"line":81},"22":{"loc":{"start":{"line":86,"column":1},"end":{"line":91,"column":null}},"type":"if","locations":[{"start":{"line":86,"column":1},"end":{"line":91,"column":null}},{"start":{},"end":{}}],"line":86},"23":{"loc":{"start":{"line":103,"column":1},"end":{"line":105,"column":null}},"type":"if","locations":[{"start":{"line":103,"column":1},"end":{"line":105,"column":null}},{"start":{},"end":{}}],"line":103},"24":{"loc":{"start":{"line":103,"column":5},"end":{"line":103,"column":68}},"type":"binary-expr","locations":[{"start":{"line":103,"column":5},"end":{"line":103,"column":16}},{"start":{"line":103,"column":16},"end":{"line":103,"column":46}},{"start":{"line":103,"column":46},"end":{"line":103,"column":68}}],"line":103},"25":{"loc":{"start":{"line":114,"column":1},"end":{"line":119,"column":null}},"type":"if","locations":[{"start":{"line":114,"column":1},"end":{"line":119,"column":null}},{"start":{},"end":{}}],"line":114},"26":{"loc":{"start":{"line":122,"column":1},"end":{"line":124,"column":null}},"type":"if","locations":[{"start":{"line":122,"column":1},"end":{"line":124,"column":null}},{"start":{},"end":{}}],"line":122},"27":{"loc":{"start":{"line":122,"column":5},"end":{"line":122,"column":41}},"type":"binary-expr","locations":[{"start":{"line":122,"column":5},"end":{"line":122,"column":24}},{"start":{"line":122,"column":24},"end":{"line":122,"column":41}}],"line":122},"28":{"loc":{"start":{"line":128,"column":1},"end":{"line":130,"column":null}},"type":"if","locations":[{"start":{"line":128,"column":1},"end":{"line":130,"column":null}},{"start":{},"end":{}}],"line":128},"29":{"loc":{"start":{"line":133,"column":1},"end":{"line":135,"column":null}},"type":"if","locations":[{"start":{"line":133,"column":1},"end":{"line":135,"column":null}},{"start":{},"end":{}}],"line":133},"30":{"loc":{"start":{"line":133,"column":5},"end":{"line":133,"column":69}},"type":"binary-expr","locations":[{"start":{"line":133,"column":5},"end":{"line":133,"column":40}},{"start":{"line":133,"column":40},"end":{"line":133,"column":69}}],"line":133},"31":{"loc":{"start":{"line":137,"column":1},"end":{"line":139,"column":null}},"type":"if","locations":[{"start":{"line":137,"column":1},"end":{"line":139,"column":null}},{"start":{},"end":{}}],"line":137},"32":{"loc":{"start":{"line":137,"column":5},"end":{"line":137,"column":57}},"type":"binary-expr","locations":[{"start":{"line":137,"column":5},"end":{"line":137,"column":32}},{"start":{"line":137,"column":32},"end":{"line":137,"column":57}}],"line":137},"33":{"loc":{"start":{"line":150,"column":1},"end":{"line":152,"column":null}},"type":"if","locations":[{"start":{"line":150,"column":1},"end":{"line":152,"column":null}},{"start":{},"end":{}}],"line":150}},"s":{"0":3,"1":3,"2":14,"3":14,"4":6,"5":8,"6":32,"7":8,"8":32,"9":0,"10":8,"11":8,"12":0,"13":8,"14":1,"15":7,"16":1,"17":6,"18":3,"19":3,"20":1,"21":2,"22":2,"23":0,"24":0,"25":0,"26":6,"27":6,"28":2,"29":6,"30":1,"31":5,"32":0,"33":5,"34":0,"35":5,"36":5,"37":0,"38":5,"39":5,"40":1,"41":1,"42":1,"43":1,"44":4,"45":25,"46":3,"47":22,"48":22,"49":2,"50":20,"51":3,"52":17,"53":1,"54":16,"55":16,"56":2,"57":14,"58":1,"59":13,"60":9,"61":4,"62":5,"63":5,"64":3},"f":{"0":14,"1":32,"2":32,"3":6,"4":25,"5":5},"b":{"0":[6,8],"1":[0,8],"2":[32,32,32],"3":[0,8],"4":[1,7],"5":[1,6],"6":[3,3],"7":[6,3],"8":[1,2],"9":[3,1,1],"10":[2,0],"11":[2,2],"12":[0,0],"13":[0,0,0],"14":[2,4],"15":[6,2],"16":[1,5],"17":[6,5],"18":[0,5],"19":[0,5],"20":[5,5],"21":[0,5],"22":[1,4],"23":[3,22],"24":[25,22,22],"25":[3,17],"26":[1,16],"27":[17,16],"28":[2,14],"29":[1,13],"30":[14,13],"31":[9,4],"32":[13,6],"33":[3,2]},"meta":{"lastBranch":34,"lastFunction":6,"lastStatement":65,"seen":{"s:21:26:21:Infinity":0,"s:26:26:33:Infinity":1,"f:39:9:39:23":0,"s:40:15:40:Infinity":2,"b:41:1:41:Infinity:undefined:undefined:undefined:undefined":0,"s:41:1:41:Infinity":3,"s:41:25:41:Infinity":4,"s:43:16:43:Infinity":5,"f:43:22:43:27":1,"s:43:33:43:42":6,"b:44:1:44:Infinity:undefined:undefined:undefined:undefined":1,"s:44:1:44:Infinity":7,"f:44:12:44:18":2,"s:44:24:44:64":8,"b:44:24:44:48:44:48:44:57:44:57:44:64":2,"s:44:67:44:Infinity":9,"s:46:16:46:Infinity":10,"b:49:1:49:Infinity:undefined:undefined:undefined:undefined":3,"s:49:1:49:Infinity":11,"s:49:14:49:Infinity":12,"b:51:1:51:Infinity:undefined:undefined:undefined:undefined":4,"s:51:1:51:Infinity":13,"s:51:15:51:Infinity":14,"b:53:1:53:Infinity:undefined:undefined:undefined:undefined":5,"s:53:1:53:Infinity":15,"s:53:16:53:Infinity":16,"b:55:1:55:Infinity:undefined:undefined:undefined:undefined":6,"s:55:1:55:Infinity":17,"b:55:5:55:18:55:18:55:29":7,"s:55:29:55:Infinity":18,"b:57:1:57:Infinity:undefined:undefined:undefined:undefined":8,"s:57:1:57:Infinity":19,"b:57:5:57:18:57:18:57:29:57:29:57:38":9,"s:57:38:57:Infinity":20,"b:59:1:59:Infinity:undefined:undefined:undefined:undefined":10,"s:59:1:59:Infinity":21,"b:59:5:59:18:59:18:59:29":11,"s:59:29:59:Infinity":22,"b:61:1:61:Infinity:undefined:undefined:undefined:undefined":12,"s:61:1:61:Infinity":23,"b:61:5:61:18:61:18:61:29:61:29:61:39":13,"s:61:39:61:Infinity":24,"s:63:1:63:Infinity":25,"f:70:9:70:23":3,"s:72:9:72:Infinity":26,"b:73:1:73:Infinity:undefined:undefined:undefined:undefined":14,"s:73:1:73:Infinity":27,"b:73:5:73:26:73:26:73:43":15,"s:73:43:73:Infinity":28,"b:75:1:75:Infinity:undefined:undefined:undefined:undefined":16,"s:75:1:75:Infinity":29,"b:75:5:75:20:75:20:75:32":17,"s:75:32:75:Infinity":30,"b:76:1:76:Infinity:undefined:undefined:undefined:undefined":18,"s:76:1:76:Infinity":31,"s:76:27:76:Infinity":32,"b:77:1:77:Infinity:undefined:undefined:undefined:undefined":19,"s:77:1:77:Infinity":33,"b:77:5:77:27:77:27:77:47":20,"s:77:47:77:Infinity":34,"s:80:22:80:Infinity":35,"b:81:1:81:Infinity:undefined:undefined:undefined:undefined":21,"s:81:1:81:Infinity":36,"s:81:19:81:Infinity":37,"s:85:19:85:Infinity":38,"b:86:1:91:Infinity:undefined:undefined:undefined:undefined":22,"s:86:1:91:Infinity":39,"s:87:13:87:Infinity":40,"s:88:13:88:Infinity":41,"s:89:15:89:Infinity":42,"s:90:2:90:Infinity":43,"s:93:1:93:Infinity":44,"f:102:16:102:34":4,"b:103:1:105:Infinity:undefined:undefined:undefined:undefined":23,"s:103:1:105:Infinity":45,"b:103:5:103:16:103:16:103:46:103:46:103:68":24,"s:104:2:104:Infinity":46,"s:108:1:112:Infinity":47,"s:109:2:109:Infinity":48,"s:111:2:111:Infinity":49,"b:114:1:119:Infinity:undefined:undefined:undefined:undefined":25,"s:114:1:119:Infinity":50,"s:115:2:118:Infinity":51,"b:122:1:124:Infinity:undefined:undefined:undefined:undefined":26,"s:122:1:124:Infinity":52,"b:122:5:122:24:122:24:122:41":27,"s:123:2:123:Infinity":53,"s:126:18:126:Infinity":54,"b:128:1:130:Infinity:undefined:undefined:undefined:undefined":28,"s:128:1:130:Infinity":55,"s:129:2:129:Infinity":56,"b:133:1:135:Infinity:undefined:undefined:undefined:undefined":29,"s:133:1:135:Infinity":57,"b:133:5:133:40:133:40:133:69":30,"s:134:2:134:Infinity":58,"b:137:1:139:Infinity:undefined:undefined:undefined:undefined":31,"s:137:1:139:Infinity":59,"b:137:5:137:32:137:32:137:57":32,"s:138:2:138:Infinity":60,"s:141:1:141:Infinity":61,"f:148:16:148:38":5,"s:149:16:149:Infinity":62,"b:150:1:152:Infinity:undefined:undefined:undefined:undefined":33,"s:150:1:152:Infinity":63,"s:151:2:151:Infinity":64},"fnNames":{}}}
,"/Users/maximefourna/Code/evenue/src/lib/server/wakam.ts": {"path":"/Users/maximefourna/Code/evenue/src/lib/server/wakam.ts","statementMap":{"0":{"start":{"line":14,"column":28},"end":{"line":14,"column":null}},"1":{"start":{"line":24,"column":35},"end":{"line":35,"column":null}},"2":{"start":{"line":28,"column":18},"end":{"line":34,"column":null}},"3":{"start":{"line":55,"column":1},"end":{"line":55,"column":null}},"4":{"start":{"line":57,"column":1},"end":{"line":80,"column":null}},"5":{"start":{"line":58,"column":40},"end":{"line":64,"column":null}},"6":{"start":{"line":66,"column":2},"end":{"line":77,"column":null}},"7":{"start":{"line":79,"column":2},"end":{"line":79,"column":null}}},"fnMap":{"0":{"name":"(anonymous_0)","decl":{"start":{"line":28,"column":1},"end":{"line":28,"column":18}},"loc":{"start":{"line":28,"column":18},"end":{"line":34,"column":null}},"line":28},"1":{"name":"issueWakamInsurancePolicy","decl":{"start":{"line":49,"column":22},"end":{"line":49,"column":null}},"loc":{"start":{"line":54,"column":34},"end":{"line":81,"column":null}},"line":54},"2":{"name":"(anonymous_2)","decl":{"start":{"line":57,"column":42},"end":{"line":57,"column":54}},"loc":{"start":{"line":57,"column":54},"end":{"line":80,"column":2}},"line":57}},"branchMap":{},"s":{"0":1,"1":1,"2":0,"3":1,"4":1,"5":1,"6":1,"7":1},"f":{"0":0,"1":1,"2":1},"b":{},"meta":{"lastBranch":0,"lastFunction":3,"lastStatement":8,"seen":{"s:14:28:14:Infinity":0,"s:24:35:35:Infinity":1,"f:28:1:28:18":0,"s:28:18:34:Infinity":2,"f:49:22:49:Infinity":1,"s:55:1:55:Infinity":3,"s:57:1:80:Infinity":4,"f:57:42:57:54":2,"s:58:40:64:Infinity":5,"s:66:2:77:Infinity":6,"s:79:2:79:Infinity":7},"fnNames":{}}}
}
