{"/Users/maximefourna/Code/evenue/src/lib/server/auth.ts": {"path":"/Users/maximefourna/Code/evenue/src/lib/server/auth.ts","statementMap":{"0":{"start":{"line":9,"column":14},"end":{"line":9,"column":null}},"1":{"start":{"line":10,"column":24},"end":{"line":10,"column":null}},"2":{"start":{"line":11,"column":1},"end":{"line":11,"column":null}},"3":{"start":{"line":18,"column":21},"end":{"line":18,"column":null}},"4":{"start":{"line":19,"column":1},"end":{"line":19,"column":null}},"5":{"start":{"line":19,"column":20},"end":{"line":19,"column":null}},"6":{"start":{"line":20,"column":22},"end":{"line":20,"column":null}},"7":{"start":{"line":21,"column":19},"end":{"line":21,"column":null}},"8":{"start":{"line":22,"column":1},"end":{"line":22,"column":null}},"9":{"start":{"line":37,"column":22},"end":{"line":39,"column":null}},"10":{"start":{"line":41,"column":1},"end":{"line":43,"column":null}},"11":{"start":{"line":42,"column":2},"end":{"line":42,"column":null}},"12":{"start":{"line":45,"column":22},"end":{"line":45,"column":null}},"13":{"start":{"line":47,"column":14},"end":{"line":66,"column":null}},"14":{"start":{"line":68,"column":1},"end":{"line":68,"column":null}},"15":{"start":{"line":75,"column":14},"end":{"line":77,"column":null}},"16":{"start":{"line":79,"column":1},"end":{"line":81,"column":null}},"17":{"start":{"line":80,"column":2},"end":{"line":80,"column":null}},"18":{"start":{"line":83,"column":17},"end":{"line":83,"column":null}},"19":{"start":{"line":85,"column":1},"end":{"line":87,"column":null}},"20":{"start":{"line":86,"column":2},"end":{"line":86,"column":null}},"21":{"start":{"line":89,"column":1},"end":{"line":97,"column":null}}},"fnMap":{"0":{"name":"hashPassword","decl":{"start":{"line":8,"column":16},"end":{"line":8,"column":29}},"loc":{"start":{"line":8,"column":55},"end":{"line":12,"column":null}},"line":8},"1":{"name":"verifyPassword","decl":{"start":{"line":17,"column":16},"end":{"line":17,"column":31}},"loc":{"start":{"line":17,"column":78},"end":{"line":23,"column":null}},"line":17},"2":{"name":"registerUser","decl":{"start":{"line":36,"column":22},"end":{"line":36,"column":35}},"loc":{"start":{"line":36,"column":57},"end":{"line":69,"column":null}},"line":36},"3":{"name":"loginUser","decl":{"start":{"line":74,"column":22},"end":{"line":74,"column":32}},"loc":{"start":{"line":74,"column":65},"end":{"line":98,"column":null}},"line":74}},"branchMap":{"0":{"loc":{"start":{"line":19,"column":1},"end":{"line":19,"column":null}},"type":"if","locations":[{"start":{"line":19,"column":1},"end":{"line":19,"column":null}},{"start":{},"end":{}}],"line":19},"1":{"loc":{"start":{"line":19,"column":5},"end":{"line":19,"column":20}},"type":"binary-expr","locations":[{"start":{"line":19,"column":5},"end":{"line":19,"column":14}},{"start":{"line":19,"column":14},"end":{"line":19,"column":20}}],"line":19},"2":{"loc":{"start":{"line":41,"column":1},"end":{"line":43,"column":null}},"type":"if","locations":[{"start":{"line":41,"column":1},"end":{"line":43,"column":null}},{"start":{},"end":{}}],"line":41},"3":{"loc":{"start":{"line":53,"column":9},"end":{"line":53,"column":null}},"type":"binary-expr","locations":[{"start":{"line":53,"column":9},"end":{"line":53,"column":23}},{"start":{"line":53,"column":23},"end":{"line":53,"column":null}}],"line":53},"4":{"loc":{"start":{"line":79,"column":1},"end":{"line":81,"column":null}},"type":"if","locations":[{"start":{"line":79,"column":1},"end":{"line":81,"column":null}},{"start":{},"end":{}}],"line":79},"5":{"loc":{"start":{"line":85,"column":1},"end":{"line":87,"column":null}},"type":"if","locations":[{"start":{"line":85,"column":1},"end":{"line":87,"column":null}},{"start":{},"end":{}}],"line":85}},"s":{"0":6,"1":6,"2":6,"3":4,"4":4,"5":1,"6":3,"7":3,"8":3,"9":2,"10":2,"11":1,"12":1,"13":1,"14":1,"15":2,"16":2,"17":1,"18":1,"19":1,"20":0,"21":1},"f":{"0":6,"1":4,"2":2,"3":2},"b":{"0":[1,3],"1":[4,4],"2":[1,1],"3":[1,0],"4":[1,1],"5":[0,1]},"meta":{"lastBranch":6,"lastFunction":4,"lastStatement":22,"seen":{"f:8:16:8:29":0,"s:9:14:9:Infinity":0,"s:10:24:10:Infinity":1,"s:11:1:11:Infinity":2,"f:17:16:17:31":1,"s:18:21:18:Infinity":3,"b:19:1:19:Infinity:undefined:undefined:undefined:undefined":0,"s:19:1:19:Infinity":4,"b:19:5:19:14:19:14:19:20":1,"s:19:20:19:Infinity":5,"s:20:22:20:Infinity":6,"s:21:19:21:Infinity":7,"s:22:1:22:Infinity":8,"f:36:22:36:35":2,"s:37:22:39:Infinity":9,"b:41:1:43:Infinity:undefined:undefined:undefined:undefined":2,"s:41:1:43:Infinity":10,"s:42:2:42:Infinity":11,"s:45:22:45:Infinity":12,"s:47:14:66:Infinity":13,"b:53:9:53:23:53:23:53:Infinity":3,"s:68:1:68:Infinity":14,"f:74:22:74:32":3,"s:75:14:77:Infinity":15,"b:79:1:81:Infinity:undefined:undefined:undefined:undefined":4,"s:79:1:81:Infinity":16,"s:80:2:80:Infinity":17,"s:83:17:83:Infinity":18,"b:85:1:87:Infinity:undefined:undefined:undefined:undefined":5,"s:85:1:87:Infinity":19,"s:86:2:86:Infinity":20,"s:89:1:97:Infinity":21},"fnNames":{}}}
,"/Users/maximefourna/Code/evenue/src/lib/server/bookings.ts": {"path":"/Users/maximefourna/Code/evenue/src/lib/server/bookings.ts","statementMap":{"0":{"start":{"line":15,"column":15},"end":{"line":15,"column":null}},"1":{"start":{"line":16,"column":13},"end":{"line":16,"column":null}},"2":{"start":{"line":18,"column":1},"end":{"line":20,"column":null}},"3":{"start":{"line":19,"column":2},"end":{"line":19,"column":null}},"4":{"start":{"line":22,"column":1},"end":{"line":24,"column":null}},"5":{"start":{"line":23,"column":2},"end":{"line":23,"column":null}},"6":{"start":{"line":27,"column":17},"end":{"line":30,"column":null}},"7":{"start":{"line":32,"column":1},"end":{"line":34,"column":null}},"8":{"start":{"line":33,"column":2},"end":{"line":33,"column":null}},"9":{"start":{"line":36,"column":1},"end":{"line":38,"column":null}},"10":{"start":{"line":37,"column":2},"end":{"line":37,"column":null}},"11":{"start":{"line":41,"column":22},"end":{"line":41,"column":null}},"12":{"start":{"line":42,"column":1},"end":{"line":44,"column":null}},"13":{"start":{"line":43,"column":2},"end":{"line":43,"column":null}},"14":{"start":{"line":47,"column":21},"end":{"line":47,"column":null}},"15":{"start":{"line":48,"column":20},"end":{"line":48,"column":null}},"16":{"start":{"line":49,"column":21},"end":{"line":49,"column":null}},"17":{"start":{"line":50,"column":22},"end":{"line":50,"column":null}},"18":{"start":{"line":53,"column":22},"end":{"line":57,"column":null}},"19":{"start":{"line":60,"column":17},"end":{"line":74,"column":null}},"20":{"start":{"line":77,"column":19},"end":{"line":82,"column":null}},"21":{"start":{"line":84,"column":16},"end":{"line":91,"column":null}},"22":{"start":{"line":93,"column":1},"end":{"line":97,"column":null}},"23":{"start":{"line":101,"column":1},"end":{"line":113,"column":null}}},"fnMap":{"0":{"name":"createBooking","decl":{"start":{"line":14,"column":22},"end":{"line":14,"column":36}},"loc":{"start":{"line":14,"column":63},"end":{"line":98,"column":null}},"line":14},"1":{"name":"getUserBookings","decl":{"start":{"line":100,"column":22},"end":{"line":100,"column":38}},"loc":{"start":{"line":100,"column":54},"end":{"line":114,"column":null}},"line":100}},"branchMap":{"0":{"loc":{"start":{"line":18,"column":1},"end":{"line":20,"column":null}},"type":"if","locations":[{"start":{"line":18,"column":1},"end":{"line":20,"column":null}},{"start":{},"end":{}}],"line":18},"1":{"loc":{"start":{"line":18,"column":5},"end":{"line":18,"column":53}},"type":"binary-expr","locations":[{"start":{"line":18,"column":5},"end":{"line":18,"column":31}},{"start":{"line":18,"column":31},"end":{"line":18,"column":53}}],"line":18},"2":{"loc":{"start":{"line":22,"column":1},"end":{"line":24,"column":null}},"type":"if","locations":[{"start":{"line":22,"column":1},"end":{"line":24,"column":null}},{"start":{},"end":{}}],"line":22},"3":{"loc":{"start":{"line":32,"column":1},"end":{"line":34,"column":null}},"type":"if","locations":[{"start":{"line":32,"column":1},"end":{"line":34,"column":null}},{"start":{},"end":{}}],"line":32},"4":{"loc":{"start":{"line":36,"column":1},"end":{"line":38,"column":null}},"type":"if","locations":[{"start":{"line":36,"column":1},"end":{"line":38,"column":null}},{"start":{},"end":{}}],"line":36},"5":{"loc":{"start":{"line":42,"column":1},"end":{"line":44,"column":null}},"type":"if","locations":[{"start":{"line":42,"column":1},"end":{"line":44,"column":null}},{"start":{},"end":{}}],"line":42},"6":{"loc":{"start":{"line":43,"column":18},"end":{"line":43,"column":86}},"type":"binary-expr","locations":[{"start":{"line":43,"column":18},"end":{"line":43,"column":41}},{"start":{"line":43,"column":41},"end":{"line":43,"column":86}}],"line":43},"7":{"loc":{"start":{"line":56,"column":2},"end":{"line":56,"column":null}},"type":"binary-expr","locations":[{"start":{"line":56,"column":2},"end":{"line":56,"column":34}},{"start":{"line":56,"column":34},"end":{"line":56,"column":null}}],"line":56},"8":{"loc":{"start":{"line":89,"column":11},"end":{"line":89,"column":null}},"type":"cond-expr","locations":[{"start":{"line":89,"column":43},"end":{"line":89,"column":54}},{"start":{"line":89,"column":54},"end":{"line":89,"column":null}}],"line":89}},"s":{"0":5,"1":5,"2":5,"3":1,"4":4,"5":1,"6":3,"7":3,"8":0,"9":3,"10":1,"11":2,"12":2,"13":1,"14":1,"15":1,"16":1,"17":1,"18":1,"19":1,"20":1,"21":1,"22":1,"23":1},"f":{"0":5,"1":1},"b":{"0":[1,4],"1":[5,4],"2":[1,3],"3":[0,3],"4":[1,2],"5":[1,1],"6":[1,0],"7":[1,0],"8":[1,0]},"meta":{"lastBranch":9,"lastFunction":2,"lastStatement":24,"seen":{"f:14:22:14:36":0,"s:15:15:15:Infinity":0,"s:16:13:16:Infinity":1,"b:18:1:20:Infinity:undefined:undefined:undefined:undefined":0,"s:18:1:20:Infinity":2,"b:18:5:18:31:18:31:18:53":1,"s:19:2:19:Infinity":3,"b:22:1:24:Infinity:undefined:undefined:undefined:undefined":2,"s:22:1:24:Infinity":4,"s:23:2:23:Infinity":5,"s:27:17:30:Infinity":6,"b:32:1:34:Infinity:undefined:undefined:undefined:undefined":3,"s:32:1:34:Infinity":7,"s:33:2:33:Infinity":8,"b:36:1:38:Infinity:undefined:undefined:undefined:undefined":4,"s:36:1:38:Infinity":9,"s:37:2:37:Infinity":10,"s:41:22:41:Infinity":11,"b:42:1:44:Infinity:undefined:undefined:undefined:undefined":5,"s:42:1:44:Infinity":12,"s:43:2:43:Infinity":13,"b:43:18:43:41:43:41:43:86":6,"s:47:21:47:Infinity":14,"s:48:20:48:Infinity":15,"s:49:21:49:Infinity":16,"s:50:22:50:Infinity":17,"s:53:22:57:Infinity":18,"b:56:2:56:34:56:34:56:Infinity":7,"s:60:17:74:Infinity":19,"s:77:19:82:Infinity":20,"s:84:16:91:Infinity":21,"b:89:43:89:54:89:54:89:Infinity":8,"s:93:1:97:Infinity":22,"f:100:22:100:38":1,"s:101:1:113:Infinity":23},"fnNames":{}}}
,"/Users/maximefourna/Code/evenue/src/lib/server/circuit-breaker.ts": {"path":"/Users/maximefourna/Code/evenue/src/lib/server/circuit-breaker.ts","statementMap":{"0":{"start":{"line":21,"column":2},"end":{"line":21,"column":null}},"1":{"start":{"line":22,"column":2},"end":{"line":22,"column":null}},"2":{"start":{"line":27,"column":31},"end":{"line":27,"column":null}},"3":{"start":{"line":28,"column":32},"end":{"line":28,"column":null}},"4":{"start":{"line":29,"column":39},"end":{"line":29,"column":null}},"5":{"start":{"line":37,"column":2},"end":{"line":37,"column":null}},"6":{"start":{"line":38,"column":2},"end":{"line":38,"column":null}},"7":{"start":{"line":39,"column":2},"end":{"line":39,"column":null}},"8":{"start":{"line":40,"column":2},"end":{"line":40,"column":null}},"9":{"start":{"line":44,"column":2},"end":{"line":49,"column":null}},"10":{"start":{"line":45,"column":15},"end":{"line":45,"column":null}},"11":{"start":{"line":46,"column":3},"end":{"line":48,"column":null}},"12":{"start":{"line":47,"column":4},"end":{"line":47,"column":null}},"13":{"start":{"line":50,"column":2},"end":{"line":50,"column":null}},"14":{"start":{"line":54,"column":2},"end":{"line":54,"column":null}},"15":{"start":{"line":58,"column":23},"end":{"line":58,"column":null}},"16":{"start":{"line":60,"column":2},"end":{"line":65,"column":null}},"17":{"start":{"line":61,"column":3},"end":{"line":63,"column":null}},"18":{"start":{"line":62,"column":4},"end":{"line":62,"column":null}},"19":{"start":{"line":64,"column":3},"end":{"line":64,"column":null}},"20":{"start":{"line":67,"column":2},"end":{"line":77,"column":null}},"21":{"start":{"line":68,"column":18},"end":{"line":68,"column":null}},"22":{"start":{"line":69,"column":3},"end":{"line":69,"column":null}},"23":{"start":{"line":70,"column":3},"end":{"line":70,"column":null}},"24":{"start":{"line":72,"column":3},"end":{"line":72,"column":null}},"25":{"start":{"line":73,"column":3},"end":{"line":75,"column":null}},"26":{"start":{"line":74,"column":4},"end":{"line":74,"column":null}},"27":{"start":{"line":76,"column":3},"end":{"line":76,"column":null}},"28":{"start":{"line":81,"column":2},"end":{"line":84,"column":null}},"29":{"start":{"line":82,"column":3},"end":{"line":82,"column":null}},"30":{"start":{"line":83,"column":3},"end":{"line":83,"column":null}},"31":{"start":{"line":88,"column":2},"end":{"line":88,"column":null}},"32":{"start":{"line":89,"column":2},"end":{"line":91,"column":null}},"33":{"start":{"line":90,"column":3},"end":{"line":90,"column":null}},"34":{"start":{"line":95,"column":2},"end":{"line":103,"column":null}},"35":{"start":{"line":96,"column":20},"end":{"line":96,"column":null}},"36":{"start":{"line":97,"column":3},"end":{"line":97,"column":null}},"37":{"start":{"line":98,"column":3},"end":{"line":98,"column":null}},"38":{"start":{"line":100,"column":3},"end":{"line":102,"column":null}},"39":{"start":{"line":101,"column":4},"end":{"line":101,"column":null}},"40":{"start":{"line":107,"column":2},"end":{"line":107,"column":null}},"41":{"start":{"line":108,"column":2},"end":{"line":108,"column":null}},"42":{"start":{"line":112,"column":35},"end":{"line":112,"column":null}}},"fnMap":{"0":{"name":"constructor","decl":{"start":{"line":20,"column":1},"end":{"line":20,"column":13}},"loc":{"start":{"line":20,"column":87},"end":{"line":23,"column":null}},"line":20},"1":{"name":"constructor_2","decl":{"start":{"line":36,"column":1},"end":{"line":36,"column":13}},"loc":{"start":{"line":36,"column":53},"end":{"line":41,"column":null}},"line":36},"2":{"name":"getState","decl":{"start":{"line":43,"column":1},"end":{"line":43,"column":8}},"loc":{"start":{"line":43,"column":33},"end":{"line":51,"column":null}},"line":43},"3":{"name":"getFailureCount","decl":{"start":{"line":53,"column":1},"end":{"line":53,"column":8}},"loc":{"start":{"line":53,"column":34},"end":{"line":55,"column":null}},"line":53},"4":{"name":"execute","decl":{"start":{"line":57,"column":14},"end":{"line":57,"column":22}},"loc":{"start":{"line":57,"column":60},"end":{"line":78,"column":null}},"line":57},"5":{"name":"onSuccess","decl":{"start":{"line":80,"column":1},"end":{"line":80,"column":9}},"loc":{"start":{"line":80,"column":27},"end":{"line":85,"column":null}},"line":80},"6":{"name":"onFailure","decl":{"start":{"line":87,"column":1},"end":{"line":87,"column":9}},"loc":{"start":{"line":87,"column":27},"end":{"line":92,"column":null}},"line":87},"7":{"name":"transitionTo","decl":{"start":{"line":94,"column":1},"end":{"line":94,"column":9}},"loc":{"start":{"line":94,"column":52},"end":{"line":104,"column":null}},"line":94},"8":{"name":"reset","decl":{"start":{"line":106,"column":1},"end":{"line":106,"column":8}},"loc":{"start":{"line":106,"column":22},"end":{"line":109,"column":null}},"line":106}},"branchMap":{"0":{"loc":{"start":{"line":20,"column":13},"end":{"line":20,"column":87}},"type":"default-arg","locations":[{"start":{"line":20,"column":31},"end":{"line":20,"column":87}}],"line":20},"1":{"loc":{"start":{"line":36,"column":13},"end":{"line":36,"column":53}},"type":"default-arg","locations":[{"start":{"line":36,"column":49},"end":{"line":36,"column":53}}],"line":36},"2":{"loc":{"start":{"line":37,"column":26},"end":{"line":37,"column":null}},"type":"binary-expr","locations":[{"start":{"line":37,"column":26},"end":{"line":37,"column":54}},{"start":{"line":37,"column":54},"end":{"line":37,"column":null}}],"line":37},"3":{"loc":{"start":{"line":38,"column":24},"end":{"line":38,"column":null}},"type":"binary-expr","locations":[{"start":{"line":38,"column":24},"end":{"line":38,"column":50}},{"start":{"line":38,"column":50},"end":{"line":38,"column":null}}],"line":38},"4":{"loc":{"start":{"line":44,"column":2},"end":{"line":49,"column":null}},"type":"if","locations":[{"start":{"line":44,"column":2},"end":{"line":49,"column":null}},{"start":{},"end":{}}],"line":44},"5":{"loc":{"start":{"line":46,"column":3},"end":{"line":48,"column":null}},"type":"if","locations":[{"start":{"line":46,"column":3},"end":{"line":48,"column":null}},{"start":{},"end":{}}],"line":46},"6":{"loc":{"start":{"line":60,"column":2},"end":{"line":65,"column":null}},"type":"if","locations":[{"start":{"line":60,"column":2},"end":{"line":65,"column":null}},{"start":{},"end":{}}],"line":60},"7":{"loc":{"start":{"line":61,"column":3},"end":{"line":63,"column":null}},"type":"if","locations":[{"start":{"line":61,"column":3},"end":{"line":63,"column":null}},{"start":{},"end":{}}],"line":61},"8":{"loc":{"start":{"line":73,"column":3},"end":{"line":75,"column":null}},"type":"if","locations":[{"start":{"line":73,"column":3},"end":{"line":75,"column":null}},{"start":{},"end":{}}],"line":73},"9":{"loc":{"start":{"line":81,"column":2},"end":{"line":84,"column":null}},"type":"if","locations":[{"start":{"line":81,"column":2},"end":{"line":84,"column":null}},{"start":{},"end":{}}],"line":81},"10":{"loc":{"start":{"line":81,"column":6},"end":{"line":81,"column":59}},"type":"binary-expr","locations":[{"start":{"line":81,"column":6},"end":{"line":81,"column":36}},{"start":{"line":81,"column":36},"end":{"line":81,"column":59}}],"line":81},"11":{"loc":{"start":{"line":89,"column":2},"end":{"line":91,"column":null}},"type":"if","locations":[{"start":{"line":89,"column":2},"end":{"line":91,"column":null}},{"start":{},"end":{}}],"line":89},"12":{"loc":{"start":{"line":89,"column":6},"end":{"line":89,"column":80}},"type":"binary-expr","locations":[{"start":{"line":89,"column":6},"end":{"line":89,"column":36}},{"start":{"line":89,"column":36},"end":{"line":89,"column":80}}],"line":89},"13":{"loc":{"start":{"line":95,"column":2},"end":{"line":103,"column":null}},"type":"if","locations":[{"start":{"line":95,"column":2},"end":{"line":103,"column":null}},{"start":{},"end":{}}],"line":95},"14":{"loc":{"start":{"line":100,"column":3},"end":{"line":102,"column":null}},"type":"if","locations":[{"start":{"line":100,"column":3},"end":{"line":102,"column":null}},{"start":{},"end":{}}],"line":100}},"s":{"0":1,"1":1,"2":9,"3":9,"4":9,"5":9,"6":9,"7":9,"8":9,"9":22,"10":8,"11":8,"12":2,"13":22,"14":2,"15":12,"16":12,"17":2,"18":1,"19":1,"20":10,"21":10,"22":3,"23":3,"24":7,"25":7,"26":1,"27":6,"28":3,"29":1,"30":1,"31":7,"32":7,"33":5,"34":8,"35":8,"36":8,"37":8,"38":8,"39":1,"40":0,"41":0,"42":2},"f":{"0":1,"1":9,"2":22,"3":2,"4":12,"5":3,"6":7,"7":8,"8":0},"b":{"0":[1],"1":[9],"2":[9,3],"3":[9,6],"4":[8,14],"5":[2,6],"6":[2,10],"7":[1,1],"8":[1,6],"9":[1,2],"10":[3,2],"11":[5,2],"12":[7,7],"13":[8,0],"14":[1,7]},"meta":{"lastBranch":15,"lastFunction":9,"lastStatement":43,"seen":{"f:20:1:20:13":0,"b:20:31:20:87":0,"s:21:2:21:Infinity":0,"s:22:2:22:Infinity":1,"s:27:31:27:Infinity":2,"s:28:32:28:Infinity":3,"s:29:39:29:Infinity":4,"f:36:1:36:13":1,"b:36:49:36:53":1,"s:37:2:37:Infinity":5,"b:37:26:37:54:37:54:37:Infinity":2,"s:38:2:38:Infinity":6,"b:38:24:38:50:38:50:38:Infinity":3,"s:39:2:39:Infinity":7,"s:40:2:40:Infinity":8,"f:43:1:43:8":2,"b:44:2:49:Infinity:undefined:undefined:undefined:undefined":4,"s:44:2:49:Infinity":9,"s:45:15:45:Infinity":10,"b:46:3:48:Infinity:undefined:undefined:undefined:undefined":5,"s:46:3:48:Infinity":11,"s:47:4:47:Infinity":12,"s:50:2:50:Infinity":13,"f:53:1:53:8":3,"s:54:2:54:Infinity":14,"f:57:14:57:22":4,"s:58:23:58:Infinity":15,"b:60:2:65:Infinity:undefined:undefined:undefined:undefined":6,"s:60:2:65:Infinity":16,"b:61:3:63:Infinity:undefined:undefined:undefined:undefined":7,"s:61:3:63:Infinity":17,"s:62:4:62:Infinity":18,"s:64:3:64:Infinity":19,"s:67:2:77:Infinity":20,"s:68:18:68:Infinity":21,"s:69:3:69:Infinity":22,"s:70:3:70:Infinity":23,"s:72:3:72:Infinity":24,"b:73:3:75:Infinity:undefined:undefined:undefined:undefined":8,"s:73:3:75:Infinity":25,"s:74:4:74:Infinity":26,"s:76:3:76:Infinity":27,"f:80:1:80:9":5,"b:81:2:84:Infinity:undefined:undefined:undefined:undefined":9,"s:81:2:84:Infinity":28,"b:81:6:81:36:81:36:81:59":10,"s:82:3:82:Infinity":29,"s:83:3:83:Infinity":30,"f:87:1:87:9":6,"s:88:2:88:Infinity":31,"b:89:2:91:Infinity:undefined:undefined:undefined:undefined":11,"s:89:2:91:Infinity":32,"b:89:6:89:36:89:36:89:80":12,"s:90:3:90:Infinity":33,"f:94:1:94:9":7,"b:95:2:103:Infinity:undefined:undefined:undefined:undefined":13,"s:95:2:103:Infinity":34,"s:96:20:96:Infinity":35,"s:97:3:97:Infinity":36,"s:98:3:98:Infinity":37,"b:100:3:102:Infinity:undefined:undefined:undefined:undefined":14,"s:100:3:102:Infinity":38,"s:101:4:101:Infinity":39,"f:106:1:106:8":8,"s:107:2:107:Infinity":40,"s:108:2:108:Infinity":41,"s:112:35:112:Infinity":42},"fnNames":{}}}
,"/Users/maximefourna/Code/evenue/src/lib/server/claims.ts": {"path":"/Users/maximefourna/Code/evenue/src/lib/server/claims.ts","statementMap":{"0":{"start":{"line":34,"column":1},"end":{"line":36,"column":null}},"1":{"start":{"line":35,"column":2},"end":{"line":35,"column":null}},"2":{"start":{"line":38,"column":1},"end":{"line":40,"column":null}},"3":{"start":{"line":39,"column":2},"end":{"line":39,"column":null}},"4":{"start":{"line":43,"column":17},"end":{"line":49,"column":null}},"5":{"start":{"line":51,"column":1},"end":{"line":53,"column":null}},"6":{"start":{"line":52,"column":2},"end":{"line":52,"column":null}},"7":{"start":{"line":56,"column":1},"end":{"line":58,"column":null}},"8":{"start":{"line":57,"column":2},"end":{"line":57,"column":null}},"9":{"start":{"line":61,"column":13},"end":{"line":61,"column":null}},"10":{"start":{"line":62,"column":18},"end":{"line":62,"column":null}},"11":{"start":{"line":63,"column":7},"end":{"line":63,"column":null}},"12":{"start":{"line":65,"column":1},"end":{"line":67,"column":null}},"13":{"start":{"line":66,"column":2},"end":{"line":66,"column":null}},"14":{"start":{"line":69,"column":1},"end":{"line":71,"column":null}},"15":{"start":{"line":70,"column":2},"end":{"line":70,"column":null}},"16":{"start":{"line":73,"column":1},"end":{"line":75,"column":null}},"17":{"start":{"line":74,"column":2},"end":{"line":74,"column":null}},"18":{"start":{"line":78,"column":23},"end":{"line":81,"column":null}},"19":{"start":{"line":84,"column":1},"end":{"line":87,"column":null}},"20":{"start":{"line":89,"column":21},"end":{"line":89,"column":null}},"21":{"start":{"line":92,"column":15},"end":{"line":111,"column":null}},"22":{"start":{"line":113,"column":1},"end":{"line":121,"column":null}},"23":{"start":{"line":128,"column":1},"end":{"line":130,"column":null}},"24":{"start":{"line":129,"column":2},"end":{"line":129,"column":null}},"25":{"start":{"line":132,"column":15},"end":{"line":137,"column":null}},"26":{"start":{"line":139,"column":1},"end":{"line":141,"column":null}},"27":{"start":{"line":140,"column":2},"end":{"line":140,"column":null}},"28":{"start":{"line":144,"column":1},"end":{"line":146,"column":null}},"29":{"start":{"line":145,"column":2},"end":{"line":145,"column":null}},"30":{"start":{"line":148,"column":1},"end":{"line":150,"column":null}},"31":{"start":{"line":149,"column":2},"end":{"line":149,"column":null}},"32":{"start":{"line":152,"column":22},"end":{"line":170,"column":null}},"33":{"start":{"line":172,"column":1},"end":{"line":172,"column":null}},"34":{"start":{"line":179,"column":15},"end":{"line":184,"column":null}},"35":{"start":{"line":186,"column":1},"end":{"line":186,"column":null}},"36":{"start":{"line":193,"column":17},"end":{"line":207,"column":null}},"37":{"start":{"line":209,"column":1},"end":{"line":211,"column":null}},"38":{"start":{"line":210,"column":2},"end":{"line":210,"column":null}},"39":{"start":{"line":213,"column":16},"end":{"line":213,"column":null}},"40":{"start":{"line":214,"column":17},"end":{"line":214,"column":null}},"41":{"start":{"line":215,"column":15},"end":{"line":215,"column":null}},"42":{"start":{"line":216,"column":14},"end":{"line":216,"column":null}},"43":{"start":{"line":218,"column":7},"end":{"line":223,"column":null}},"44":{"start":{"line":219,"column":2},"end":{"line":223,"column":null}},"45":{"start":{"line":225,"column":1},"end":{"line":275,"column":null}}},"fnMap":{"0":{"name":"submitClaim","decl":{"start":{"line":33,"column":22},"end":{"line":33,"column":34}},"loc":{"start":{"line":33,"column":81},"end":{"line":122,"column":null}},"line":33},"1":{"name":"disputeClaim","decl":{"start":{"line":127,"column":22},"end":{"line":127,"column":35}},"loc":{"start":{"line":127,"column":61},"end":{"line":173,"column":null}},"line":127},"2":{"name":"getClaimByBookingId","decl":{"start":{"line":178,"column":22},"end":{"line":178,"column":42}},"loc":{"start":{"line":178,"column":61},"end":{"line":187,"column":null}},"line":178},"3":{"name":"generateWakamCertificateHTML","decl":{"start":{"line":192,"column":22},"end":{"line":192,"column":51}},"loc":{"start":{"line":192,"column":103},"end":{"line":319,"column":null}},"line":192},"4":{"name":"(anonymous_4)","decl":{"start":{"line":218,"column":7},"end":{"line":218,"column":21}},"loc":{"start":{"line":219,"column":2},"end":{"line":223,"column":null}},"line":219}},"branchMap":{"0":{"loc":{"start":{"line":34,"column":1},"end":{"line":36,"column":null}},"type":"if","locations":[{"start":{"line":34,"column":1},"end":{"line":36,"column":null}},{"start":{},"end":{}}],"line":34},"1":{"loc":{"start":{"line":34,"column":5},"end":{"line":34,"column":65}},"type":"binary-expr","locations":[{"start":{"line":34,"column":5},"end":{"line":34,"column":27}},{"start":{"line":34,"column":27},"end":{"line":34,"column":65}}],"line":34},"2":{"loc":{"start":{"line":38,"column":1},"end":{"line":40,"column":null}},"type":"if","locations":[{"start":{"line":38,"column":1},"end":{"line":40,"column":null}},{"start":{},"end":{}}],"line":38},"3":{"loc":{"start":{"line":51,"column":1},"end":{"line":53,"column":null}},"type":"if","locations":[{"start":{"line":51,"column":1},"end":{"line":53,"column":null}},{"start":{},"end":{}}],"line":51},"4":{"loc":{"start":{"line":56,"column":1},"end":{"line":58,"column":null}},"type":"if","locations":[{"start":{"line":56,"column":1},"end":{"line":58,"column":null}},{"start":{},"end":{}}],"line":56},"5":{"loc":{"start":{"line":65,"column":1},"end":{"line":67,"column":null}},"type":"if","locations":[{"start":{"line":65,"column":1},"end":{"line":67,"column":null}},{"start":{},"end":{}}],"line":65},"6":{"loc":{"start":{"line":69,"column":1},"end":{"line":71,"column":null}},"type":"if","locations":[{"start":{"line":69,"column":1},"end":{"line":71,"column":null}},{"start":{},"end":{}}],"line":69},"7":{"loc":{"start":{"line":73,"column":1},"end":{"line":75,"column":null}},"type":"if","locations":[{"start":{"line":73,"column":1},"end":{"line":75,"column":null}},{"start":{},"end":{}}],"line":73},"8":{"loc":{"start":{"line":100,"column":17},"end":{"line":100,"column":null}},"type":"binary-expr","locations":[{"start":{"line":100,"column":17},"end":{"line":100,"column":39}},{"start":{"line":100,"column":39},"end":{"line":100,"column":null}}],"line":100},"9":{"loc":{"start":{"line":128,"column":1},"end":{"line":130,"column":null}},"type":"if","locations":[{"start":{"line":128,"column":1},"end":{"line":130,"column":null}},{"start":{},"end":{}}],"line":128},"10":{"loc":{"start":{"line":128,"column":5},"end":{"line":128,"column":69}},"type":"binary-expr","locations":[{"start":{"line":128,"column":5},"end":{"line":128,"column":29}},{"start":{"line":128,"column":29},"end":{"line":128,"column":69}}],"line":128},"11":{"loc":{"start":{"line":139,"column":1},"end":{"line":141,"column":null}},"type":"if","locations":[{"start":{"line":139,"column":1},"end":{"line":141,"column":null}},{"start":{},"end":{}}],"line":139},"12":{"loc":{"start":{"line":144,"column":1},"end":{"line":146,"column":null}},"type":"if","locations":[{"start":{"line":144,"column":1},"end":{"line":146,"column":null}},{"start":{},"end":{}}],"line":144},"13":{"loc":{"start":{"line":148,"column":1},"end":{"line":150,"column":null}},"type":"if","locations":[{"start":{"line":148,"column":1},"end":{"line":150,"column":null}},{"start":{},"end":{}}],"line":148},"14":{"loc":{"start":{"line":157,"column":24},"end":{"line":157,"column":null}},"type":"binary-expr","locations":[{"start":{"line":157,"column":24},"end":{"line":157,"column":53}},{"start":{"line":157,"column":53},"end":{"line":157,"column":null}}],"line":157},"15":{"loc":{"start":{"line":209,"column":1},"end":{"line":211,"column":null}},"type":"if","locations":[{"start":{"line":209,"column":1},"end":{"line":211,"column":null}},{"start":{},"end":{}}],"line":209},"16":{"loc":{"start":{"line":209,"column":5},"end":{"line":209,"column":43}},"type":"binary-expr","locations":[{"start":{"line":209,"column":5},"end":{"line":209,"column":17}},{"start":{"line":209,"column":17},"end":{"line":209,"column":43}}],"line":209}},"s":{"0":3,"1":0,"2":3,"3":0,"4":3,"5":3,"6":0,"7":3,"8":1,"9":2,"10":2,"11":2,"12":2,"13":0,"14":2,"15":1,"16":1,"17":0,"18":1,"19":1,"20":1,"21":1,"22":1,"23":2,"24":0,"25":2,"26":2,"27":0,"28":2,"29":1,"30":1,"31":0,"32":1,"33":1,"34":1,"35":1,"36":1,"37":1,"38":0,"39":1,"40":1,"41":1,"42":1,"43":1,"44":2,"45":1},"f":{"0":3,"1":2,"2":1,"3":1,"4":2},"b":{"0":[0,3],"1":[3,3],"2":[0,3],"3":[0,3],"4":[1,2],"5":[0,2],"6":[1,1],"7":[0,1],"8":[1,1],"9":[0,2],"10":[2,2],"11":[0,2],"12":[1,1],"13":[0,1],"14":[1,0],"15":[0,1],"16":[1,1]},"meta":{"lastBranch":17,"lastFunction":5,"lastStatement":46,"seen":{"f:33:22:33:34":0,"b:34:1:36:Infinity:undefined:undefined:undefined:undefined":0,"s:34:1:36:Infinity":0,"b:34:5:34:27:34:27:34:65":1,"s:35:2:35:Infinity":1,"b:38:1:40:Infinity:undefined:undefined:undefined:undefined":2,"s:38:1:40:Infinity":2,"s:39:2:39:Infinity":3,"s:43:17:49:Infinity":4,"b:51:1:53:Infinity:undefined:undefined:undefined:undefined":3,"s:51:1:53:Infinity":5,"s:52:2:52:Infinity":6,"b:56:1:58:Infinity:undefined:undefined:undefined:undefined":4,"s:56:1:58:Infinity":7,"s:57:2:57:Infinity":8,"s:61:13:61:Infinity":9,"s:62:18:62:Infinity":10,"s:63:7:63:Infinity":11,"b:65:1:67:Infinity:undefined:undefined:undefined:undefined":5,"s:65:1:67:Infinity":12,"s:66:2:66:Infinity":13,"b:69:1:71:Infinity:undefined:undefined:undefined:undefined":6,"s:69:1:71:Infinity":14,"s:70:2:70:Infinity":15,"b:73:1:75:Infinity:undefined:undefined:undefined:undefined":7,"s:73:1:75:Infinity":16,"s:74:2:74:Infinity":17,"s:78:23:81:Infinity":18,"s:84:1:87:Infinity":19,"s:89:21:89:Infinity":20,"s:92:15:111:Infinity":21,"b:100:17:100:39:100:39:100:Infinity":8,"s:113:1:121:Infinity":22,"f:127:22:127:35":1,"b:128:1:130:Infinity:undefined:undefined:undefined:undefined":9,"s:128:1:130:Infinity":23,"b:128:5:128:29:128:29:128:69":10,"s:129:2:129:Infinity":24,"s:132:15:137:Infinity":25,"b:139:1:141:Infinity:undefined:undefined:undefined:undefined":11,"s:139:1:141:Infinity":26,"s:140:2:140:Infinity":27,"b:144:1:146:Infinity:undefined:undefined:undefined:undefined":12,"s:144:1:146:Infinity":28,"s:145:2:145:Infinity":29,"b:148:1:150:Infinity:undefined:undefined:undefined:undefined":13,"s:148:1:150:Infinity":30,"s:149:2:149:Infinity":31,"s:152:22:170:Infinity":32,"b:157:24:157:53:157:53:157:Infinity":14,"s:172:1:172:Infinity":33,"f:178:22:178:42":2,"s:179:15:184:Infinity":34,"s:186:1:186:Infinity":35,"f:192:22:192:51":3,"s:193:17:207:Infinity":36,"b:209:1:211:Infinity:undefined:undefined:undefined:undefined":15,"s:209:1:211:Infinity":37,"b:209:5:209:17:209:17:209:43":16,"s:210:2:210:Infinity":38,"s:213:16:213:Infinity":39,"s:214:17:214:Infinity":40,"s:215:15:215:Infinity":41,"s:216:14:216:Infinity":42,"s:218:7:223:Infinity":43,"f:218:7:218:21":4,"s:219:2:223:Infinity":44,"s:225:1:275:Infinity":45},"fnNames":{}}}
,"/Users/maximefourna/Code/evenue/src/lib/server/dashboard.ts": {"path":"/Users/maximefourna/Code/evenue/src/lib/server/dashboard.ts","statementMap":{"0":{"start":{"line":59,"column":13},"end":{"line":59,"column":null}},"1":{"start":{"line":62,"column":18},"end":{"line":80,"column":null}},"2":{"start":{"line":83,"column":36},"end":{"line":83,"column":null}},"3":{"start":{"line":84,"column":48},"end":{"line":84,"column":null}},"4":{"start":{"line":86,"column":1},"end":{"line":140,"column":null}},"5":{"start":{"line":87,"column":22},"end":{"line":99,"column":null}},"6":{"start":{"line":101,"column":2},"end":{"line":110,"column":null}},"7":{"start":{"line":101,"column":65},"end":{"line":110,"column":4}},"8":{"start":{"line":109,"column":81},"end":{"line":109,"column":103}},"9":{"start":{"line":113,"column":2},"end":{"line":139,"column":null}},"10":{"start":{"line":143,"column":26},"end":{"line":143,"column":null}},"11":{"start":{"line":143,"column":74},"end":{"line":143,"column":102}},"12":{"start":{"line":144,"column":20},"end":{"line":146,"column":null}},"13":{"start":{"line":145,"column":42},"end":{"line":145,"column":94}},"14":{"start":{"line":146,"column":55},"end":{"line":146,"column":75}},"15":{"start":{"line":147,"column":23},"end":{"line":147,"column":null}},"16":{"start":{"line":147,"column":77},"end":{"line":147,"column":99}},"17":{"start":{"line":149,"column":1},"end":{"line":160,"column":null}},"18":{"start":{"line":168,"column":17},"end":{"line":174,"column":null}},"19":{"start":{"line":176,"column":1},"end":{"line":178,"column":null}},"20":{"start":{"line":177,"column":2},"end":{"line":177,"column":null}},"21":{"start":{"line":180,"column":1},"end":{"line":183,"column":null}},"22":{"start":{"line":185,"column":1},"end":{"line":185,"column":null}}},"fnMap":{"0":{"name":"getDashboardData","decl":{"start":{"line":58,"column":22},"end":{"line":58,"column":39}},"loc":{"start":{"line":58,"column":97},"end":{"line":161,"column":null}},"line":58},"1":{"name":"(anonymous_1)","decl":{"start":{"line":101,"column":25},"end":{"line":101,"column":30}},"loc":{"start":{"line":101,"column":65},"end":{"line":110,"column":4}},"line":101},"2":{"name":"(anonymous_2)","decl":{"start":{"line":109,"column":28},"end":{"line":109,"column":36}},"loc":{"start":{"line":109,"column":81},"end":{"line":109,"column":103}},"line":109},"3":{"name":"(anonymous_3)","decl":{"start":{"line":143,"column":35},"end":{"line":143,"column":43}},"loc":{"start":{"line":143,"column":74},"end":{"line":143,"column":102}},"line":143},"4":{"name":"(anonymous_4)","decl":{"start":{"line":145,"column":3},"end":{"line":145,"column":11}},"loc":{"start":{"line":145,"column":42},"end":{"line":145,"column":94}},"line":145},"5":{"name":"(anonymous_5)","decl":{"start":{"line":146,"column":3},"end":{"line":146,"column":11}},"loc":{"start":{"line":146,"column":55},"end":{"line":146,"column":75}},"line":146},"6":{"name":"(anonymous_6)","decl":{"start":{"line":147,"column":32},"end":{"line":147,"column":40}},"loc":{"start":{"line":147,"column":77},"end":{"line":147,"column":99}},"line":147},"7":{"name":"cancelBooking","decl":{"start":{"line":167,"column":22},"end":{"line":167,"column":36}},"loc":{"start":{"line":167,"column":89},"end":{"line":186,"column":null}},"line":167}},"branchMap":{"0":{"loc":{"start":{"line":86,"column":1},"end":{"line":140,"column":null}},"type":"if","locations":[{"start":{"line":86,"column":1},"end":{"line":140,"column":null}},{"start":{},"end":{}}],"line":86},"1":{"loc":{"start":{"line":145,"column":42},"end":{"line":145,"column":94}},"type":"binary-expr","locations":[{"start":{"line":145,"column":42},"end":{"line":145,"column":70}},{"start":{"line":145,"column":70},"end":{"line":145,"column":94}}],"line":145},"2":{"loc":{"start":{"line":176,"column":1},"end":{"line":178,"column":null}},"type":"if","locations":[{"start":{"line":176,"column":1},"end":{"line":178,"column":null}},{"start":{},"end":{}}],"line":176}},"s":{"0":2,"1":2,"2":2,"3":2,"4":2,"5":1,"6":1,"7":1,"8":2,"9":1,"10":2,"11":2,"12":2,"13":2,"14":2,"15":2,"16":1,"17":2,"18":2,"19":2,"20":1,"21":1,"22":1},"f":{"0":2,"1":1,"2":2,"3":2,"4":2,"5":2,"6":1,"7":2},"b":{"0":[1,1],"1":[2,0],"2":[1,1]},"meta":{"lastBranch":3,"lastFunction":8,"lastStatement":23,"seen":{"f:58:22:58:39":0,"s:59:13:59:Infinity":0,"s:62:18:80:Infinity":1,"s:83:36:83:Infinity":2,"s:84:48:84:Infinity":3,"b:86:1:140:Infinity:undefined:undefined:undefined:undefined":0,"s:86:1:140:Infinity":4,"s:87:22:99:Infinity":5,"s:101:2:110:Infinity":6,"f:101:25:101:30":1,"s:101:65:110:4":7,"f:109:28:109:36":2,"s:109:81:109:103":8,"s:113:2:139:Infinity":9,"s:143:26:143:Infinity":10,"f:143:35:143:43":3,"s:143:74:143:102":11,"s:144:20:146:Infinity":12,"f:145:3:145:11":4,"s:145:42:145:94":13,"b:145:42:145:70:145:70:145:94":1,"f:146:3:146:11":5,"s:146:55:146:75":14,"s:147:23:147:Infinity":15,"f:147:32:147:40":6,"s:147:77:147:99":16,"s:149:1:160:Infinity":17,"f:167:22:167:36":7,"s:168:17:174:Infinity":18,"b:176:1:178:Infinity:undefined:undefined:undefined:undefined":2,"s:176:1:178:Infinity":19,"s:177:2:177:Infinity":20,"s:180:1:183:Infinity":21,"s:185:1:185:Infinity":22},"fnNames":{}}}
,"/Users/maximefourna/Code/evenue/src/lib/server/ical.ts": {"path":"/Users/maximefourna/Code/evenue/src/lib/server/ical.ts","statementMap":{"0":{"start":{"line":18,"column":17},"end":{"line":27,"column":null}},"1":{"start":{"line":29,"column":1},"end":{"line":31,"column":null}},"2":{"start":{"line":30,"column":2},"end":{"line":30,"column":null}},"3":{"start":{"line":33,"column":7},"end":{"line":39,"column":null}},"4":{"start":{"line":34,"column":12},"end":{"line":34,"column":null}},"5":{"start":{"line":35,"column":15},"end":{"line":35,"column":null}},"6":{"start":{"line":36,"column":16},"end":{"line":36,"column":null}},"7":{"start":{"line":37,"column":14},"end":{"line":37,"column":null}},"8":{"start":{"line":38,"column":2},"end":{"line":38,"column":null}},"9":{"start":{"line":41,"column":7},"end":{"line":43,"column":null}},"10":{"start":{"line":42,"column":2},"end":{"line":42,"column":null}},"11":{"start":{"line":45,"column":12},"end":{"line":52,"column":null}},"12":{"start":{"line":54,"column":1},"end":{"line":66,"column":null}},"13":{"start":{"line":55,"column":2},"end":{"line":65,"column":null}},"14":{"start":{"line":68,"column":1},"end":{"line":68,"column":null}},"15":{"start":{"line":69,"column":1},"end":{"line":69,"column":null}},"16":{"start":{"line":76,"column":29},"end":{"line":76,"column":null}},"17":{"start":{"line":77,"column":21},"end":{"line":77,"column":null}},"18":{"start":{"line":78,"column":17},"end":{"line":78,"column":null}},"19":{"start":{"line":80,"column":7},"end":{"line":89,"column":null}},"20":{"start":{"line":81,"column":18},"end":{"line":81,"column":null}},"21":{"start":{"line":82,"column":2},"end":{"line":87,"column":null}},"22":{"start":{"line":83,"column":16},"end":{"line":83,"column":null}},"23":{"start":{"line":84,"column":17},"end":{"line":84,"column":null}},"24":{"start":{"line":85,"column":15},"end":{"line":85,"column":null}},"25":{"start":{"line":86,"column":3},"end":{"line":86,"column":null}},"26":{"start":{"line":88,"column":2},"end":{"line":88,"column":null}},"27":{"start":{"line":91,"column":1},"end":{"line":118,"column":null}},"28":{"start":{"line":92,"column":31},"end":{"line":92,"column":null}},"29":{"start":{"line":93,"column":29},"end":{"line":93,"column":null}},"30":{"start":{"line":96,"column":16},"end":{"line":96,"column":null}},"31":{"start":{"line":97,"column":2},"end":{"line":108,"column":null}},"32":{"start":{"line":98,"column":3},"end":{"line":107,"column":null}},"33":{"start":{"line":99,"column":18},"end":{"line":99,"column":null}},"34":{"start":{"line":100,"column":4},"end":{"line":100,"column":null}},"35":{"start":{"line":100,"column":26},"end":{"line":100,"column":null}},"36":{"start":{"line":101,"column":10},"end":{"line":107,"column":null}},"37":{"start":{"line":102,"column":18},"end":{"line":102,"column":null}},"38":{"start":{"line":103,"column":4},"end":{"line":103,"column":null}},"39":{"start":{"line":103,"column":26},"end":{"line":103,"column":null}},"40":{"start":{"line":104,"column":10},"end":{"line":107,"column":null}},"41":{"start":{"line":105,"column":18},"end":{"line":105,"column":null}},"42":{"start":{"line":106,"column":4},"end":{"line":106,"column":null}},"43":{"start":{"line":106,"column":26},"end":{"line":106,"column":null}},"44":{"start":{"line":110,"column":2},"end":{"line":117,"column":null}},"45":{"start":{"line":112,"column":3},"end":{"line":115,"column":null}},"46":{"start":{"line":113,"column":4},"end":{"line":113,"column":null}},"47":{"start":{"line":114,"column":4},"end":{"line":114,"column":null}},"48":{"start":{"line":116,"column":3},"end":{"line":116,"column":null}},"49":{"start":{"line":120,"column":1},"end":{"line":120,"column":null}},"50":{"start":{"line":127,"column":1},"end":{"line":147,"column":null}},"51":{"start":{"line":128,"column":21},"end":{"line":128,"column":null}},"52":{"start":{"line":129,"column":20},"end":{"line":129,"column":null}},"53":{"start":{"line":129,"column":37},"end":{"line":129,"column":57}},"54":{"start":{"line":131,"column":19},"end":{"line":134,"column":null}},"55":{"start":{"line":136,"column":2},"end":{"line":136,"column":null}},"56":{"start":{"line":138,"column":2},"end":{"line":140,"column":null}},"57":{"start":{"line":139,"column":3},"end":{"line":139,"column":null}},"58":{"start":{"line":142,"column":18},"end":{"line":142,"column":null}},"59":{"start":{"line":143,"column":2},"end":{"line":143,"column":null}},"60":{"start":{"line":146,"column":2},"end":{"line":146,"column":null}},"61":{"start":{"line":159,"column":15},"end":{"line":159,"column":null}},"62":{"start":{"line":160,"column":13},"end":{"line":160,"column":null}},"63":{"start":{"line":162,"column":1},"end":{"line":164,"column":null}},"64":{"start":{"line":163,"column":2},"end":{"line":163,"column":null}},"65":{"start":{"line":167,"column":25},"end":{"line":174,"column":null}},"66":{"start":{"line":176,"column":1},"end":{"line":181,"column":null}},"67":{"start":{"line":177,"column":2},"end":{"line":180,"column":null}},"68":{"start":{"line":184,"column":17},"end":{"line":187,"column":null}},"69":{"start":{"line":189,"column":1},"end":{"line":200,"column":null}},"70":{"start":{"line":190,"column":25},"end":{"line":190,"column":null}},"71":{"start":{"line":192,"column":2},"end":{"line":199,"column":null}},"72":{"start":{"line":193,"column":3},"end":{"line":198,"column":null}},"73":{"start":{"line":194,"column":4},"end":{"line":197,"column":null}},"74":{"start":{"line":202,"column":1},"end":{"line":202,"column":null}}},"fnMap":{"0":{"name":"generateListingICal","decl":{"start":{"line":17,"column":22},"end":{"line":17,"column":42}},"loc":{"start":{"line":17,"column":78},"end":{"line":70,"column":null}},"line":17},"1":{"name":"(anonymous_1)","decl":{"start":{"line":33,"column":7},"end":{"line":33,"column":25}},"loc":{"start":{"line":33,"column":48},"end":{"line":39,"column":null}},"line":33},"2":{"name":"(anonymous_2)","decl":{"start":{"line":41,"column":7},"end":{"line":41,"column":26}},"loc":{"start":{"line":41,"column":49},"end":{"line":43,"column":null}},"line":41},"3":{"name":"parseICalEvents","decl":{"start":{"line":75,"column":16},"end":{"line":75,"column":32}},"loc":{"start":{"line":75,"column":66},"end":{"line":121,"column":null}},"line":75},"4":{"name":"(anonymous_4)","decl":{"start":{"line":80,"column":7},"end":{"line":80,"column":23}},"loc":{"start":{"line":80,"column":56},"end":{"line":89,"column":null}},"line":80},"5":{"name":"fetchAndParseExternalICal","decl":{"start":{"line":126,"column":22},"end":{"line":126,"column":48}},"loc":{"start":{"line":126,"column":83},"end":{"line":148,"column":null}},"line":126},"6":{"name":"(anonymous_6)","decl":{"start":{"line":129,"column":20},"end":{"line":129,"column":37}},"loc":{"start":{"line":129,"column":37},"end":{"line":129,"column":57}},"line":129},"7":{"name":"isListingAvailable","decl":{"start":{"line":154,"column":22},"end":{"line":154,"column":null}},"loc":{"start":{"line":158,"column":31},"end":{"line":203,"column":null}},"line":158}},"branchMap":{"0":{"loc":{"start":{"line":29,"column":1},"end":{"line":31,"column":null}},"type":"if","locations":[{"start":{"line":29,"column":1},"end":{"line":31,"column":null}},{"start":{},"end":{}}],"line":29},"1":{"loc":{"start":{"line":78,"column":17},"end":{"line":78,"column":null}},"type":"binary-expr","locations":[{"start":{"line":78,"column":17},"end":{"line":78,"column":51}},{"start":{"line":78,"column":51},"end":{"line":78,"column":null}}],"line":78},"2":{"loc":{"start":{"line":82,"column":2},"end":{"line":87,"column":null}},"type":"if","locations":[{"start":{"line":82,"column":2},"end":{"line":87,"column":null}},{"start":{},"end":{}}],"line":82},"3":{"loc":{"start":{"line":98,"column":3},"end":{"line":107,"column":null}},"type":"if","locations":[{"start":{"line":98,"column":3},"end":{"line":107,"column":null}},{"start":{"line":101,"column":10},"end":{"line":107,"column":null}}],"line":98},"4":{"loc":{"start":{"line":100,"column":4},"end":{"line":100,"column":null}},"type":"if","locations":[{"start":{"line":100,"column":4},"end":{"line":100,"column":null}},{"start":{},"end":{}}],"line":100},"5":{"loc":{"start":{"line":101,"column":10},"end":{"line":107,"column":null}},"type":"if","locations":[{"start":{"line":101,"column":10},"end":{"line":107,"column":null}},{"start":{"line":104,"column":10},"end":{"line":107,"column":null}}],"line":101},"6":{"loc":{"start":{"line":103,"column":4},"end":{"line":103,"column":null}},"type":"if","locations":[{"start":{"line":103,"column":4},"end":{"line":103,"column":null}},{"start":{},"end":{}}],"line":103},"7":{"loc":{"start":{"line":104,"column":10},"end":{"line":107,"column":null}},"type":"if","locations":[{"start":{"line":104,"column":10},"end":{"line":107,"column":null}},{"start":{},"end":{}}],"line":104},"8":{"loc":{"start":{"line":106,"column":4},"end":{"line":106,"column":null}},"type":"if","locations":[{"start":{"line":106,"column":4},"end":{"line":106,"column":null}},{"start":{},"end":{}}],"line":106},"9":{"loc":{"start":{"line":110,"column":2},"end":{"line":117,"column":null}},"type":"if","locations":[{"start":{"line":110,"column":2},"end":{"line":117,"column":null}},{"start":{},"end":{}}],"line":110},"10":{"loc":{"start":{"line":112,"column":3},"end":{"line":115,"column":null}},"type":"if","locations":[{"start":{"line":112,"column":3},"end":{"line":115,"column":null}},{"start":{},"end":{}}],"line":112},"11":{"loc":{"start":{"line":138,"column":2},"end":{"line":140,"column":null}},"type":"if","locations":[{"start":{"line":138,"column":2},"end":{"line":140,"column":null}},{"start":{},"end":{}}],"line":138},"12":{"loc":{"start":{"line":162,"column":1},"end":{"line":164,"column":null}},"type":"if","locations":[{"start":{"line":162,"column":1},"end":{"line":164,"column":null}},{"start":{},"end":{}}],"line":162},"13":{"loc":{"start":{"line":162,"column":5},"end":{"line":162,"column":69}},"type":"binary-expr","locations":[{"start":{"line":162,"column":5},"end":{"line":162,"column":31}},{"start":{"line":162,"column":31},"end":{"line":162,"column":55}},{"start":{"line":162,"column":55},"end":{"line":162,"column":69}}],"line":162},"14":{"loc":{"start":{"line":176,"column":1},"end":{"line":181,"column":null}},"type":"if","locations":[{"start":{"line":176,"column":1},"end":{"line":181,"column":null}},{"start":{},"end":{}}],"line":176},"15":{"loc":{"start":{"line":189,"column":1},"end":{"line":200,"column":null}},"type":"if","locations":[{"start":{"line":189,"column":1},"end":{"line":200,"column":null}},{"start":{},"end":{}}],"line":189},"16":{"loc":{"start":{"line":193,"column":3},"end":{"line":198,"column":null}},"type":"if","locations":[{"start":{"line":193,"column":3},"end":{"line":198,"column":null}},{"start":{},"end":{}}],"line":193},"17":{"loc":{"start":{"line":193,"column":7},"end":{"line":193,"column":51}},"type":"binary-expr","locations":[{"start":{"line":193,"column":7},"end":{"line":193,"column":30}},{"start":{"line":193,"column":30},"end":{"line":193,"column":51}}],"line":193},"18":{"loc":{"start":{"line":196,"column":64},"end":{"line":196,"column":106}},"type":"binary-expr","locations":[{"start":{"line":196,"column":64},"end":{"line":196,"column":79}},{"start":{"line":196,"column":79},"end":{"line":196,"column":106}}],"line":196}},"s":{"0":1,"1":1,"2":0,"3":1,"4":2,"5":2,"6":2,"7":2,"8":2,"9":1,"10":1,"11":1,"12":1,"13":1,"14":1,"15":1,"16":1,"17":1,"18":1,"19":1,"20":2,"21":2,"22":2,"23":2,"24":2,"25":2,"26":0,"27":1,"28":1,"29":1,"30":1,"31":1,"32":6,"33":1,"34":1,"35":1,"36":5,"37":1,"38":1,"39":1,"40":4,"41":1,"42":1,"43":1,"44":1,"45":1,"46":0,"47":0,"48":1,"49":1,"50":0,"51":0,"52":0,"53":0,"54":0,"55":0,"56":0,"57":0,"58":0,"59":0,"60":0,"61":2,"62":2,"63":2,"64":0,"65":2,"66":2,"67":1,"68":1,"69":1,"70":0,"71":0,"72":0,"73":0,"74":1},"f":{"0":1,"1":2,"2":1,"3":1,"4":2,"5":0,"6":0,"7":2},"b":{"0":[0,1],"1":[1,0],"2":[2,0],"3":[1,5],"4":[1,0],"5":[1,4],"6":[1,0],"7":[1,3],"8":[1,0],"9":[1,0],"10":[0,1],"11":[0,0],"12":[0,2],"13":[2,2,2],"14":[1,1],"15":[0,1],"16":[0,0],"17":[0,0],"18":[0,0]},"meta":{"lastBranch":19,"lastFunction":8,"lastStatement":75,"seen":{"f:17:22:17:42":0,"s:18:17:27:Infinity":0,"b:29:1:31:Infinity:undefined:undefined:undefined:undefined":0,"s:29:1:31:Infinity":1,"s:30:2:30:Infinity":2,"s:33:7:39:Infinity":3,"f:33:7:33:25":1,"s:34:12:34:Infinity":4,"s:35:15:35:Infinity":5,"s:36:16:36:Infinity":6,"s:37:14:37:Infinity":7,"s:38:2:38:Infinity":8,"s:41:7:43:Infinity":9,"f:41:7:41:26":2,"s:42:2:42:Infinity":10,"s:45:12:52:Infinity":11,"s:54:1:66:Infinity":12,"s:55:2:65:Infinity":13,"s:68:1:68:Infinity":14,"s:69:1:69:Infinity":15,"f:75:16:75:32":3,"s:76:29:76:Infinity":16,"s:77:21:77:Infinity":17,"s:78:17:78:Infinity":18,"b:78:17:78:51:78:51:78:Infinity":1,"s:80:7:89:Infinity":19,"f:80:7:80:23":4,"s:81:18:81:Infinity":20,"b:82:2:87:Infinity:undefined:undefined:undefined:undefined":2,"s:82:2:87:Infinity":21,"s:83:16:83:Infinity":22,"s:84:17:84:Infinity":23,"s:85:15:85:Infinity":24,"s:86:3:86:Infinity":25,"s:88:2:88:Infinity":26,"s:91:1:118:Infinity":27,"s:92:31:92:Infinity":28,"s:93:29:93:Infinity":29,"s:96:16:96:Infinity":30,"s:97:2:108:Infinity":31,"b:98:3:107:Infinity:101:10:107:Infinity":3,"s:98:3:107:Infinity":32,"s:99:18:99:Infinity":33,"b:100:4:100:Infinity:undefined:undefined:undefined:undefined":4,"s:100:4:100:Infinity":34,"s:100:26:100:Infinity":35,"b:101:10:107:Infinity:104:10:107:Infinity":5,"s:101:10:107:Infinity":36,"s:102:18:102:Infinity":37,"b:103:4:103:Infinity:undefined:undefined:undefined:undefined":6,"s:103:4:103:Infinity":38,"s:103:26:103:Infinity":39,"b:104:10:107:Infinity:undefined:undefined:undefined:undefined":7,"s:104:10:107:Infinity":40,"s:105:18:105:Infinity":41,"b:106:4:106:Infinity:undefined:undefined:undefined:undefined":8,"s:106:4:106:Infinity":42,"s:106:26:106:Infinity":43,"b:110:2:117:Infinity:undefined:undefined:undefined:undefined":9,"s:110:2:117:Infinity":44,"b:112:3:115:Infinity:undefined:undefined:undefined:undefined":10,"s:112:3:115:Infinity":45,"s:113:4:113:Infinity":46,"s:114:4:114:Infinity":47,"s:116:3:116:Infinity":48,"s:120:1:120:Infinity":49,"f:126:22:126:48":5,"s:127:1:147:Infinity":50,"s:128:21:128:Infinity":51,"s:129:20:129:Infinity":52,"f:129:20:129:37":6,"s:129:37:129:57":53,"s:131:19:134:Infinity":54,"s:136:2:136:Infinity":55,"b:138:2:140:Infinity:undefined:undefined:undefined:undefined":11,"s:138:2:140:Infinity":56,"s:139:3:139:Infinity":57,"s:142:18:142:Infinity":58,"s:143:2:143:Infinity":59,"s:146:2:146:Infinity":60,"f:154:22:154:Infinity":7,"s:159:15:159:Infinity":61,"s:160:13:160:Infinity":62,"b:162:1:164:Infinity:undefined:undefined:undefined:undefined":12,"s:162:1:164:Infinity":63,"b:162:5:162:31:162:31:162:55:162:55:162:69":13,"s:163:2:163:Infinity":64,"s:167:25:174:Infinity":65,"b:176:1:181:Infinity:undefined:undefined:undefined:undefined":14,"s:176:1:181:Infinity":66,"s:177:2:180:Infinity":67,"s:184:17:187:Infinity":68,"b:189:1:200:Infinity:undefined:undefined:undefined:undefined":15,"s:189:1:200:Infinity":69,"s:190:25:190:Infinity":70,"s:192:2:199:Infinity":71,"b:193:3:198:Infinity:undefined:undefined:undefined:undefined":16,"s:193:3:198:Infinity":72,"b:193:7:193:30:193:30:193:51":17,"s:194:4:197:Infinity":73,"b:196:64:196:79:196:79:196:106":18,"s:202:1:202:Infinity":74},"fnNames":{}}}
,"/Users/maximefourna/Code/evenue/src/lib/server/listings.ts": {"path":"/Users/maximefourna/Code/evenue/src/lib/server/listings.ts","statementMap":{"0":{"start":{"line":64,"column":20},"end":{"line":64,"column":null}},"1":{"start":{"line":66,"column":1},"end":{"line":68,"column":null}},"2":{"start":{"line":67,"column":2},"end":{"line":67,"column":null}},"3":{"start":{"line":70,"column":1},"end":{"line":74,"column":null}},"4":{"start":{"line":71,"column":2},"end":{"line":71,"column":null}},"5":{"start":{"line":72,"column":2},"end":{"line":72,"column":null}},"6":{"start":{"line":72,"column":38},"end":{"line":72,"column":null}},"7":{"start":{"line":73,"column":2},"end":{"line":73,"column":null}},"8":{"start":{"line":73,"column":38},"end":{"line":73,"column":null}},"9":{"start":{"line":76,"column":1},"end":{"line":78,"column":null}},"10":{"start":{"line":77,"column":2},"end":{"line":77,"column":null}},"11":{"start":{"line":80,"column":1},"end":{"line":82,"column":null}},"12":{"start":{"line":81,"column":2},"end":{"line":81,"column":null}},"13":{"start":{"line":85,"column":1},"end":{"line":115,"column":null}},"14":{"start":{"line":86,"column":19},"end":{"line":86,"column":null}},"15":{"start":{"line":87,"column":17},"end":{"line":87,"column":null}},"16":{"start":{"line":89,"column":2},"end":{"line":114,"column":null}},"17":{"start":{"line":90,"column":3},"end":{"line":113,"column":null}},"18":{"start":{"line":117,"column":16},"end":{"line":130,"column":null}},"19":{"start":{"line":133,"column":1},"end":{"line":146,"column":null}},"20":{"start":{"line":134,"column":22},"end":{"line":134,"column":null}},"21":{"start":{"line":135,"column":20},"end":{"line":135,"column":null}},"22":{"start":{"line":137,"column":2},"end":{"line":145,"column":null}},"23":{"start":{"line":138,"column":19},"end":{"line":138,"column":null}},"24":{"start":{"line":139,"column":3},"end":{"line":139,"column":null}},"25":{"start":{"line":139,"column":28},"end":{"line":139,"column":null}},"26":{"start":{"line":142,"column":3},"end":{"line":144,"column":null}},"27":{"start":{"line":143,"column":11},"end":{"line":143,"column":null}},"28":{"start":{"line":148,"column":1},"end":{"line":148,"column":null}},"29":{"start":{"line":155,"column":17},"end":{"line":169,"column":null}},"30":{"start":{"line":171,"column":1},"end":{"line":171,"column":null}},"31":{"start":{"line":178,"column":17},"end":{"line":186,"column":null}},"32":{"start":{"line":188,"column":1},"end":{"line":188,"column":null}},"33":{"start":{"line":188,"column":15},"end":{"line":188,"column":null}},"34":{"start":{"line":190,"column":18},"end":{"line":196,"column":null}},"35":{"start":{"line":198,"column":87},"end":{"line":198,"column":null}},"36":{"start":{"line":200,"column":1},"end":{"line":206,"column":null}},"37":{"start":{"line":201,"column":2},"end":{"line":205,"column":null}},"38":{"start":{"line":208,"column":1},"end":{"line":217,"column":null}},"39":{"start":{"line":209,"column":21},"end":{"line":209,"column":null}},"40":{"start":{"line":210,"column":2},"end":{"line":216,"column":null}},"41":{"start":{"line":211,"column":3},"end":{"line":215,"column":null}},"42":{"start":{"line":219,"column":1},"end":{"line":224,"column":null}},"43":{"start":{"line":231,"column":17},"end":{"line":252,"column":null}},"44":{"start":{"line":254,"column":1},"end":{"line":254,"column":null}},"45":{"start":{"line":261,"column":17},"end":{"line":263,"column":null}},"46":{"start":{"line":265,"column":1},"end":{"line":267,"column":null}},"47":{"start":{"line":266,"column":2},"end":{"line":266,"column":null}},"48":{"start":{"line":269,"column":1},"end":{"line":271,"column":null}},"49":{"start":{"line":270,"column":2},"end":{"line":270,"column":null}},"50":{"start":{"line":273,"column":19},"end":{"line":273,"column":null}},"51":{"start":{"line":274,"column":1},"end":{"line":274,"column":null}},"52":{"start":{"line":274,"column":32},"end":{"line":274,"column":null}},"53":{"start":{"line":275,"column":1},"end":{"line":275,"column":null}},"54":{"start":{"line":275,"column":38},"end":{"line":275,"column":null}},"55":{"start":{"line":276,"column":1},"end":{"line":276,"column":null}},"56":{"start":{"line":276,"column":34},"end":{"line":276,"column":null}},"57":{"start":{"line":277,"column":1},"end":{"line":277,"column":null}},"58":{"start":{"line":277,"column":31},"end":{"line":277,"column":null}},"59":{"start":{"line":278,"column":1},"end":{"line":278,"column":null}},"60":{"start":{"line":278,"column":34},"end":{"line":278,"column":null}},"61":{"start":{"line":279,"column":1},"end":{"line":279,"column":null}},"62":{"start":{"line":279,"column":35},"end":{"line":279,"column":null}},"63":{"start":{"line":280,"column":1},"end":{"line":280,"column":null}},"64":{"start":{"line":280,"column":36},"end":{"line":280,"column":null}},"65":{"start":{"line":281,"column":1},"end":{"line":281,"column":null}},"66":{"start":{"line":281,"column":40},"end":{"line":281,"column":null}},"67":{"start":{"line":282,"column":1},"end":{"line":282,"column":null}},"68":{"start":{"line":282,"column":42},"end":{"line":282,"column":null}},"69":{"start":{"line":283,"column":1},"end":{"line":283,"column":null}},"70":{"start":{"line":283,"column":38},"end":{"line":283,"column":null}},"71":{"start":{"line":284,"column":1},"end":{"line":284,"column":null}},"72":{"start":{"line":284,"column":43},"end":{"line":284,"column":null}},"73":{"start":{"line":285,"column":1},"end":{"line":285,"column":null}},"74":{"start":{"line":285,"column":35},"end":{"line":285,"column":null}},"75":{"start":{"line":286,"column":1},"end":{"line":286,"column":null}},"76":{"start":{"line":286,"column":36},"end":{"line":286,"column":null}},"77":{"start":{"line":287,"column":1},"end":{"line":287,"column":null}},"78":{"start":{"line":287,"column":38},"end":{"line":287,"column":null}},"79":{"start":{"line":288,"column":1},"end":{"line":290,"column":null}},"80":{"start":{"line":289,"column":2},"end":{"line":289,"column":null}},"81":{"start":{"line":291,"column":1},"end":{"line":293,"column":null}},"82":{"start":{"line":292,"column":2},"end":{"line":292,"column":null}},"83":{"start":{"line":294,"column":1},"end":{"line":296,"column":null}},"84":{"start":{"line":295,"column":2},"end":{"line":295,"column":null}},"85":{"start":{"line":298,"column":1},"end":{"line":301,"column":null}},"86":{"start":{"line":308,"column":17},"end":{"line":317,"column":null}},"87":{"start":{"line":319,"column":1},"end":{"line":321,"column":null}},"88":{"start":{"line":320,"column":2},"end":{"line":320,"column":null}},"89":{"start":{"line":323,"column":1},"end":{"line":325,"column":null}},"90":{"start":{"line":324,"column":2},"end":{"line":324,"column":null}},"91":{"start":{"line":327,"column":1},"end":{"line":329,"column":null}},"92":{"start":{"line":328,"column":2},"end":{"line":328,"column":null}},"93":{"start":{"line":331,"column":1},"end":{"line":333,"column":null}},"94":{"start":{"line":335,"column":1},"end":{"line":335,"column":null}}},"fnMap":{"0":{"name":"getListings","decl":{"start":{"line":63,"column":22},"end":{"line":63,"column":34}},"loc":{"start":{"line":63,"column":68},"end":{"line":149,"column":null}},"line":63},"1":{"name":"(anonymous_1)","decl":{"start":{"line":137,"column":22},"end":{"line":137,"column":30}},"loc":{"start":{"line":137,"column":42},"end":{"line":145,"column":3}},"line":137},"2":{"name":"(anonymous_2)","decl":{"start":{"line":142,"column":17},"end":{"line":142,"column":null}},"loc":{"start":{"line":143,"column":11},"end":{"line":143,"column":null}},"line":143},"3":{"name":"getListingById","decl":{"start":{"line":154,"column":22},"end":{"line":154,"column":37}},"loc":{"start":{"line":154,"column":49},"end":{"line":172,"column":null}},"line":154},"4":{"name":"getListingDisabledDates","decl":{"start":{"line":177,"column":22},"end":{"line":177,"column":46}},"loc":{"start":{"line":177,"column":65},"end":{"line":225,"column":null}},"line":177},"5":{"name":"createListing","decl":{"start":{"line":230,"column":22},"end":{"line":230,"column":36}},"loc":{"start":{"line":230,"column":63},"end":{"line":255,"column":null}},"line":230},"6":{"name":"updateListing","decl":{"start":{"line":260,"column":22},"end":{"line":260,"column":36}},"loc":{"start":{"line":260,"column":91},"end":{"line":302,"column":null}},"line":260},"7":{"name":"deleteListing","decl":{"start":{"line":307,"column":22},"end":{"line":307,"column":36}},"loc":{"start":{"line":307,"column":64},"end":{"line":336,"column":null}},"line":307}},"branchMap":{"0":{"loc":{"start":{"line":63,"column":34},"end":{"line":63,"column":68}},"type":"default-arg","locations":[{"start":{"line":63,"column":64},"end":{"line":63,"column":68}}],"line":63},"1":{"loc":{"start":{"line":66,"column":1},"end":{"line":68,"column":null}},"type":"if","locations":[{"start":{"line":66,"column":1},"end":{"line":68,"column":null}},{"start":{},"end":{}}],"line":66},"2":{"loc":{"start":{"line":70,"column":1},"end":{"line":74,"column":null}},"type":"if","locations":[{"start":{"line":70,"column":1},"end":{"line":74,"column":null}},{"start":{},"end":{}}],"line":70},"3":{"loc":{"start":{"line":70,"column":5},"end":{"line":70,"column":71}},"type":"binary-expr","locations":[{"start":{"line":70,"column":5},"end":{"line":70,"column":39}},{"start":{"line":70,"column":39},"end":{"line":70,"column":71}}],"line":70},"4":{"loc":{"start":{"line":72,"column":2},"end":{"line":72,"column":null}},"type":"if","locations":[{"start":{"line":72,"column":2},"end":{"line":72,"column":null}},{"start":{},"end":{}}],"line":72},"5":{"loc":{"start":{"line":73,"column":2},"end":{"line":73,"column":null}},"type":"if","locations":[{"start":{"line":73,"column":2},"end":{"line":73,"column":null}},{"start":{},"end":{}}],"line":73},"6":{"loc":{"start":{"line":76,"column":1},"end":{"line":78,"column":null}},"type":"if","locations":[{"start":{"line":76,"column":1},"end":{"line":78,"column":null}},{"start":{},"end":{}}],"line":76},"7":{"loc":{"start":{"line":80,"column":1},"end":{"line":82,"column":null}},"type":"if","locations":[{"start":{"line":80,"column":1},"end":{"line":82,"column":null}},{"start":{},"end":{}}],"line":80},"8":{"loc":{"start":{"line":85,"column":1},"end":{"line":115,"column":null}},"type":"if","locations":[{"start":{"line":85,"column":1},"end":{"line":115,"column":null}},{"start":{},"end":{}}],"line":85},"9":{"loc":{"start":{"line":85,"column":5},"end":{"line":85,"column":43}},"type":"binary-expr","locations":[{"start":{"line":85,"column":5},"end":{"line":85,"column":26}},{"start":{"line":85,"column":26},"end":{"line":85,"column":43}}],"line":85},"10":{"loc":{"start":{"line":89,"column":2},"end":{"line":114,"column":null}},"type":"if","locations":[{"start":{"line":89,"column":2},"end":{"line":114,"column":null}},{"start":{},"end":{}}],"line":89},"11":{"loc":{"start":{"line":89,"column":6},"end":{"line":89,"column":83}},"type":"binary-expr","locations":[{"start":{"line":89,"column":6},"end":{"line":89,"column":36}},{"start":{"line":89,"column":36},"end":{"line":89,"column":64}},{"start":{"line":89,"column":64},"end":{"line":89,"column":83}}],"line":89},"12":{"loc":{"start":{"line":133,"column":1},"end":{"line":146,"column":null}},"type":"if","locations":[{"start":{"line":133,"column":1},"end":{"line":146,"column":null}},{"start":{},"end":{}}],"line":133},"13":{"loc":{"start":{"line":133,"column":5},"end":{"line":133,"column":43}},"type":"binary-expr","locations":[{"start":{"line":133,"column":5},"end":{"line":133,"column":26}},{"start":{"line":133,"column":26},"end":{"line":133,"column":43}}],"line":133},"14":{"loc":{"start":{"line":138,"column":19},"end":{"line":138,"column":null}},"type":"binary-expr","locations":[{"start":{"line":138,"column":19},"end":{"line":138,"column":84}},{"start":{"line":138,"column":84},"end":{"line":138,"column":null}}],"line":138},"15":{"loc":{"start":{"line":139,"column":3},"end":{"line":139,"column":null}},"type":"if","locations":[{"start":{"line":139,"column":3},"end":{"line":139,"column":null}},{"start":{},"end":{}}],"line":139},"16":{"loc":{"start":{"line":143,"column":11},"end":{"line":143,"column":null}},"type":"binary-expr","locations":[{"start":{"line":143,"column":11},"end":{"line":143,"column":41}},{"start":{"line":143,"column":41},"end":{"line":143,"column":null}}],"line":143},"17":{"loc":{"start":{"line":188,"column":1},"end":{"line":188,"column":null}},"type":"if","locations":[{"start":{"line":188,"column":1},"end":{"line":188,"column":null}},{"start":{},"end":{}}],"line":188},"18":{"loc":{"start":{"line":208,"column":1},"end":{"line":217,"column":null}},"type":"if","locations":[{"start":{"line":208,"column":1},"end":{"line":217,"column":null}},{"start":{},"end":{}}],"line":208},"19":{"loc":{"start":{"line":214,"column":12},"end":{"line":214,"column":null}},"type":"binary-expr","locations":[{"start":{"line":214,"column":12},"end":{"line":214,"column":27}},{"start":{"line":214,"column":27},"end":{"line":214,"column":null}}],"line":214},"20":{"loc":{"start":{"line":220,"column":22},"end":{"line":220,"column":null}},"type":"cond-expr","locations":[{"start":{"line":220,"column":51},"end":{"line":220,"column":108}},{"start":{"line":220,"column":108},"end":{"line":220,"column":null}}],"line":220},"21":{"loc":{"start":{"line":221,"column":20},"end":{"line":221,"column":null}},"type":"cond-expr","locations":[{"start":{"line":221,"column":47},"end":{"line":221,"column":102}},{"start":{"line":221,"column":102},"end":{"line":221,"column":null}}],"line":221},"22":{"loc":{"start":{"line":222,"column":23},"end":{"line":222,"column":null}},"type":"binary-expr","locations":[{"start":{"line":222,"column":23},"end":{"line":222,"column":88}},{"start":{"line":222,"column":88},"end":{"line":222,"column":null}}],"line":222},"23":{"loc":{"start":{"line":242,"column":20},"end":{"line":242,"column":null}},"type":"binary-expr","locations":[{"start":{"line":242,"column":20},"end":{"line":242,"column":45}},{"start":{"line":242,"column":45},"end":{"line":242,"column":null}}],"line":242},"24":{"loc":{"start":{"line":246,"column":14},"end":{"line":246,"column":null}},"type":"cond-expr","locations":[{"start":{"line":246,"column":62},"end":{"line":246,"column":80}},{"start":{"line":246,"column":80},"end":{"line":246,"column":null}}],"line":246},"25":{"loc":{"start":{"line":246,"column":14},"end":{"line":246,"column":62}},"type":"binary-expr","locations":[{"start":{"line":246,"column":14},"end":{"line":246,"column":33}},{"start":{"line":246,"column":33},"end":{"line":246,"column":62}}],"line":246},"26":{"loc":{"start":{"line":246,"column":80},"end":{"line":246,"column":null}},"type":"cond-expr","locations":[{"start":{"line":246,"column":97},"end":{"line":246,"column":123}},{"start":{"line":246,"column":123},"end":{"line":246,"column":null}}],"line":246},"27":{"loc":{"start":{"line":248,"column":23},"end":{"line":248,"column":null}},"type":"cond-expr","locations":[{"start":{"line":248,"column":50},"end":{"line":248,"column":87}},{"start":{"line":248,"column":87},"end":{"line":248,"column":null}}],"line":248},"28":{"loc":{"start":{"line":249,"column":21},"end":{"line":249,"column":null}},"type":"cond-expr","locations":[{"start":{"line":249,"column":46},"end":{"line":249,"column":81}},{"start":{"line":249,"column":81},"end":{"line":249,"column":null}}],"line":249},"29":{"loc":{"start":{"line":250,"column":23},"end":{"line":250,"column":null}},"type":"cond-expr","locations":[{"start":{"line":250,"column":51},"end":{"line":250,"column":86}},{"start":{"line":250,"column":86},"end":{"line":250,"column":null}}],"line":250},"30":{"loc":{"start":{"line":265,"column":1},"end":{"line":267,"column":null}},"type":"if","locations":[{"start":{"line":265,"column":1},"end":{"line":267,"column":null}},{"start":{},"end":{}}],"line":265},"31":{"loc":{"start":{"line":269,"column":1},"end":{"line":271,"column":null}},"type":"if","locations":[{"start":{"line":269,"column":1},"end":{"line":271,"column":null}},{"start":{},"end":{}}],"line":269},"32":{"loc":{"start":{"line":274,"column":1},"end":{"line":274,"column":null}},"type":"if","locations":[{"start":{"line":274,"column":1},"end":{"line":274,"column":null}},{"start":{},"end":{}}],"line":274},"33":{"loc":{"start":{"line":275,"column":1},"end":{"line":275,"column":null}},"type":"if","locations":[{"start":{"line":275,"column":1},"end":{"line":275,"column":null}},{"start":{},"end":{}}],"line":275},"34":{"loc":{"start":{"line":276,"column":1},"end":{"line":276,"column":null}},"type":"if","locations":[{"start":{"line":276,"column":1},"end":{"line":276,"column":null}},{"start":{},"end":{}}],"line":276},"35":{"loc":{"start":{"line":277,"column":1},"end":{"line":277,"column":null}},"type":"if","locations":[{"start":{"line":277,"column":1},"end":{"line":277,"column":null}},{"start":{},"end":{}}],"line":277},"36":{"loc":{"start":{"line":278,"column":1},"end":{"line":278,"column":null}},"type":"if","locations":[{"start":{"line":278,"column":1},"end":{"line":278,"column":null}},{"start":{},"end":{}}],"line":278},"37":{"loc":{"start":{"line":279,"column":1},"end":{"line":279,"column":null}},"type":"if","locations":[{"start":{"line":279,"column":1},"end":{"line":279,"column":null}},{"start":{},"end":{}}],"line":279},"38":{"loc":{"start":{"line":280,"column":1},"end":{"line":280,"column":null}},"type":"if","locations":[{"start":{"line":280,"column":1},"end":{"line":280,"column":null}},{"start":{},"end":{}}],"line":280},"39":{"loc":{"start":{"line":281,"column":1},"end":{"line":281,"column":null}},"type":"if","locations":[{"start":{"line":281,"column":1},"end":{"line":281,"column":null}},{"start":{},"end":{}}],"line":281},"40":{"loc":{"start":{"line":282,"column":1},"end":{"line":282,"column":null}},"type":"if","locations":[{"start":{"line":282,"column":1},"end":{"line":282,"column":null}},{"start":{},"end":{}}],"line":282},"41":{"loc":{"start":{"line":283,"column":1},"end":{"line":283,"column":null}},"type":"if","locations":[{"start":{"line":283,"column":1},"end":{"line":283,"column":null}},{"start":{},"end":{}}],"line":283},"42":{"loc":{"start":{"line":284,"column":1},"end":{"line":284,"column":null}},"type":"if","locations":[{"start":{"line":284,"column":1},"end":{"line":284,"column":null}},{"start":{},"end":{}}],"line":284},"43":{"loc":{"start":{"line":285,"column":1},"end":{"line":285,"column":null}},"type":"if","locations":[{"start":{"line":285,"column":1},"end":{"line":285,"column":null}},{"start":{},"end":{}}],"line":285},"44":{"loc":{"start":{"line":286,"column":1},"end":{"line":286,"column":null}},"type":"if","locations":[{"start":{"line":286,"column":1},"end":{"line":286,"column":null}},{"start":{},"end":{}}],"line":286},"45":{"loc":{"start":{"line":287,"column":1},"end":{"line":287,"column":null}},"type":"if","locations":[{"start":{"line":287,"column":1},"end":{"line":287,"column":null}},{"start":{},"end":{}}],"line":287},"46":{"loc":{"start":{"line":288,"column":1},"end":{"line":290,"column":null}},"type":"if","locations":[{"start":{"line":288,"column":1},"end":{"line":290,"column":null}},{"start":{},"end":{}}],"line":288},"47":{"loc":{"start":{"line":289,"column":28},"end":{"line":289,"column":null}},"type":"cond-expr","locations":[{"start":{"line":289,"column":55},"end":{"line":289,"column":92}},{"start":{"line":289,"column":92},"end":{"line":289,"column":null}}],"line":289},"48":{"loc":{"start":{"line":291,"column":1},"end":{"line":293,"column":null}},"type":"if","locations":[{"start":{"line":291,"column":1},"end":{"line":293,"column":null}},{"start":{},"end":{}}],"line":291},"49":{"loc":{"start":{"line":292,"column":26},"end":{"line":292,"column":null}},"type":"cond-expr","locations":[{"start":{"line":292,"column":51},"end":{"line":292,"column":86}},{"start":{"line":292,"column":86},"end":{"line":292,"column":null}}],"line":292},"50":{"loc":{"start":{"line":294,"column":1},"end":{"line":296,"column":null}},"type":"if","locations":[{"start":{"line":294,"column":1},"end":{"line":296,"column":null}},{"start":{},"end":{}}],"line":294},"51":{"loc":{"start":{"line":319,"column":1},"end":{"line":321,"column":null}},"type":"if","locations":[{"start":{"line":319,"column":1},"end":{"line":321,"column":null}},{"start":{},"end":{}}],"line":319},"52":{"loc":{"start":{"line":323,"column":1},"end":{"line":325,"column":null}},"type":"if","locations":[{"start":{"line":323,"column":1},"end":{"line":325,"column":null}},{"start":{},"end":{}}],"line":323},"53":{"loc":{"start":{"line":327,"column":1},"end":{"line":329,"column":null}},"type":"if","locations":[{"start":{"line":327,"column":1},"end":{"line":329,"column":null}},{"start":{},"end":{}}],"line":327}},"s":{"0":2,"1":2,"2":1,"3":2,"4":0,"5":0,"6":0,"7":0,"8":0,"9":2,"10":0,"11":2,"12":1,"13":2,"14":0,"15":0,"16":0,"17":0,"18":2,"19":2,"20":0,"21":0,"22":0,"23":0,"24":0,"25":0,"26":0,"27":0,"28":2,"29":1,"30":1,"31":0,"32":0,"33":0,"34":0,"35":0,"36":0,"37":0,"38":0,"39":0,"40":0,"41":0,"42":0,"43":1,"44":1,"45":2,"46":2,"47":0,"48":2,"49":1,"50":1,"51":1,"52":1,"53":1,"54":0,"55":1,"56":0,"57":1,"58":0,"59":1,"60":0,"61":1,"62":0,"63":1,"64":0,"65":1,"66":1,"67":1,"68":0,"69":1,"70":0,"71":1,"72":0,"73":1,"74":0,"75":1,"76":0,"77":1,"78":0,"79":1,"80":0,"81":1,"82":0,"83":1,"84":0,"85":1,"86":2,"87":2,"88":0,"89":2,"90":0,"91":2,"92":1,"93":1,"94":1},"f":{"0":2,"1":0,"2":0,"3":1,"4":0,"5":1,"6":2,"7":2},"b":{"0":[2],"1":[1,1],"2":[0,2],"3":[2,2],"4":[0,0],"5":[0,0],"6":[0,2],"7":[1,1],"8":[0,2],"9":[2,0],"10":[0,0],"11":[0,0,0],"12":[0,2],"13":[2,0],"14":[0,0],"15":[0,0],"16":[0,0],"17":[0,0],"18":[0,0],"19":[0,0],"20":[0,0],"21":[0,0],"22":[0,0],"23":[1,1],"24":[0,1],"25":[1,0],"26":[0,1],"27":[0,1],"28":[0,1],"29":[0,1],"30":[0,2],"31":[1,1],"32":[1,0],"33":[0,1],"34":[0,1],"35":[0,1],"36":[0,1],"37":[0,1],"38":[0,1],"39":[1,0],"40":[0,1],"41":[0,1],"42":[0,1],"43":[0,1],"44":[0,1],"45":[0,1],"46":[0,1],"47":[0,0],"48":[0,1],"49":[0,0],"50":[0,1],"51":[0,2],"52":[0,2],"53":[1,1]},"meta":{"lastBranch":54,"lastFunction":8,"lastStatement":95,"seen":{"f:63:22:63:34":0,"b:63:64:63:68":0,"s:64:20:64:Infinity":0,"b:66:1:68:Infinity:undefined:undefined:undefined:undefined":1,"s:66:1:68:Infinity":1,"s:67:2:67:Infinity":2,"b:70:1:74:Infinity:undefined:undefined:undefined:undefined":2,"s:70:1:74:Infinity":3,"b:70:5:70:39:70:39:70:71":3,"s:71:2:71:Infinity":4,"b:72:2:72:Infinity:undefined:undefined:undefined:undefined":4,"s:72:2:72:Infinity":5,"s:72:38:72:Infinity":6,"b:73:2:73:Infinity:undefined:undefined:undefined:undefined":5,"s:73:2:73:Infinity":7,"s:73:38:73:Infinity":8,"b:76:1:78:Infinity:undefined:undefined:undefined:undefined":6,"s:76:1:78:Infinity":9,"s:77:2:77:Infinity":10,"b:80:1:82:Infinity:undefined:undefined:undefined:undefined":7,"s:80:1:82:Infinity":11,"s:81:2:81:Infinity":12,"b:85:1:115:Infinity:undefined:undefined:undefined:undefined":8,"s:85:1:115:Infinity":13,"b:85:5:85:26:85:26:85:43":9,"s:86:19:86:Infinity":14,"s:87:17:87:Infinity":15,"b:89:2:114:Infinity:undefined:undefined:undefined:undefined":10,"s:89:2:114:Infinity":16,"b:89:6:89:36:89:36:89:64:89:64:89:83":11,"s:90:3:113:Infinity":17,"s:117:16:130:Infinity":18,"b:133:1:146:Infinity:undefined:undefined:undefined:undefined":12,"s:133:1:146:Infinity":19,"b:133:5:133:26:133:26:133:43":13,"s:134:22:134:Infinity":20,"s:135:20:135:Infinity":21,"s:137:2:145:Infinity":22,"f:137:22:137:30":1,"s:138:19:138:Infinity":23,"b:138:19:138:84:138:84:138:Infinity":14,"b:139:3:139:Infinity:undefined:undefined:undefined:undefined":15,"s:139:3:139:Infinity":24,"s:139:28:139:Infinity":25,"s:142:3:144:Infinity":26,"f:142:17:142:Infinity":2,"s:143:11:143:Infinity":27,"b:143:11:143:41:143:41:143:Infinity":16,"s:148:1:148:Infinity":28,"f:154:22:154:37":3,"s:155:17:169:Infinity":29,"s:171:1:171:Infinity":30,"f:177:22:177:46":4,"s:178:17:186:Infinity":31,"b:188:1:188:Infinity:undefined:undefined:undefined:undefined":17,"s:188:1:188:Infinity":32,"s:188:15:188:Infinity":33,"s:190:18:196:Infinity":34,"s:198:87:198:Infinity":35,"s:200:1:206:Infinity":36,"s:201:2:205:Infinity":37,"b:208:1:217:Infinity:undefined:undefined:undefined:undefined":18,"s:208:1:217:Infinity":38,"s:209:21:209:Infinity":39,"s:210:2:216:Infinity":40,"s:211:3:215:Infinity":41,"b:214:12:214:27:214:27:214:Infinity":19,"s:219:1:224:Infinity":42,"b:220:51:220:108:220:108:220:Infinity":20,"b:221:47:221:102:221:102:221:Infinity":21,"b:222:23:222:88:222:88:222:Infinity":22,"f:230:22:230:36":5,"s:231:17:252:Infinity":43,"b:242:20:242:45:242:45:242:Infinity":23,"b:246:62:246:80:246:80:246:Infinity":24,"b:246:14:246:33:246:33:246:62":25,"b:246:97:246:123:246:123:246:Infinity":26,"b:248:50:248:87:248:87:248:Infinity":27,"b:249:46:249:81:249:81:249:Infinity":28,"b:250:51:250:86:250:86:250:Infinity":29,"s:254:1:254:Infinity":44,"f:260:22:260:36":6,"s:261:17:263:Infinity":45,"b:265:1:267:Infinity:undefined:undefined:undefined:undefined":30,"s:265:1:267:Infinity":46,"s:266:2:266:Infinity":47,"b:269:1:271:Infinity:undefined:undefined:undefined:undefined":31,"s:269:1:271:Infinity":48,"s:270:2:270:Infinity":49,"s:273:19:273:Infinity":50,"b:274:1:274:Infinity:undefined:undefined:undefined:undefined":32,"s:274:1:274:Infinity":51,"s:274:32:274:Infinity":52,"b:275:1:275:Infinity:undefined:undefined:undefined:undefined":33,"s:275:1:275:Infinity":53,"s:275:38:275:Infinity":54,"b:276:1:276:Infinity:undefined:undefined:undefined:undefined":34,"s:276:1:276:Infinity":55,"s:276:34:276:Infinity":56,"b:277:1:277:Infinity:undefined:undefined:undefined:undefined":35,"s:277:1:277:Infinity":57,"s:277:31:277:Infinity":58,"b:278:1:278:Infinity:undefined:undefined:undefined:undefined":36,"s:278:1:278:Infinity":59,"s:278:34:278:Infinity":60,"b:279:1:279:Infinity:undefined:undefined:undefined:undefined":37,"s:279:1:279:Infinity":61,"s:279:35:279:Infinity":62,"b:280:1:280:Infinity:undefined:undefined:undefined:undefined":38,"s:280:1:280:Infinity":63,"s:280:36:280:Infinity":64,"b:281:1:281:Infinity:undefined:undefined:undefined:undefined":39,"s:281:1:281:Infinity":65,"s:281:40:281:Infinity":66,"b:282:1:282:Infinity:undefined:undefined:undefined:undefined":40,"s:282:1:282:Infinity":67,"s:282:42:282:Infinity":68,"b:283:1:283:Infinity:undefined:undefined:undefined:undefined":41,"s:283:1:283:Infinity":69,"s:283:38:283:Infinity":70,"b:284:1:284:Infinity:undefined:undefined:undefined:undefined":42,"s:284:1:284:Infinity":71,"s:284:43:284:Infinity":72,"b:285:1:285:Infinity:undefined:undefined:undefined:undefined":43,"s:285:1:285:Infinity":73,"s:285:35:285:Infinity":74,"b:286:1:286:Infinity:undefined:undefined:undefined:undefined":44,"s:286:1:286:Infinity":75,"s:286:36:286:Infinity":76,"b:287:1:287:Infinity:undefined:undefined:undefined:undefined":45,"s:287:1:287:Infinity":77,"s:287:38:287:Infinity":78,"b:288:1:290:Infinity:undefined:undefined:undefined:undefined":46,"s:288:1:290:Infinity":79,"s:289:2:289:Infinity":80,"b:289:55:289:92:289:92:289:Infinity":47,"b:291:1:293:Infinity:undefined:undefined:undefined:undefined":48,"s:291:1:293:Infinity":81,"s:292:2:292:Infinity":82,"b:292:51:292:86:292:86:292:Infinity":49,"b:294:1:296:Infinity:undefined:undefined:undefined:undefined":50,"s:294:1:296:Infinity":83,"s:295:2:295:Infinity":84,"s:298:1:301:Infinity":85,"f:307:22:307:36":7,"s:308:17:317:Infinity":86,"b:319:1:321:Infinity:undefined:undefined:undefined:undefined":51,"s:319:1:321:Infinity":87,"s:320:2:320:Infinity":88,"b:323:1:325:Infinity:undefined:undefined:undefined:undefined":52,"s:323:1:325:Infinity":89,"s:324:2:324:Infinity":90,"b:327:1:329:Infinity:undefined:undefined:undefined:undefined":53,"s:327:1:329:Infinity":91,"s:328:2:328:Infinity":92,"s:331:1:333:Infinity":93,"s:335:1:335:Infinity":94},"fnNames":{}}}
,"/Users/maximefourna/Code/evenue/src/lib/server/messages.ts": {"path":"/Users/maximefourna/Code/evenue/src/lib/server/messages.ts","statementMap":{"0":{"start":{"line":11,"column":1},"end":{"line":13,"column":null}},"1":{"start":{"line":12,"column":2},"end":{"line":12,"column":null}},"2":{"start":{"line":15,"column":1},"end":{"line":17,"column":null}},"3":{"start":{"line":16,"column":2},"end":{"line":16,"column":null}},"4":{"start":{"line":20,"column":18},"end":{"line":22,"column":null}},"5":{"start":{"line":24,"column":1},"end":{"line":26,"column":null}},"6":{"start":{"line":25,"column":2},"end":{"line":25,"column":null}},"7":{"start":{"line":28,"column":1},"end":{"line":46,"column":null}},"8":{"start":{"line":29,"column":18},"end":{"line":36,"column":null}},"9":{"start":{"line":38,"column":2},"end":{"line":40,"column":null}},"10":{"start":{"line":39,"column":3},"end":{"line":39,"column":null}},"11":{"start":{"line":42,"column":23},"end":{"line":42,"column":null}},"12":{"start":{"line":43,"column":2},"end":{"line":45,"column":null}},"13":{"start":{"line":44,"column":3},"end":{"line":44,"column":null}},"14":{"start":{"line":48,"column":1},"end":{"line":63,"column":null}},"15":{"start":{"line":68,"column":18},"end":{"line":81,"column":null}},"16":{"start":{"line":84,"column":20},"end":{"line":88,"column":null}},"17":{"start":{"line":90,"column":1},"end":{"line":107,"column":null}},"18":{"start":{"line":91,"column":19},"end":{"line":91,"column":null}},"19":{"start":{"line":92,"column":18},"end":{"line":92,"column":null}},"20":{"start":{"line":93,"column":20},"end":{"line":93,"column":null}},"21":{"start":{"line":95,"column":2},"end":{"line":101,"column":null}},"22":{"start":{"line":96,"column":3},"end":{"line":100,"column":null}},"23":{"start":{"line":103,"column":2},"end":{"line":106,"column":null}},"24":{"start":{"line":104,"column":17},"end":{"line":104,"column":null}},"25":{"start":{"line":105,"column":3},"end":{"line":105,"column":null}},"26":{"start":{"line":109,"column":1},"end":{"line":109,"column":null}},"27":{"start":{"line":113,"column":31},"end":{"line":118,"column":null}},"28":{"start":{"line":121,"column":1},"end":{"line":124,"column":null}},"29":{"start":{"line":126,"column":26},"end":{"line":131,"column":null}},"30":{"start":{"line":133,"column":1},"end":{"line":135,"column":null}},"31":{"start":{"line":134,"column":2},"end":{"line":134,"column":null}},"32":{"start":{"line":137,"column":1},"end":{"line":148,"column":null}},"33":{"start":{"line":152,"column":1},"end":{"line":157,"column":null}}},"fnMap":{"0":{"name":"sendMessage","decl":{"start":{"line":10,"column":22},"end":{"line":10,"column":34}},"loc":{"start":{"line":10,"column":59},"end":{"line":64,"column":null}},"line":10},"1":{"name":"getConversations","decl":{"start":{"line":66,"column":22},"end":{"line":66,"column":39}},"loc":{"start":{"line":66,"column":55},"end":{"line":110,"column":null}},"line":66},"2":{"name":"getConversationMessages","decl":{"start":{"line":112,"column":22},"end":{"line":112,"column":46}},"loc":{"start":{"line":112,"column":103},"end":{"line":149,"column":null}},"line":112},"3":{"name":"getUnreadCount","decl":{"start":{"line":151,"column":22},"end":{"line":151,"column":37}},"loc":{"start":{"line":151,"column":70},"end":{"line":158,"column":null}},"line":151}},"branchMap":{"0":{"loc":{"start":{"line":11,"column":1},"end":{"line":13,"column":null}},"type":"if","locations":[{"start":{"line":11,"column":1},"end":{"line":13,"column":null}},{"start":{},"end":{}}],"line":11},"1":{"loc":{"start":{"line":11,"column":5},"end":{"line":11,"column":58}},"type":"binary-expr","locations":[{"start":{"line":11,"column":5},"end":{"line":11,"column":23}},{"start":{"line":11,"column":23},"end":{"line":11,"column":58}}],"line":11},"2":{"loc":{"start":{"line":15,"column":1},"end":{"line":17,"column":null}},"type":"if","locations":[{"start":{"line":15,"column":1},"end":{"line":17,"column":null}},{"start":{},"end":{}}],"line":15},"3":{"loc":{"start":{"line":24,"column":1},"end":{"line":26,"column":null}},"type":"if","locations":[{"start":{"line":24,"column":1},"end":{"line":26,"column":null}},{"start":{},"end":{}}],"line":24},"4":{"loc":{"start":{"line":28,"column":1},"end":{"line":46,"column":null}},"type":"if","locations":[{"start":{"line":28,"column":1},"end":{"line":46,"column":null}},{"start":{},"end":{}}],"line":28},"5":{"loc":{"start":{"line":38,"column":2},"end":{"line":40,"column":null}},"type":"if","locations":[{"start":{"line":38,"column":2},"end":{"line":40,"column":null}},{"start":{},"end":{}}],"line":38},"6":{"loc":{"start":{"line":43,"column":2},"end":{"line":45,"column":null}},"type":"if","locations":[{"start":{"line":43,"column":2},"end":{"line":45,"column":null}},{"start":{},"end":{}}],"line":43},"7":{"loc":{"start":{"line":43,"column":6},"end":{"line":43,"column":90}},"type":"binary-expr","locations":[{"start":{"line":43,"column":6},"end":{"line":43,"column":48}},{"start":{"line":43,"column":48},"end":{"line":43,"column":90}}],"line":43},"8":{"loc":{"start":{"line":53,"column":14},"end":{"line":53,"column":null}},"type":"binary-expr","locations":[{"start":{"line":53,"column":14},"end":{"line":53,"column":33}},{"start":{"line":53,"column":33},"end":{"line":53,"column":null}}],"line":53},"9":{"loc":{"start":{"line":92,"column":18},"end":{"line":92,"column":null}},"type":"cond-expr","locations":[{"start":{"line":92,"column":29},"end":{"line":92,"column":44}},{"start":{"line":92,"column":44},"end":{"line":92,"column":null}}],"line":92},"10":{"loc":{"start":{"line":95,"column":2},"end":{"line":101,"column":null}},"type":"if","locations":[{"start":{"line":95,"column":2},"end":{"line":101,"column":null}},{"start":{},"end":{}}],"line":95},"11":{"loc":{"start":{"line":103,"column":2},"end":{"line":106,"column":null}},"type":"if","locations":[{"start":{"line":103,"column":2},"end":{"line":106,"column":null}},{"start":{},"end":{}}],"line":103},"12":{"loc":{"start":{"line":103,"column":6},"end":{"line":103,"column":30}},"type":"binary-expr","locations":[{"start":{"line":103,"column":6},"end":{"line":103,"column":19}},{"start":{"line":103,"column":19},"end":{"line":103,"column":30}}],"line":103},"13":{"loc":{"start":{"line":117,"column":6},"end":{"line":117,"column":null}},"type":"cond-expr","locations":[{"start":{"line":117,"column":18},"end":{"line":117,"column":34}},{"start":{"line":117,"column":34},"end":{"line":117,"column":null}}],"line":117},"14":{"loc":{"start":{"line":133,"column":1},"end":{"line":135,"column":null}},"type":"if","locations":[{"start":{"line":133,"column":1},"end":{"line":135,"column":null}},{"start":{},"end":{}}],"line":133}},"s":{"0":4,"1":1,"2":3,"3":1,"4":2,"5":2,"6":0,"7":2,"8":1,"9":1,"10":0,"11":1,"12":1,"13":1,"14":1,"15":1,"16":1,"17":1,"18":1,"19":1,"20":1,"21":1,"22":1,"23":1,"24":1,"25":1,"26":1,"27":0,"28":0,"29":0,"30":0,"31":0,"32":0,"33":1},"f":{"0":4,"1":1,"2":0,"3":1},"b":{"0":[1,3],"1":[4,4],"2":[1,2],"3":[0,2],"4":[1,1],"5":[0,1],"6":[1,0],"7":[1,1],"8":[1,1],"9":[0,1],"10":[1,0],"11":[1,0],"12":[1,1],"13":[0,0],"14":[0,0]},"meta":{"lastBranch":15,"lastFunction":4,"lastStatement":34,"seen":{"f:10:22:10:34":0,"b:11:1:13:Infinity:undefined:undefined:undefined:undefined":0,"s:11:1:13:Infinity":0,"b:11:5:11:23:11:23:11:58":1,"s:12:2:12:Infinity":1,"b:15:1:17:Infinity:undefined:undefined:undefined:undefined":2,"s:15:1:17:Infinity":2,"s:16:2:16:Infinity":3,"s:20:18:22:Infinity":4,"b:24:1:26:Infinity:undefined:undefined:undefined:undefined":3,"s:24:1:26:Infinity":5,"s:25:2:25:Infinity":6,"b:28:1:46:Infinity:undefined:undefined:undefined:undefined":4,"s:28:1:46:Infinity":7,"s:29:18:36:Infinity":8,"b:38:2:40:Infinity:undefined:undefined:undefined:undefined":5,"s:38:2:40:Infinity":9,"s:39:3:39:Infinity":10,"s:42:23:42:Infinity":11,"b:43:2:45:Infinity:undefined:undefined:undefined:undefined":6,"s:43:2:45:Infinity":12,"b:43:6:43:48:43:48:43:90":7,"s:44:3:44:Infinity":13,"s:48:1:63:Infinity":14,"b:53:14:53:33:53:33:53:Infinity":8,"f:66:22:66:39":1,"s:68:18:81:Infinity":15,"s:84:20:88:Infinity":16,"s:90:1:107:Infinity":17,"s:91:19:91:Infinity":18,"s:92:18:92:Infinity":19,"b:92:29:92:44:92:44:92:Infinity":9,"s:93:20:93:Infinity":20,"b:95:2:101:Infinity:undefined:undefined:undefined:undefined":10,"s:95:2:101:Infinity":21,"s:96:3:100:Infinity":22,"b:103:2:106:Infinity:undefined:undefined:undefined:undefined":11,"s:103:2:106:Infinity":23,"b:103:6:103:19:103:19:103:30":12,"s:104:17:104:Infinity":24,"s:105:3:105:Infinity":25,"s:109:1:109:Infinity":26,"f:112:22:112:46":2,"s:113:31:118:Infinity":27,"b:117:18:117:34:117:34:117:Infinity":13,"s:121:1:124:Infinity":28,"s:126:26:131:Infinity":29,"b:133:1:135:Infinity:undefined:undefined:undefined:undefined":14,"s:133:1:135:Infinity":30,"s:134:2:134:Infinity":31,"s:137:1:148:Infinity":32,"f:151:22:151:37":3,"s:152:1:157:Infinity":33},"fnNames":{}}}
,"/Users/maximefourna/Code/evenue/src/lib/server/stripe.ts": {"path":"/Users/maximefourna/Code/evenue/src/lib/server/stripe.ts","statementMap":{"0":{"start":{"line":4,"column":24},"end":{"line":4,"column":null}},"1":{"start":{"line":6,"column":22},"end":{"line":8,"column":null}},"2":{"start":{"line":14,"column":14},"end":{"line":14,"column":null}},"3":{"start":{"line":15,"column":1},"end":{"line":17,"column":null}},"4":{"start":{"line":16,"column":2},"end":{"line":16,"column":null}},"5":{"start":{"line":19,"column":1},"end":{"line":47,"column":null}},"6":{"start":{"line":20,"column":18},"end":{"line":32,"column":null}},"7":{"start":{"line":34,"column":2},"end":{"line":37,"column":null}},"8":{"start":{"line":39,"column":2},"end":{"line":39,"column":null}},"9":{"start":{"line":41,"column":17},"end":{"line":41,"column":null}},"10":{"start":{"line":42,"column":2},"end":{"line":45,"column":null}},"11":{"start":{"line":46,"column":2},"end":{"line":46,"column":null}},"12":{"start":{"line":58,"column":1},"end":{"line":68,"column":null}},"13":{"start":{"line":59,"column":22},"end":{"line":64,"column":null}},"14":{"start":{"line":65,"column":2},"end":{"line":65,"column":null}},"15":{"start":{"line":67,"column":2},"end":{"line":67,"column":null}},"16":{"start":{"line":79,"column":1},"end":{"line":101,"column":null}},"17":{"start":{"line":80,"column":24},"end":{"line":89,"column":null}},"18":{"start":{"line":91,"column":2},"end":{"line":94,"column":null}},"19":{"start":{"line":96,"column":17},"end":{"line":96,"column":null}},"20":{"start":{"line":97,"column":2},"end":{"line":100,"column":null}}},"fnMap":{"0":{"name":"createHostStripeAccount","decl":{"start":{"line":13,"column":22},"end":{"line":13,"column":46}},"loc":{"start":{"line":13,"column":94},"end":{"line":48,"column":null}},"line":13},"1":{"name":"createStripeOnboardingLink","decl":{"start":{"line":53,"column":22},"end":{"line":53,"column":null}},"loc":{"start":{"line":57,"column":19},"end":{"line":69,"column":null}},"line":57},"2":{"name":"createBookingPaymentIntent","decl":{"start":{"line":74,"column":22},"end":{"line":74,"column":null}},"loc":{"start":{"line":78,"column":2},"end":{"line":102,"column":null}},"line":78}},"branchMap":{"0":{"loc":{"start":{"line":4,"column":24},"end":{"line":4,"column":null}},"type":"binary-expr","locations":[{"start":{"line":4,"column":24},"end":{"line":4,"column":57}},{"start":{"line":4,"column":57},"end":{"line":4,"column":null}}],"line":4},"1":{"loc":{"start":{"line":15,"column":1},"end":{"line":17,"column":null}},"type":"if","locations":[{"start":{"line":15,"column":1},"end":{"line":17,"column":null}},{"start":{},"end":{}}],"line":15},"2":{"loc":{"start":{"line":85,"column":18},"end":{"line":85,"column":null}},"type":"cond-expr","locations":[{"start":{"line":85,"column":36},"end":{"line":85,"column":71}},{"start":{"line":85,"column":71},"end":{"line":85,"column":null}}],"line":85}},"s":{"0":1,"1":1,"2":2,"3":2,"4":1,"5":1,"6":1,"7":0,"8":0,"9":1,"10":1,"11":1,"12":1,"13":1,"14":0,"15":1,"16":1,"17":1,"18":0,"19":1,"20":1},"f":{"0":2,"1":1,"2":1},"b":{"0":[1,1],"1":[1,1],"2":[1,0]},"meta":{"lastBranch":3,"lastFunction":3,"lastStatement":21,"seen":{"s:4:24:4:Infinity":0,"b:4:24:4:57:4:57:4:Infinity":0,"s:6:22:8:Infinity":1,"f:13:22:13:46":0,"s:14:14:14:Infinity":2,"b:15:1:17:Infinity:undefined:undefined:undefined:undefined":1,"s:15:1:17:Infinity":3,"s:16:2:16:Infinity":4,"s:19:1:47:Infinity":5,"s:20:18:32:Infinity":6,"s:34:2:37:Infinity":7,"s:39:2:39:Infinity":8,"s:41:17:41:Infinity":9,"s:42:2:45:Infinity":10,"s:46:2:46:Infinity":11,"f:53:22:53:Infinity":1,"s:58:1:68:Infinity":12,"s:59:22:64:Infinity":13,"s:65:2:65:Infinity":14,"s:67:2:67:Infinity":15,"f:74:22:74:Infinity":2,"s:79:1:101:Infinity":16,"s:80:24:89:Infinity":17,"b:85:36:85:71:85:71:85:Infinity":2,"s:91:2:94:Infinity":18,"s:96:17:96:Infinity":19,"s:97:2:100:Infinity":20},"fnNames":{}}}
,"/Users/maximefourna/Code/evenue/src/lib/server/wakam.ts": {"path":"/Users/maximefourna/Code/evenue/src/lib/server/wakam.ts","statementMap":{"0":{"start":{"line":10,"column":28},"end":{"line":19,"column":null}},"1":{"start":{"line":13,"column":18},"end":{"line":18,"column":null}},"2":{"start":{"line":27,"column":1},"end":{"line":36,"column":null}},"3":{"start":{"line":28,"column":23},"end":{"line":28,"column":null}},"4":{"start":{"line":30,"column":2},"end":{"line":35,"column":null}}},"fnMap":{"0":{"name":"(anonymous_0)","decl":{"start":{"line":13,"column":1},"end":{"line":13,"column":18}},"loc":{"start":{"line":13,"column":18},"end":{"line":18,"column":null}},"line":13},"1":{"name":"issueWakamInsurancePolicy","decl":{"start":{"line":21,"column":22},"end":{"line":21,"column":null}},"loc":{"start":{"line":26,"column":34},"end":{"line":37,"column":null}},"line":26},"2":{"name":"(anonymous_2)","decl":{"start":{"line":27,"column":42},"end":{"line":27,"column":54}},"loc":{"start":{"line":27,"column":54},"end":{"line":36,"column":2}},"line":27}},"branchMap":{},"s":{"0":1,"1":0,"2":1,"3":1,"4":1},"f":{"0":0,"1":1,"2":1},"b":{},"meta":{"lastBranch":0,"lastFunction":3,"lastStatement":5,"seen":{"s:10:28:19:Infinity":0,"f:13:1:13:18":0,"s:13:18:18:Infinity":1,"f:21:22:21:Infinity":1,"s:27:1:36:Infinity":2,"f:27:42:27:54":2,"s:28:23:28:Infinity":3,"s:30:2:35:Infinity":4},"fnNames":{}}}
}
